13:16:42 **** Build of configuration Debug for project MCU2 ****
make -j12 all 
arm-none-eabi-gcc "../Drivers/STM32F4xx_HAL_Driver/Src/stm32f4xx_hal.c" -mcpu=cortex-m4 -std=gnu11 -g3 -DDEBUG -DUSE_HAL_DRIVER -DSTM32F446xx -c -I../Core/Inc -I../Drivers/STM32F4xx_HAL_Driver/Inc -I../Drivers/STM32F4xx_HAL_Driver/Inc/Legacy -I../Drivers/CMSIS/Device/ST/STM32F4xx/Include -I../Drivers/CMSIS/Include -O0 -ffunction-sections -fdata-sections -Wall -fstack-usage -fcyclomatic-complexity -MMD -MP -MF"Drivers/STM32F4xx_HAL_Driver/Src/stm32f4xx_hal.d" -MT"Drivers/STM32F4xx_HAL_Driver/Src/stm32f4xx_hal.o" --specs=nano.specs -mfpu=fpv4-sp-d16 -mfloat-abi=hard -mthumb -o "Drivers/STM32F4xx_HAL_Driver/Src/stm32f4xx_hal.o"
arm-none-eabi-gcc "../Drivers/STM32F4xx_HAL_Driver/Src/stm32f4xx_hal_adc.c" -mcpu=cortex-m4 -std=gnu11 -g3 -DDEBUG -DUSE_HAL_DRIVER -DSTM32F446xx -c -I../Core/Inc -I../Drivers/STM32F4xx_HAL_Driver/Inc -I../Drivers/STM32F4xx_HAL_Driver/Inc/Legacy -I../Drivers/CMSIS/Device/ST/STM32F4xx/Include -I../Drivers/CMSIS/Include -O0 -ffunction-sections -fdata-sections -Wall -fstack-usage -fcyclomatic-complexity -MMD -MP -MF"Drivers/STM32F4xx_HAL_Driver/Src/stm32f4xx_hal_adc.d" -MT"Drivers/STM32F4xx_HAL_Driver/Src/stm32f4xx_hal_adc.o" --specs=nano.specs -mfpu=fpv4-sp-d16 -mfloat-abi=hard -mthumb -o "Drivers/STM32F4xx_HAL_Driver/Src/stm32f4xx_hal_adc.o"
arm-none-eabi-gcc "../Drivers/STM32F4xx_HAL_Driver/Src/stm32f4xx_hal_adc_ex.c" -mcpu=cortex-m4 -std=gnu11 -g3 -DDEBUG -DUSE_HAL_DRIVER -DSTM32F446xx -c -I../Core/Inc -I../Drivers/STM32F4xx_HAL_Driver/Inc -I../Drivers/STM32F4xx_HAL_Driver/Inc/Legacy -I../Drivers/CMSIS/Device/ST/STM32F4xx/Include -I../Drivers/CMSIS/Include -O0 -ffunction-sections -fdata-sections -Wall -fstack-usage -fcyclomatic-complexity -MMD -MP -MF"Drivers/STM32F4xx_HAL_Driver/Src/stm32f4xx_hal_adc_ex.d" -MT"Drivers/STM32F4xx_HAL_Driver/Src/stm32f4xx_hal_adc_ex.o" --specs=nano.specs -mfpu=fpv4-sp-d16 -mfloat-abi=hard -mthumb -o "Drivers/STM32F4xx_HAL_Driver/Src/stm32f4xx_hal_adc_ex.o"
arm-none-eabi-gcc "../Drivers/STM32F4xx_HAL_Driver/Src/stm32f4xx_hal_cortex.c" -mcpu=cortex-m4 -std=gnu11 -g3 -DDEBUG -DUSE_HAL_DRIVER -DSTM32F446xx -c -I../Core/Inc -I../Drivers/STM32F4xx_HAL_Driver/Inc -I../Drivers/STM32F4xx_HAL_Driver/Inc/Legacy -I../Drivers/CMSIS/Device/ST/STM32F4xx/Include -I../Drivers/CMSIS/Include -O0 -ffunction-sections -fdata-sections -Wall -fstack-usage -fcyclomatic-complexity -MMD -MP -MF"Drivers/STM32F4xx_HAL_Driver/Src/stm32f4xx_hal_cortex.d" -MT"Drivers/STM32F4xx_HAL_Driver/Src/stm32f4xx_hal_cortex.o" --specs=nano.specs -mfpu=fpv4-sp-d16 -mfloat-abi=hard -mthumb -o "Drivers/STM32F4xx_HAL_Driver/Src/stm32f4xx_hal_cortex.o"
arm-none-eabi-gcc "../Drivers/STM32F4xx_HAL_Driver/Src/stm32f4xx_hal_dma.c" -mcpu=cortex-m4 -std=gnu11 -g3 -DDEBUG -DUSE_HAL_DRIVER -DSTM32F446xx -c -I../Core/Inc -I../Drivers/STM32F4xx_HAL_Driver/Inc -I../Drivers/STM32F4xx_HAL_Driver/Inc/Legacy -I../Drivers/CMSIS/Device/ST/STM32F4xx/Include -I../Drivers/CMSIS/Include -O0 -ffunction-sections -fdata-sections -Wall -fstack-usage -fcyclomatic-complexity -MMD -MP -MF"Drivers/STM32F4xx_HAL_Driver/Src/stm32f4xx_hal_dma.d" -MT"Drivers/STM32F4xx_HAL_Driver/Src/stm32f4xx_hal_dma.o" --specs=nano.specs -mfpu=fpv4-sp-d16 -mfloat-abi=hard -mthumb -o "Drivers/STM32F4xx_HAL_Driver/Src/stm32f4xx_hal_dma.o"
arm-none-eabi-gcc "../Drivers/STM32F4xx_HAL_Driver/Src/stm32f4xx_hal_dma_ex.c" -mcpu=cortex-m4 -std=gnu11 -g3 -DDEBUG -DUSE_HAL_DRIVER -DSTM32F446xx -c -I../Core/Inc -I../Drivers/STM32F4xx_HAL_Driver/Inc -I../Drivers/STM32F4xx_HAL_Driver/Inc/Legacy -I../Drivers/CMSIS/Device/ST/STM32F4xx/Include -I../Drivers/CMSIS/Include -O0 -ffunction-sections -fdata-sections -Wall -fstack-usage -fcyclomatic-complexity -MMD -MP -MF"Drivers/STM32F4xx_HAL_Driver/Src/stm32f4xx_hal_dma_ex.d" -MT"Drivers/STM32F4xx_HAL_Driver/Src/stm32f4xx_hal_dma_ex.o" --specs=nano.specs -mfpu=fpv4-sp-d16 -mfloat-abi=hard -mthumb -o "Drivers/STM32F4xx_HAL_Driver/Src/stm32f4xx_hal_dma_ex.o"
arm-none-eabi-gcc "../Drivers/STM32F4xx_HAL_Driver/Src/stm32f4xx_hal_exti.c" -mcpu=cortex-m4 -std=gnu11 -g3 -DDEBUG -DUSE_HAL_DRIVER -DSTM32F446xx -c -I../Core/Inc -I../Drivers/STM32F4xx_HAL_Driver/Inc -I../Drivers/STM32F4xx_HAL_Driver/Inc/Legacy -I../Drivers/CMSIS/Device/ST/STM32F4xx/Include -I../Drivers/CMSIS/Include -O0 -ffunction-sections -fdata-sections -Wall -fstack-usage -fcyclomatic-complexity -MMD -MP -MF"Drivers/STM32F4xx_HAL_Driver/Src/stm32f4xx_hal_exti.d" -MT"Drivers/STM32F4xx_HAL_Driver/Src/stm32f4xx_hal_exti.o" --specs=nano.specs -mfpu=fpv4-sp-d16 -mfloat-abi=hard -mthumb -o "Drivers/STM32F4xx_HAL_Driver/Src/stm32f4xx_hal_exti.o"
arm-none-eabi-gcc "../Drivers/STM32F4xx_HAL_Driver/Src/stm32f4xx_hal_flash.c" -mcpu=cortex-m4 -std=gnu11 -g3 -DDEBUG -DUSE_HAL_DRIVER -DSTM32F446xx -c -I../Core/Inc -I../Drivers/STM32F4xx_HAL_Driver/Inc -I../Drivers/STM32F4xx_HAL_Driver/Inc/Legacy -I../Drivers/CMSIS/Device/ST/STM32F4xx/Include -I../Drivers/CMSIS/Include -O0 -ffunction-sections -fdata-sections -Wall -fstack-usage -fcyclomatic-complexity -MMD -MP -MF"Drivers/STM32F4xx_HAL_Driver/Src/stm32f4xx_hal_flash.d" -MT"Drivers/STM32F4xx_HAL_Driver/Src/stm32f4xx_hal_flash.o" --specs=nano.specs -mfpu=fpv4-sp-d16 -mfloat-abi=hard -mthumb -o "Drivers/STM32F4xx_HAL_Driver/Src/stm32f4xx_hal_flash.o"
arm-none-eabi-gcc "../Drivers/STM32F4xx_HAL_Driver/Src/stm32f4xx_hal_flash_ex.c" -mcpu=cortex-m4 -std=gnu11 -g3 -DDEBUG -DUSE_HAL_DRIVER -DSTM32F446xx -c -I../Core/Inc -I../Drivers/STM32F4xx_HAL_Driver/Inc -I../Drivers/STM32F4xx_HAL_Driver/Inc/Legacy -I../Drivers/CMSIS/Device/ST/STM32F4xx/Include -I../Drivers/CMSIS/Include -O0 -ffunction-sections -fdata-sections -Wall -fstack-usage -fcyclomatic-complexity -MMD -MP -MF"Drivers/STM32F4xx_HAL_Driver/Src/stm32f4xx_hal_flash_ex.d" -MT"Drivers/STM32F4xx_HAL_Driver/Src/stm32f4xx_hal_flash_ex.o" --specs=nano.specs -mfpu=fpv4-sp-d16 -mfloat-abi=hard -mthumb -o "Drivers/STM32F4xx_HAL_Driver/Src/stm32f4xx_hal_flash_ex.o"
arm-none-eabi-gcc "../Drivers/STM32F4xx_HAL_Driver/Src/stm32f4xx_hal_flash_ramfunc.c" -mcpu=cortex-m4 -std=gnu11 -g3 -DDEBUG -DUSE_HAL_DRIVER -DSTM32F446xx -c -I../Core/Inc -I../Drivers/STM32F4xx_HAL_Driver/Inc -I../Drivers/STM32F4xx_HAL_Driver/Inc/Legacy -I../Drivers/CMSIS/Device/ST/STM32F4xx/Include -I../Drivers/CMSIS/Include -O0 -ffunction-sections -fdata-sections -Wall -fstack-usage -fcyclomatic-complexity -MMD -MP -MF"Drivers/STM32F4xx_HAL_Driver/Src/stm32f4xx_hal_flash_ramfunc.d" -MT"Drivers/STM32F4xx_HAL_Driver/Src/stm32f4xx_hal_flash_ramfunc.o" --specs=nano.specs -mfpu=fpv4-sp-d16 -mfloat-abi=hard -mthumb -o "Drivers/STM32F4xx_HAL_Driver/Src/stm32f4xx_hal_flash_ramfunc.o"
arm-none-eabi-gcc "../Drivers/STM32F4xx_HAL_Driver/Src/stm32f4xx_hal_gpio.c" -mcpu=cortex-m4 -std=gnu11 -g3 -DDEBUG -DUSE_HAL_DRIVER -DSTM32F446xx -c -I../Core/Inc -I../Drivers/STM32F4xx_HAL_Driver/Inc -I../Drivers/STM32F4xx_HAL_Driver/Inc/Legacy -I../Drivers/CMSIS/Device/ST/STM32F4xx/Include -I../Drivers/CMSIS/Include -O0 -ffunction-sections -fdata-sections -Wall -fstack-usage -fcyclomatic-complexity -MMD -MP -MF"Drivers/STM32F4xx_HAL_Driver/Src/stm32f4xx_hal_gpio.d" -MT"Drivers/STM32F4xx_HAL_Driver/Src/stm32f4xx_hal_gpio.o" --specs=nano.specs -mfpu=fpv4-sp-d16 -mfloat-abi=hard -mthumb -o "Drivers/STM32F4xx_HAL_Driver/Src/stm32f4xx_hal_gpio.o"
arm-none-eabi-gcc "../Drivers/STM32F4xx_HAL_Driver/Src/stm32f4xx_hal_pwr.c" -mcpu=cortex-m4 -std=gnu11 -g3 -DDEBUG -DUSE_HAL_DRIVER -DSTM32F446xx -c -I../Core/Inc -I../Drivers/STM32F4xx_HAL_Driver/Inc -I../Drivers/STM32F4xx_HAL_Driver/Inc/Legacy -I../Drivers/CMSIS/Device/ST/STM32F4xx/Include -I../Drivers/CMSIS/Include -O0 -ffunction-sections -fdata-sections -Wall -fstack-usage -fcyclomatic-complexity -MMD -MP -MF"Drivers/STM32F4xx_HAL_Driver/Src/stm32f4xx_hal_pwr.d" -MT"Drivers/STM32F4xx_HAL_Driver/Src/stm32f4xx_hal_pwr.o" --specs=nano.specs -mfpu=fpv4-sp-d16 -mfloat-abi=hard -mthumb -o "Drivers/STM32F4xx_HAL_Driver/Src/stm32f4xx_hal_pwr.o"
arm-none-eabi-gcc "../Drivers/STM32F4xx_HAL_Driver/Src/stm32f4xx_hal_pwr_ex.c" -mcpu=cortex-m4 -std=gnu11 -g3 -DDEBUG -DUSE_HAL_DRIVER -DSTM32F446xx -c -I../Core/Inc -I../Drivers/STM32F4xx_HAL_Driver/Inc -I../Drivers/STM32F4xx_HAL_Driver/Inc/Legacy -I../Drivers/CMSIS/Device/ST/STM32F4xx/Include -I../Drivers/CMSIS/Include -O0 -ffunction-sections -fdata-sections -Wall -fstack-usage -fcyclomatic-complexity -MMD -MP -MF"Drivers/STM32F4xx_HAL_Driver/Src/stm32f4xx_hal_pwr_ex.d" -MT"Drivers/STM32F4xx_HAL_Driver/Src/stm32f4xx_hal_pwr_ex.o" --specs=nano.specs -mfpu=fpv4-sp-d16 -mfloat-abi=hard -mthumb -o "Drivers/STM32F4xx_HAL_Driver/Src/stm32f4xx_hal_pwr_ex.o"
arm-none-eabi-gcc "../Drivers/STM32F4xx_HAL_Driver/Src/stm32f4xx_hal_rcc.c" -mcpu=cortex-m4 -std=gnu11 -g3 -DDEBUG -DUSE_HAL_DRIVER -DSTM32F446xx -c -I../Core/Inc -I../Drivers/STM32F4xx_HAL_Driver/Inc -I../Drivers/STM32F4xx_HAL_Driver/Inc/Legacy -I../Drivers/CMSIS/Device/ST/STM32F4xx/Include -I../Drivers/CMSIS/Include -O0 -ffunction-sections -fdata-sections -Wall -fstack-usage -fcyclomatic-complexity -MMD -MP -MF"Drivers/STM32F4xx_HAL_Driver/Src/stm32f4xx_hal_rcc.d" -MT"Drivers/STM32F4xx_HAL_Driver/Src/stm32f4xx_hal_rcc.o" --specs=nano.specs -mfpu=fpv4-sp-d16 -mfloat-abi=hard -mthumb -o "Drivers/STM32F4xx_HAL_Driver/Src/stm32f4xx_hal_rcc.o"
arm-none-eabi-gcc "../Drivers/STM32F4xx_HAL_Driver/Src/stm32f4xx_hal_rcc_ex.c" -mcpu=cortex-m4 -std=gnu11 -g3 -DDEBUG -DUSE_HAL_DRIVER -DSTM32F446xx -c -I../Core/Inc -I../Drivers/STM32F4xx_HAL_Driver/Inc -I../Drivers/STM32F4xx_HAL_Driver/Inc/Legacy -I../Drivers/CMSIS/Device/ST/STM32F4xx/Include -I../Drivers/CMSIS/Include -O0 -ffunction-sections -fdata-sections -Wall -fstack-usage -fcyclomatic-complexity -MMD -MP -MF"Drivers/STM32F4xx_HAL_Driver/Src/stm32f4xx_hal_rcc_ex.d" -MT"Drivers/STM32F4xx_HAL_Driver/Src/stm32f4xx_hal_rcc_ex.o" --specs=nano.specs -mfpu=fpv4-sp-d16 -mfloat-abi=hard -mthumb -o "Drivers/STM32F4xx_HAL_Driver/Src/stm32f4xx_hal_rcc_ex.o"
arm-none-eabi-gcc "../Drivers/STM32F4xx_HAL_Driver/Src/stm32f4xx_hal_tim.c" -mcpu=cortex-m4 -std=gnu11 -g3 -DDEBUG -DUSE_HAL_DRIVER -DSTM32F446xx -c -I../Core/Inc -I../Drivers/STM32F4xx_HAL_Driver/Inc -I../Drivers/STM32F4xx_HAL_Driver/Inc/Legacy -I../Drivers/CMSIS/Device/ST/STM32F4xx/Include -I../Drivers/CMSIS/Include -O0 -ffunction-sections -fdata-sections -Wall -fstack-usage -fcyclomatic-complexity -MMD -MP -MF"Drivers/STM32F4xx_HAL_Driver/Src/stm32f4xx_hal_tim.d" -MT"Drivers/STM32F4xx_HAL_Driver/Src/stm32f4xx_hal_tim.o" --specs=nano.specs -mfpu=fpv4-sp-d16 -mfloat-abi=hard -mthumb -o "Drivers/STM32F4xx_HAL_Driver/Src/stm32f4xx_hal_tim.o"
arm-none-eabi-gcc "../Drivers/STM32F4xx_HAL_Driver/Src/stm32f4xx_hal_tim_ex.c" -mcpu=cortex-m4 -std=gnu11 -g3 -DDEBUG -DUSE_HAL_DRIVER -DSTM32F446xx -c -I../Core/Inc -I../Drivers/STM32F4xx_HAL_Driver/Inc -I../Drivers/STM32F4xx_HAL_Driver/Inc/Legacy -I../Drivers/CMSIS/Device/ST/STM32F4xx/Include -I../Drivers/CMSIS/Include -O0 -ffunction-sections -fdata-sections -Wall -fstack-usage -fcyclomatic-complexity -MMD -MP -MF"Drivers/STM32F4xx_HAL_Driver/Src/stm32f4xx_hal_tim_ex.d" -MT"Drivers/STM32F4xx_HAL_Driver/Src/stm32f4xx_hal_tim_ex.o" --specs=nano.specs -mfpu=fpv4-sp-d16 -mfloat-abi=hard -mthumb -o "Drivers/STM32F4xx_HAL_Driver/Src/stm32f4xx_hal_tim_ex.o"
arm-none-eabi-gcc "../Drivers/STM32F4xx_HAL_Driver/Src/stm32f4xx_hal_uart.c" -mcpu=cortex-m4 -std=gnu11 -g3 -DDEBUG -DUSE_HAL_DRIVER -DSTM32F446xx -c -I../Core/Inc -I../Drivers/STM32F4xx_HAL_Driver/Inc -I../Drivers/STM32F4xx_HAL_Driver/Inc/Legacy -I../Drivers/CMSIS/Device/ST/STM32F4xx/Include -I../Drivers/CMSIS/Include -O0 -ffunction-sections -fdata-sections -Wall -fstack-usage -fcyclomatic-complexity -MMD -MP -MF"Drivers/STM32F4xx_HAL_Driver/Src/stm32f4xx_hal_uart.d" -MT"Drivers/STM32F4xx_HAL_Driver/Src/stm32f4xx_hal_uart.o" --specs=nano.specs -mfpu=fpv4-sp-d16 -mfloat-abi=hard -mthumb -o "Drivers/STM32F4xx_HAL_Driver/Src/stm32f4xx_hal_uart.o"
arm-none-eabi-gcc "../Drivers/STM32F4xx_HAL_Driver/Src/stm32f4xx_ll_adc.c" -mcpu=cortex-m4 -std=gnu11 -g3 -DDEBUG -DUSE_HAL_DRIVER -DSTM32F446xx -c -I../Core/Inc -I../Drivers/STM32F4xx_HAL_Driver/Inc -I../Drivers/STM32F4xx_HAL_Driver/Inc/Legacy -I../Drivers/CMSIS/Device/ST/STM32F4xx/Include -I../Drivers/CMSIS/Include -O0 -ffunction-sections -fdata-sections -Wall -fstack-usage -fcyclomatic-complexity -MMD -MP -MF"Drivers/STM32F4xx_HAL_Driver/Src/stm32f4xx_ll_adc.d" -MT"Drivers/STM32F4xx_HAL_Driver/Src/stm32f4xx_ll_adc.o" --specs=nano.specs -mfpu=fpv4-sp-d16 -mfloat-abi=hard -mthumb -o "Drivers/STM32F4xx_HAL_Driver/Src/stm32f4xx_ll_adc.o"
arm-none-eabi-gcc -mcpu=cortex-m4 -g3 -DDEBUG -c -x assembler-with-cpp -MMD -MP -MF"Core/Startup/startup_stm32f446retx.d" -MT"Core/Startup/startup_stm32f446retx.o" --specs=nano.specs -mfpu=fpv4-sp-d16 -mfloat-abi=hard -mthumb -o "Core/Startup/startup_stm32f446retx.o" "../Core/Startup/startup_stm32f446retx.s"
arm-none-eabi-gcc "../Core/Src/main.c" -mcpu=cortex-m4 -std=gnu11 -g3 -DDEBUG -DUSE_HAL_DRIVER -DSTM32F446xx -c -I../Core/Inc -I../Drivers/STM32F4xx_HAL_Driver/Inc -I../Drivers/STM32F4xx_HAL_Driver/Inc/Legacy -I../Drivers/CMSIS/Device/ST/STM32F4xx/Include -I../Drivers/CMSIS/Include -O0 -ffunction-sections -fdata-sections -Wall -fstack-usage -fcyclomatic-complexity -MMD -MP -MF"Core/Src/main.d" -MT"Core/Src/main.o" --specs=nano.specs -mfpu=fpv4-sp-d16 -mfloat-abi=hard -mthumb -o "Core/Src/main.o"
arm-none-eabi-gcc "../Core/Src/stm32f4xx_hal_msp.c" -mcpu=cortex-m4 -std=gnu11 -g3 -DDEBUG -DUSE_HAL_DRIVER -DSTM32F446xx -c -I../Core/Inc -I../Drivers/STM32F4xx_HAL_Driver/Inc -I../Drivers/STM32F4xx_HAL_Driver/Inc/Legacy -I../Drivers/CMSIS/Device/ST/STM32F4xx/Include -I../Drivers/CMSIS/Include -O0 -ffunction-sections -fdata-sections -Wall -fstack-usage -fcyclomatic-complexity -MMD -MP -MF"Core/Src/stm32f4xx_hal_msp.d" -MT"Core/Src/stm32f4xx_hal_msp.o" --specs=nano.specs -mfpu=fpv4-sp-d16 -mfloat-abi=hard -mthumb -o "Core/Src/stm32f4xx_hal_msp.o"
arm-none-eabi-gcc "../Core/Src/stm32f4xx_it.c" -mcpu=cortex-m4 -std=gnu11 -g3 -DDEBUG -DUSE_HAL_DRIVER -DSTM32F446xx -c -I../Core/Inc -I../Drivers/STM32F4xx_HAL_Driver/Inc -I../Drivers/STM32F4xx_HAL_Driver/Inc/Legacy -I../Drivers/CMSIS/Device/ST/STM32F4xx/Include -I../Drivers/CMSIS/Include -O0 -ffunction-sections -fdata-sections -Wall -fstack-usage -fcyclomatic-complexity -MMD -MP -MF"Core/Src/stm32f4xx_it.d" -MT"Core/Src/stm32f4xx_it.o" --specs=nano.specs -mfpu=fpv4-sp-d16 -mfloat-abi=hard -mthumb -o "Core/Src/stm32f4xx_it.o"
arm-none-eabi-gcc "../Core/Src/syscalls.c" -mcpu=cortex-m4 -std=gnu11 -g3 -DDEBUG -DUSE_HAL_DRIVER -DSTM32F446xx -c -I../Core/Inc -I../Drivers/STM32F4xx_HAL_Driver/Inc -I../Drivers/STM32F4xx_HAL_Driver/Inc/Legacy -I../Drivers/CMSIS/Device/ST/STM32F4xx/Include -I../Drivers/CMSIS/Include -O0 -ffunction-sections -fdata-sections -Wall -fstack-usage -fcyclomatic-complexity -MMD -MP -MF"Core/Src/syscalls.d" -MT"Core/Src/syscalls.o" --specs=nano.specs -mfpu=fpv4-sp-d16 -mfloat-abi=hard -mthumb -o "Core/Src/syscalls.o"
arm-none-eabi-gcc "../Core/Src/sysmem.c" -mcpu=cortex-m4 -std=gnu11 -g3 -DDEBUG -DUSE_HAL_DRIVER -DSTM32F446xx -c -I../Core/Inc -I../Drivers/STM32F4xx_HAL_Driver/Inc -I../Drivers/STM32F4xx_HAL_Driver/Inc/Legacy -I../Drivers/CMSIS/Device/ST/STM32F4xx/Include -I../Drivers/CMSIS/Include -O0 -ffunction-sections -fdata-sections -Wall -fstack-usage -fcyclomatic-complexity -MMD -MP -MF"Core/Src/sysmem.d" -MT"Core/Src/sysmem.o" --specs=nano.specs -mfpu=fpv4-sp-d16 -mfloat-abi=hard -mthumb -o "Core/Src/sysmem.o"
../Core/Src/main.c: In function 'main':
../Core/Src/main.c:30:13: warning: unused variable 'digitalValue' [-Wunused-variable]
   30 |     uint8_t digitalValue = Read_DO();  // è¯»å–æ•°å­—å€?
      |             ^~~~~~~~~~~~
../Core/Src/main.c:29:14: warning: unused variable 'analogValue' [-Wunused-variable]
   29 |     uint16_t analogValue = Read_ADC(); // è¯»å–æ¨¡æ‹Ÿå€?
arm-none-eabi-gcc "../Core/Src/system_stm32f4xx.c" -mcpu=cortex-m4 -std=gnu11 -g3 -DDEBUG -DUSE_HAL_DRIVER -DSTM32F446xx -c -I../Core/Inc -I../Drivers/STM32F4xx_HAL_Driver/Inc -I../Drivers/STM32F4xx_HAL_Driver/Inc/Legacy -I../Drivers/CMSIS/Device/ST/STM32F4xx/Include -I../Drivers/CMSIS/Include -O0 -ffunction-sections -fdata-sections -Wall -fstack-usage -fcyclomatic-complexity -MMD -MP -MF"Core/Src/system_stm32f4xx.d" -MT"Core/Src/system_stm32f4xx.o" --specs=nano.specs -mfpu=fpv4-sp-d16 -mfloat-abi=hard -mthumb -o "Core/Src/system_stm32f4xx.o"
      |              ^~~~~~~~~~~
At top level:
../Core/Src/main.c:127:13: warning: 'MX_USART2_UART_Init' defined but not used [-Wunused-function]
  127 | static void MX_USART2_UART_Init(void)
      |             ^~~~~~~~~~~~~~~~~~~
arm-none-eabi-gcc -o "MCU2.elf" @"objects.list"   -mcpu=cortex-m4 -T"C:\Users\crayo\Desktop\Licence3S6\micro\Project_Morse_Code\MCU2\STM32F446RETX_FLASH.ld" --specs=nosys.specs -Wl,-Map="MCU2.map" -Wl,--gc-sections -static --specs=nano.specs -mfpu=fpv4-sp-d16 -mfloat-abi=hard -mthumb -Wl,--start-group -lc -lm -Wl,--end-group
C:/ST/STM32CubeIDE_1.14.1/STM32CubeIDE/plugins/com.st.stm32cube.ide.mcu.externaltools.gnu-tools-for-stm32.11.3.rel1.win32_1.1.100.202309141235/tools/bin/../lib/gcc/arm-none-eabi/11.3.1/../../../../arm-none-eabi/bin/ld.exe: ./Core/Src/main.o: in function `main':
C:/Users/crayo/Desktop/Licence3S6/micro/Project_Morse_Code/MCU2/Debug/../Core/Src/main.c:30: undefined reference to `Read_DO'
collect2.exe: error: ld returned 1 exit status
make: *** [makefile:64: MCU2.elf] Error 1
"make -j12 all" terminated with exit code 2. Build might be incomplete.
13:19:09 **** Incremental Build of configuration Debug for project MCU2 ****
make -j12 all 
arm-none-eabi-gcc "../Core/Src/main.c" -mcpu=cortex-m4 -std=gnu11 -g3 -DDEBUG -DUSE_HAL_DRIVER -DSTM32F446xx -c -I../Core/Inc -I../Drivers/STM32F4xx_HAL_Driver/Inc -I../Drivers/STM32F4xx_HAL_Driver/Inc/Legacy -I../Drivers/CMSIS/Device/ST/STM32F4xx/Include -I../Drivers/CMSIS/Include -O0 -ffunction-sections -fdata-sections -Wall -fstack-usage -fcyclomatic-complexity -MMD -MP -MF"Core/Src/main.d" -MT"Core/Src/main.o" --specs=nano.specs -mfpu=fpv4-sp-d16 -mfloat-abi=hard -mthumb -o "Core/Src/main.o"
../Core/Src/main.c: In function 'main':
../Core/Src/main.c:30:13: warning: unused variable 'digitalValue' [-Wunused-variable]
   30 |     uint8_t digitalValue = Read_DO();  // è¯»å–æ•°å­—å€?
      |             ^~~~~~~~~~~~
../Core/Src/main.c:29:14: warning: unused variable 'analogValue' [-Wunused-variable]
   29 |     uint16_t analogValue = Read_ADC(); // è¯»å–æ¨¡æ‹Ÿå€?
      |              ^~~~~~~~~~~
At top level:
../Core/Src/main.c:131:13: warning: 'MX_USART2_UART_Init' defined but not used [-Wunused-function]
  131 | static void MX_USART2_UART_Init(void)
      |             ^~~~~~~~~~~~~~~~~~~
arm-none-eabi-gcc -o "MCU2.elf" @"objects.list"   -mcpu=cortex-m4 -T"C:\Users\crayo\Desktop\Licence3S6\micro\Project_Morse_Code\MCU2\STM32F446RETX_FLASH.ld" --specs=nosys.specs -Wl,-Map="MCU2.map" -Wl,--gc-sections -static --specs=nano.specs -mfpu=fpv4-sp-d16 -mfloat-abi=hard -mthumb -Wl,--start-group -lc -lm -Wl,--end-group
Finished building target: MCU2.elf
 
arm-none-eabi-size  MCU2.elf 
arm-none-eabi-objdump -h -S MCU2.elf  > "MCU2.list"
   text	   data	    bss	    dec	    hex	filename
   9080	     20	   1644	  10744	   29f8	MCU2.elf
Finished building: default.size.stdout
 
Finished building: MCU2.list
 
13:19:14 **** Incremental Build of configuration Debug for project MCU2 ****
make -j12 all 
arm-none-eabi-size  MCU2.elf 
   text	   data	    bss	    dec	    hex	filename
   9080	     20	   1644	  10744	   29f8	MCU2.elf
Finished building: default.size.stdout
 
00:04:37 **** Incremental Build of configuration Debug for project MCU2 ****
make -j12 all 
arm-none-eabi-size  MCU2.elf 
   text	   data	    bss	    dec	    hex	filename
   9080	     20	   1644	  10744	   29f8	MCU2.elf
Finished building: default.size.stdout
 
00:06:46 **** Incremental Build of configuration Debug for project MCU2 ****
make -j12 all 
arm-none-eabi-gcc "../Core/Src/main.c" -mcpu=cortex-m4 -std=gnu11 -g3 -DDEBUG -DUSE_HAL_DRIVER -DSTM32F446xx -c -I../Core/Inc -I../Drivers/STM32F4xx_HAL_Driver/Inc -I../Drivers/STM32F4xx_HAL_Driver/Inc/Legacy -I../Drivers/CMSIS/Device/ST/STM32F4xx/Include -I../Drivers/CMSIS/Include -O0 -ffunction-sections -fdata-sections -Wall -fstack-usage -fcyclomatic-complexity -MMD -MP -MF"Core/Src/main.d" -MT"Core/Src/main.o" --specs=nano.specs -mfpu=fpv4-sp-d16 -mfloat-abi=hard -mthumb -o "Core/Src/main.o"
../Core/Src/main.c: In function 'main':
../Core/Src/main.c:35:5: warning: implicit declaration of function 'sprintf' [-Wimplicit-function-declaration]
   35 |     sprintf(msg, "Analog: %hu, Digital: %d\r\n", analogValue, digitalValue);
      |     ^~~~~~~
../Core/Src/main.c:3:1: note: include '<stdio.h>' or provide a declaration of 'sprintf'
    2 | #include "main.h"
  +++ |+#include <stdio.h>
    3 | 
../Core/Src/main.c:35:5: warning: incompatible implicit declaration of built-in function 'sprintf' [-Wbuiltin-declaration-mismatch]
   35 |     sprintf(msg, "Analog: %hu, Digital: %d\r\n", analogValue, digitalValue);
      |     ^~~~~~~
../Core/Src/main.c:35:5: note: include '<stdio.h>' or provide a declaration of 'sprintf'
../Core/Src/main.c:36:47: warning: implicit declaration of function 'strlen' [-Wimplicit-function-declaration]
   36 |     HAL_UART_Transmit(&huart2, (uint8_t*)msg, strlen(msg), HAL_MAX_DELAY);
      |                                               ^~~~~~
../Core/Src/main.c:3:1: note: include '<string.h>' or provide a declaration of 'strlen'
    2 | #include "main.h"
  +++ |+#include <string.h>
    3 | 
../Core/Src/main.c:36:47: warning: incompatible implicit declaration of built-in function 'strlen' [-Wbuiltin-declaration-mismatch]
   36 |     HAL_UART_Transmit(&huart2, (uint8_t*)msg, strlen(msg), HAL_MAX_DELAY);
      |                                               ^~~~~~
../Core/Src/main.c:36:47: note: include '<string.h>' or provide a declaration of 'strlen'
arm-none-eabi-gcc -o "MCU2.elf" @"objects.list"   -mcpu=cortex-m4 -T"C:\Users\crayo\Desktop\Licence3S6\micro\Project_Morse_Code\MCU2\STM32F446RETX_FLASH.ld" --specs=nosys.specs -Wl,-Map="MCU2.map" -Wl,--gc-sections -static --specs=nano.specs -mfpu=fpv4-sp-d16 -mfloat-abi=hard -mthumb -Wl,--start-group -lc -lm -Wl,--end-group
Finished building target: MCU2.elf
 
arm-none-eabi-size  MCU2.elf 
arm-none-eabi-objdump -h -S MCU2.elf  > "MCU2.list"
   text	   data	    bss	    dec	    hex	filename
  14276	    100	   2044	  16420	   4024	MCU2.elf
Finished building: default.size.stdout
 
Finished building: MCU2.list
 
00:07:18 **** Incremental Build of configuration Debug for project MCU2 ****
make -j12 all 
arm-none-eabi-size  MCU2.elf 
   text	   data	    bss	    dec	    hex	filename
  14276	    100	   2044	  16420	   4024	MCU2.elf
Finished building: default.size.stdout
 
00:07:36 **** Incremental Build of configuration Debug for project MCU2 ****
make -j12 all 
arm-none-eabi-size  MCU2.elf 
   text	   data	    bss	    dec	    hex	filename
  14276	    100	   2044	  16420	   4024	MCU2.elf
Finished building: default.size.stdout
 
00:07:54 **** Incremental Build of configuration Debug for project MCU2 ****
make -j12 all 
arm-none-eabi-size  MCU2.elf 
   text	   data	    bss	    dec	    hex	filename
  14276	    100	   2044	  16420	   4024	MCU2.elf
Finished building: default.size.stdout
 
00:14:28 **** Incremental Build of configuration Debug for project MCU2 ****
make -j12 all 
arm-none-eabi-size  MCU2.elf 
   text	   data	    bss	    dec	    hex	filename
  14276	    100	   2044	  16420	   4024	MCU2.elf
Finished building: default.size.stdout
 
00:15:40 **** Incremental Build of configuration Debug for project MCU2 ****
make -j12 all 
arm-none-eabi-size  MCU2.elf 
   text	   data	    bss	    dec	    hex	filename
  14276	    100	   2044	  16420	   4024	MCU2.elf
Finished building: default.size.stdout
 
00:22:57 **** Incremental Build of configuration Debug for project MCU2 ****
make -j12 all 
arm-none-eabi-gcc "../Core/Src/main.c" -mcpu=cortex-m4 -std=gnu11 -g3 -DDEBUG -DUSE_HAL_DRIVER -DSTM32F446xx -c -I../Core/Inc -I../Drivers/STM32F4xx_HAL_Driver/Inc -I../Drivers/STM32F4xx_HAL_Driver/Inc/Legacy -I../Drivers/CMSIS/Device/ST/STM32F4xx/Include -I../Drivers/CMSIS/Include -O0 -ffunction-sections -fdata-sections -Wall -fstack-usage -fcyclomatic-complexity -MMD -MP -MF"Core/Src/main.d" -MT"Core/Src/main.o" --specs=nano.specs -mfpu=fpv4-sp-d16 -mfloat-abi=hard -mthumb -o "Core/Src/main.o"
../Core/Src/main.c: In function 'main':
../Core/Src/main.c:65:5: warning: implicit declaration of function 'sprintf' [-Wimplicit-function-declaration]
   65 |     sprintf(msg, "Analog: %hu, Digital: %d\r\n", analogValue, digitalValue);
      |     ^~~~~~~
../Core/Src/main.c:3:1: note: include '<stdio.h>' or provide a declaration of 'sprintf'
    2 | #include "main.h"
  +++ |+#include <stdio.h>
    3 | 
../Core/Src/main.c:65:5: warning: incompatible implicit declaration of built-in function 'sprintf' [-Wbuiltin-declaration-mismatch]
   65 |     sprintf(msg, "Analog: %hu, Digital: %d\r\n", analogValue, digitalValue);
      |     ^~~~~~~
../Core/Src/main.c:65:5: note: include '<stdio.h>' or provide a declaration of 'sprintf'
../Core/Src/main.c:66:47: warning: implicit declaration of function 'strlen' [-Wimplicit-function-declaration]
   66 |     HAL_UART_Transmit(&huart2, (uint8_t*)msg, strlen(msg), HAL_MAX_DELAY);
      |                                               ^~~~~~
../Core/Src/main.c:3:1: note: include '<string.h>' or provide a declaration of 'strlen'
    2 | #include "main.h"
  +++ |+#include <string.h>
    3 | 
../Core/Src/main.c:66:47: warning: incompatible implicit declaration of built-in function 'strlen' [-Wbuiltin-declaration-mismatch]
   66 |     HAL_UART_Transmit(&huart2, (uint8_t*)msg, strlen(msg), HAL_MAX_DELAY);
      |                                               ^~~~~~
../Core/Src/main.c:66:47: note: include '<string.h>' or provide a declaration of 'strlen'
../Core/Src/main.c:59:17: warning: unused variable 'morseCode' [-Wunused-variable]
   59 |         uint8_t morseCode = Detect_Morse_Code(); // æ£?æµ‹æ‘©æ–¯ç 
      |                 ^~~~~~~~~
arm-none-eabi-gcc -o "MCU2.elf" @"objects.list"   -mcpu=cortex-m4 -T"C:\Users\crayo\Desktop\Licence3S6\micro\Project_Morse_Code\MCU2\STM32F446RETX_FLASH.ld" --specs=nosys.specs -Wl,-Map="MCU2.map" -Wl,--gc-sections -static --specs=nano.specs -mfpu=fpv4-sp-d16 -mfloat-abi=hard -mthumb -Wl,--start-group -lc -lm -Wl,--end-group
Finished building target: MCU2.elf
 
arm-none-eabi-size  MCU2.elf 
arm-none-eabi-objdump -h -S MCU2.elf  > "MCU2.list"
   text	   data	    bss	    dec	    hex	filename
  14400	    100	   2044	  16544	   40a0	MCU2.elf
Finished building: default.size.stdout
 
Finished building: MCU2.list
 
00:25:36 **** Incremental Build of configuration Debug for project MCU2 ****
make -j12 all 
arm-none-eabi-gcc "../Core/Src/main.c" -mcpu=cortex-m4 -std=gnu11 -g3 -DDEBUG -DUSE_HAL_DRIVER -DSTM32F446xx -c -I../Core/Inc -I../Drivers/STM32F4xx_HAL_Driver/Inc -I../Drivers/STM32F4xx_HAL_Driver/Inc/Legacy -I../Drivers/CMSIS/Device/ST/STM32F4xx/Include -I../Drivers/CMSIS/Include -O0 -ffunction-sections -fdata-sections -Wall -fstack-usage -fcyclomatic-complexity -MMD -MP -MF"Core/Src/main.d" -MT"Core/Src/main.o" --specs=nano.specs -mfpu=fpv4-sp-d16 -mfloat-abi=hard -mthumb -o "Core/Src/main.o"
arm-none-eabi-gcc -o "MCU2.elf" @"objects.list"   -mcpu=cortex-m4 -T"C:\Users\crayo\Desktop\Licence3S6\micro\Project_Morse_Code\MCU2\STM32F446RETX_FLASH.ld" --specs=nosys.specs -Wl,-Map="MCU2.map" -Wl,--gc-sections -static --specs=nano.specs -mfpu=fpv4-sp-d16 -mfloat-abi=hard -mthumb -Wl,--start-group -lc -lm -Wl,--end-group
Finished building target: MCU2.elf
 
arm-none-eabi-size  MCU2.elf 
arm-none-eabi-objdump -h -S MCU2.elf  > "MCU2.list"
   text	   data	    bss	    dec	    hex	filename
  14428	    100	   2044	  16572	   40bc	MCU2.elf
Finished building: default.size.stdout
 
Finished building: MCU2.list
 
00:26:20 **** Incremental Build of configuration Debug for project MCU2 ****
make -j12 all 
arm-none-eabi-gcc "../Core/Src/main.c" -mcpu=cortex-m4 -std=gnu11 -g3 -DDEBUG -DUSE_HAL_DRIVER -DSTM32F446xx -c -I../Core/Inc -I../Drivers/STM32F4xx_HAL_Driver/Inc -I../Drivers/STM32F4xx_HAL_Driver/Inc/Legacy -I../Drivers/CMSIS/Device/ST/STM32F4xx/Include -I../Drivers/CMSIS/Include -O0 -ffunction-sections -fdata-sections -Wall -fstack-usage -fcyclomatic-complexity -MMD -MP -MF"Core/Src/main.d" -MT"Core/Src/main.o" --specs=nano.specs -mfpu=fpv4-sp-d16 -mfloat-abi=hard -mthumb -o "Core/Src/main.o"
arm-none-eabi-gcc -o "MCU2.elf" @"objects.list"   -mcpu=cortex-m4 -T"C:\Users\crayo\Desktop\Licence3S6\micro\Project_Morse_Code\MCU2\STM32F446RETX_FLASH.ld" --specs=nosys.specs -Wl,-Map="MCU2.map" -Wl,--gc-sections -static --specs=nano.specs -mfpu=fpv4-sp-d16 -mfloat-abi=hard -mthumb -Wl,--start-group -lc -lm -Wl,--end-group
Finished building target: MCU2.elf
 
arm-none-eabi-size  MCU2.elf 
arm-none-eabi-objdump -h -S MCU2.elf  > "MCU2.list"
   text	   data	    bss	    dec	    hex	filename
  14424	    100	   2044	  16568	   40b8	MCU2.elf
Finished building: default.size.stdout
 
Finished building: MCU2.list
 
00:32:20 **** Incremental Build of configuration Debug for project MCU2 ****
make -j12 all 
arm-none-eabi-gcc "../Core/Src/main.c" -mcpu=cortex-m4 -std=gnu11 -g3 -DDEBUG -DUSE_HAL_DRIVER -DSTM32F446xx -c -I../Core/Inc -I../Drivers/STM32F4xx_HAL_Driver/Inc -I../Drivers/STM32F4xx_HAL_Driver/Inc/Legacy -I../Drivers/CMSIS/Device/ST/STM32F4xx/Include -I../Drivers/CMSIS/Include -O0 -ffunction-sections -fdata-sections -Wall -fstack-usage -fcyclomatic-complexity -MMD -MP -MF"Core/Src/main.d" -MT"Core/Src/main.o" --specs=nano.specs -mfpu=fpv4-sp-d16 -mfloat-abi=hard -mthumb -o "Core/Src/main.o"
arm-none-eabi-gcc -o "MCU2.elf" @"objects.list"   -mcpu=cortex-m4 -T"C:\Users\crayo\Desktop\Licence3S6\micro\Project_Morse_Code\MCU2\STM32F446RETX_FLASH.ld" --specs=nosys.specs -Wl,-Map="MCU2.map" -Wl,--gc-sections -static --specs=nano.specs -mfpu=fpv4-sp-d16 -mfloat-abi=hard -mthumb -Wl,--start-group -lc -lm -Wl,--end-group
Finished building target: MCU2.elf
 
arm-none-eabi-size  MCU2.elf 
arm-none-eabi-objdump -h -S MCU2.elf  > "MCU2.list"
   text	   data	    bss	    dec	    hex	filename
  14424	    100	   2044	  16568	   40b8	MCU2.elf
Finished building: default.size.stdout
 
Finished building: MCU2.list
 
00:44:52 **** Incremental Build of configuration Debug for project MCU2 ****
make -j12 all 
arm-none-eabi-gcc "../Core/Src/main.c" -mcpu=cortex-m4 -std=gnu11 -g3 -DDEBUG -DUSE_HAL_DRIVER -DSTM32F446xx -c -I../Core/Inc -I../Drivers/STM32F4xx_HAL_Driver/Inc -I../Drivers/STM32F4xx_HAL_Driver/Inc/Legacy -I../Drivers/CMSIS/Device/ST/STM32F4xx/Include -I../Drivers/CMSIS/Include -O0 -ffunction-sections -fdata-sections -Wall -fstack-usage -fcyclomatic-complexity -MMD -MP -MF"Core/Src/main.d" -MT"Core/Src/main.o" --specs=nano.specs -mfpu=fpv4-sp-d16 -mfloat-abi=hard -mthumb -o "Core/Src/main.o"
arm-none-eabi-gcc -o "MCU2.elf" @"objects.list"   -mcpu=cortex-m4 -T"C:\Users\crayo\Desktop\Licence3S6\micro\Project_Morse_Code\MCU2\STM32F446RETX_FLASH.ld" --specs=nosys.specs -Wl,-Map="MCU2.map" -Wl,--gc-sections -static --specs=nano.specs -mfpu=fpv4-sp-d16 -mfloat-abi=hard -mthumb -Wl,--start-group -lc -lm -Wl,--end-group
Finished building target: MCU2.elf
 
arm-none-eabi-size  MCU2.elf 
arm-none-eabi-objdump -h -S MCU2.elf  > "MCU2.list"
   text	   data	    bss	    dec	    hex	filename
  13632	    100	   2060	  15792	   3db0	MCU2.elf
Finished building: default.size.stdout
 
Finished building: MCU2.list
 
01:21:15 **** Incremental Build of configuration Debug for project MCU2 ****
make -j12 all 
arm-none-eabi-gcc "../Core/Src/main.c" -mcpu=cortex-m4 -std=gnu11 -g3 -DDEBUG -DUSE_HAL_DRIVER -DSTM32F446xx -c -I../Core/Inc -I../Drivers/STM32F4xx_HAL_Driver/Inc -I../Drivers/STM32F4xx_HAL_Driver/Inc/Legacy -I../Drivers/CMSIS/Device/ST/STM32F4xx/Include -I../Drivers/CMSIS/Include -O0 -ffunction-sections -fdata-sections -Wall -fstack-usage -fcyclomatic-complexity -MMD -MP -MF"Core/Src/main.d" -MT"Core/Src/main.o" --specs=nano.specs -mfpu=fpv4-sp-d16 -mfloat-abi=hard -mthumb -o "Core/Src/main.o"
arm-none-eabi-gcc -o "MCU2.elf" @"objects.list"   -mcpu=cortex-m4 -T"C:\Users\crayo\Desktop\Licence3S6\micro\Project_Morse_Code\MCU2\STM32F446RETX_FLASH.ld" --specs=nosys.specs -Wl,-Map="MCU2.map" -Wl,--gc-sections -static --specs=nano.specs -mfpu=fpv4-sp-d16 -mfloat-abi=hard -mthumb -Wl,--start-group -lc -lm -Wl,--end-group
Finished building target: MCU2.elf
 
arm-none-eabi-size  MCU2.elf 
arm-none-eabi-objdump -h -S MCU2.elf  > "MCU2.list"
   text	   data	    bss	    dec	    hex	filename
  13636	    100	   2044	  15780	   3da4	MCU2.elf
Finished building: default.size.stdout
 
Finished building: MCU2.list
 
01:36:48 **** Incremental Build of configuration Debug for project MCU2 ****
make -j12 all 
arm-none-eabi-gcc "../Core/Src/main.c" -mcpu=cortex-m4 -std=gnu11 -g3 -DDEBUG -DUSE_HAL_DRIVER -DSTM32F446xx -c -I../Core/Inc -I../Drivers/STM32F4xx_HAL_Driver/Inc -I../Drivers/STM32F4xx_HAL_Driver/Inc/Legacy -I../Drivers/CMSIS/Device/ST/STM32F4xx/Include -I../Drivers/CMSIS/Include -O0 -ffunction-sections -fdata-sections -Wall -fstack-usage -fcyclomatic-complexity -MMD -MP -MF"Core/Src/main.d" -MT"Core/Src/main.o" --specs=nano.specs -mfpu=fpv4-sp-d16 -mfloat-abi=hard -mthumb -o "Core/Src/main.o"
arm-none-eabi-gcc -o "MCU2.elf" @"objects.list"   -mcpu=cortex-m4 -T"C:\Users\crayo\Desktop\Licence3S6\micro\Project_Morse_Code\MCU2\STM32F446RETX_FLASH.ld" --specs=nosys.specs -Wl,-Map="MCU2.map" -Wl,--gc-sections -static --specs=nano.specs -mfpu=fpv4-sp-d16 -mfloat-abi=hard -mthumb -Wl,--start-group -lc -lm -Wl,--end-group
Finished building target: MCU2.elf
 
arm-none-eabi-size  MCU2.elf 
arm-none-eabi-objdump -h -S MCU2.elf  > "MCU2.list"
   text	   data	    bss	    dec	    hex	filename
  13676	    100	   2044	  15820	   3dcc	MCU2.elf
Finished building: default.size.stdout
 
Finished building: MCU2.list
 
01:43:54 **** Incremental Build of configuration Debug for project MCU2 ****
make -j12 all 
arm-none-eabi-gcc "../Core/Src/main.c" -mcpu=cortex-m4 -std=gnu11 -g3 -DDEBUG -DUSE_HAL_DRIVER -DSTM32F446xx -c -I../Core/Inc -I../Drivers/STM32F4xx_HAL_Driver/Inc -I../Drivers/STM32F4xx_HAL_Driver/Inc/Legacy -I../Drivers/CMSIS/Device/ST/STM32F4xx/Include -I../Drivers/CMSIS/Include -O0 -ffunction-sections -fdata-sections -Wall -fstack-usage -fcyclomatic-complexity -MMD -MP -MF"Core/Src/main.d" -MT"Core/Src/main.o" --specs=nano.specs -mfpu=fpv4-sp-d16 -mfloat-abi=hard -mthumb -o "Core/Src/main.o"
arm-none-eabi-gcc -o "MCU2.elf" @"objects.list"   -mcpu=cortex-m4 -T"C:\Users\crayo\Desktop\Licence3S6\micro\Project_Morse_Code\MCU2\STM32F446RETX_FLASH.ld" --specs=nosys.specs -Wl,-Map="MCU2.map" -Wl,--gc-sections -static --specs=nano.specs -mfpu=fpv4-sp-d16 -mfloat-abi=hard -mthumb -Wl,--start-group -lc -lm -Wl,--end-group
Finished building target: MCU2.elf
 
arm-none-eabi-size  MCU2.elf 
arm-none-eabi-objdump -h -S MCU2.elf  > "MCU2.list"
   text	   data	    bss	    dec	    hex	filename
   8596	    100	   1972	  10668	   29ac	MCU2.elf
Finished building: default.size.stdout
 
Finished building: MCU2.list
 
02:00:44 **** Incremental Build of configuration Debug for project MCU2 ****
make -j12 all 
arm-none-eabi-gcc "../Core/Src/main.c" -mcpu=cortex-m4 -std=gnu11 -g3 -DDEBUG -DUSE_HAL_DRIVER -DSTM32F446xx -c -I../Core/Inc -I../Drivers/STM32F4xx_HAL_Driver/Inc -I../Drivers/STM32F4xx_HAL_Driver/Inc/Legacy -I../Drivers/CMSIS/Device/ST/STM32F4xx/Include -I../Drivers/CMSIS/Include -O0 -ffunction-sections -fdata-sections -Wall -fstack-usage -fcyclomatic-complexity -MMD -MP -MF"Core/Src/main.d" -MT"Core/Src/main.o" --specs=nano.specs -mfpu=fpv4-sp-d16 -mfloat-abi=hard -mthumb -o "Core/Src/main.o"
arm-none-eabi-gcc -o "MCU2.elf" @"objects.list"   -mcpu=cortex-m4 -T"C:\Users\crayo\Desktop\Licence3S6\micro\Project_Morse_Code\MCU2\STM32F446RETX_FLASH.ld" --specs=nosys.specs -Wl,-Map="MCU2.map" -Wl,--gc-sections -static --specs=nano.specs -mfpu=fpv4-sp-d16 -mfloat-abi=hard -mthumb -Wl,--start-group -lc -lm -Wl,--end-group
Finished building target: MCU2.elf
 
arm-none-eabi-size  MCU2.elf 
arm-none-eabi-objdump -h -S MCU2.elf  > "MCU2.list"
   text	   data	    bss	    dec	    hex	filename
  13676	    100	   2044	  15820	   3dcc	MCU2.elf
Finished building: default.size.stdout
 
Finished building: MCU2.list
 
02:56:49 **** Incremental Build of configuration Debug for project MCU2 ****
make -j12 all 
arm-none-eabi-gcc "../Core/Src/main.c" -mcpu=cortex-m4 -std=gnu11 -g3 -DDEBUG -DUSE_HAL_DRIVER -DSTM32F446xx -c -I../Core/Inc -I../Drivers/STM32F4xx_HAL_Driver/Inc -I../Drivers/STM32F4xx_HAL_Driver/Inc/Legacy -I../Drivers/CMSIS/Device/ST/STM32F4xx/Include -I../Drivers/CMSIS/Include -O0 -ffunction-sections -fdata-sections -Wall -fstack-usage -fcyclomatic-complexity -MMD -MP -MF"Core/Src/main.d" -MT"Core/Src/main.o" --specs=nano.specs -mfpu=fpv4-sp-d16 -mfloat-abi=hard -mthumb -o "Core/Src/main.o"
arm-none-eabi-gcc -o "MCU2.elf" @"objects.list"   -mcpu=cortex-m4 -T"C:\Users\crayo\Desktop\Licence3S6\micro\Project_Morse_Code\MCU2\STM32F446RETX_FLASH.ld" --specs=nosys.specs -Wl,-Map="MCU2.map" -Wl,--gc-sections -static --specs=nano.specs -mfpu=fpv4-sp-d16 -mfloat-abi=hard -mthumb -Wl,--start-group -lc -lm -Wl,--end-group
Finished building target: MCU2.elf
 
arm-none-eabi-size  MCU2.elf 
arm-none-eabi-objdump -h -S MCU2.elf  > "MCU2.list"
   text	   data	    bss	    dec	    hex	filename
  11328	    164	   1732	  13224	   33a8	MCU2.elf
Finished building: default.size.stdout
 
Finished building: MCU2.list
 
11:09:09 **** Build of configuration Debug for project MCU2 ****
make -j12 all 
arm-none-eabi-gcc "../Core/Src/main.c" -mcpu=cortex-m4 -std=gnu11 -g3 -DDEBUG -DUSE_HAL_DRIVER -DSTM32F446xx -c -I../Core/Inc -I../Drivers/STM32F4xx_HAL_Driver/Inc -I../Drivers/STM32F4xx_HAL_Driver/Inc/Legacy -I../Drivers/CMSIS/Device/ST/STM32F4xx/Include -I../Drivers/CMSIS/Include -O0 -ffunction-sections -fdata-sections -Wall -fstack-usage -fcyclomatic-complexity -MMD -MP -MF"Core/Src/main.d" -MT"Core/Src/main.o" --specs=nano.specs -mfpu=fpv4-sp-d16 -mfloat-abi=hard -mthumb -o "Core/Src/main.o"
arm-none-eabi-gcc -o "MCU2.elf" @"objects.list"   -mcpu=cortex-m4 -T"C:\Users\crayo\Desktop\Licence3S6\micro\Project_Morse_Code\MCU2\STM32F446RETX_FLASH.ld" --specs=nosys.specs -Wl,-Map="MCU2.map" -Wl,--gc-sections -static --specs=nano.specs -mfpu=fpv4-sp-d16 -mfloat-abi=hard -mthumb -Wl,--start-group -lc -lm -Wl,--end-group
Finished building target: MCU2.elf
 
arm-none-eabi-size  MCU2.elf 
arm-none-eabi-objdump -h -S MCU2.elf  > "MCU2.list"
   text	   data	    bss	    dec	    hex	filename
  11328	    164	   1732	  13224	   33a8	MCU2.elf
Finished building: default.size.stdout
 
Finished building: MCU2.list
 
11:10:07 **** Incremental Build of configuration Debug for project MCU2 ****
make -j12 all 
arm-none-eabi-gcc "../Core/Src/main.c" -mcpu=cortex-m4 -std=gnu11 -g3 -DDEBUG -DUSE_HAL_DRIVER -DSTM32F446xx -c -I../Core/Inc -I../Drivers/STM32F4xx_HAL_Driver/Inc -I../Drivers/STM32F4xx_HAL_Driver/Inc/Legacy -I../Drivers/CMSIS/Device/ST/STM32F4xx/Include -I../Drivers/CMSIS/Include -O0 -ffunction-sections -fdata-sections -Wall -fstack-usage -fcyclomatic-complexity -MMD -MP -MF"Core/Src/main.d" -MT"Core/Src/main.o" --specs=nano.specs -mfpu=fpv4-sp-d16 -mfloat-abi=hard -mthumb -o "Core/Src/main.o"
../Core/Src/main.c: In function 'main':
../Core/Src/main.c:77:9: warning: implicit declaration of function 'printf' [-Wimplicit-function-declaration]
   77 |         printf("ADC Value: %d\r\n", adc_value);
      |         ^~~~~~
../Core/Src/main.c:5:1: note: include '<stdio.h>' or provide a declaration of 'printf'
    4 | #include <string.h>
  +++ |+#include <stdio.h>
    5 | 
../Core/Src/main.c:77:9: warning: incompatible implicit declaration of built-in function 'printf' [-Wbuiltin-declaration-mismatch]
   77 |         printf("ADC Value: %d\r\n", adc_value);
      |         ^~~~~~
../Core/Src/main.c:77:9: note: include '<stdio.h>' or provide a declaration of 'printf'
arm-none-eabi-gcc -o "MCU2.elf" @"objects.list"   -mcpu=cortex-m4 -T"C:\Users\crayo\Desktop\Licence3S6\micro\Project_Morse_Code\MCU2\STM32F446RETX_FLASH.ld" --specs=nosys.specs -Wl,-Map="MCU2.map" -Wl,--gc-sections -static --specs=nano.specs -mfpu=fpv4-sp-d16 -mfloat-abi=hard -mthumb -Wl,--start-group -lc -lm -Wl,--end-group
Finished building target: MCU2.elf
 
arm-none-eabi-size  MCU2.elf 
arm-none-eabi-objdump -h -S MCU2.elf  > "MCU2.list"
   text	   data	    bss	    dec	    hex	filename
  16796	    112	   2056	  18964	   4a14	MCU2.elf
Finished building: default.size.stdout
 
Finished building: MCU2.list
 
11:19:32 **** Incremental Build of configuration Debug for project MCU2 ****
make -j12 all 
arm-none-eabi-gcc "../Core/Src/main.c" -mcpu=cortex-m4 -std=gnu11 -g3 -DDEBUG -DUSE_HAL_DRIVER -DSTM32F446xx -c -I../Core/Inc -I../Drivers/STM32F4xx_HAL_Driver/Inc -I../Drivers/STM32F4xx_HAL_Driver/Inc/Legacy -I../Drivers/CMSIS/Device/ST/STM32F4xx/Include -I../Drivers/CMSIS/Include -O0 -ffunction-sections -fdata-sections -Wall -fstack-usage -fcyclomatic-complexity -MMD -MP -MF"Core/Src/main.d" -MT"Core/Src/main.o" --specs=nano.specs -mfpu=fpv4-sp-d16 -mfloat-abi=hard -mthumb -o "Core/Src/main.o"
../Core/Src/main.c: In function 'main':
../Core/Src/main.c:102:9: warning: implicit declaration of function 'printf' [-Wimplicit-function-declaration]
  102 |         printf("ADC Value: %d, Filtered Value: %d\r\n", adc_value, filtered_value);
      |         ^~~~~~
../Core/Src/main.c:5:1: note: include '<stdio.h>' or provide a declaration of 'printf'
    4 | #include <string.h>
  +++ |+#include <stdio.h>
    5 | 
../Core/Src/main.c:102:9: warning: incompatible implicit declaration of built-in function 'printf' [-Wbuiltin-declaration-mismatch]
  102 |         printf("ADC Value: %d, Filtered Value: %d\r\n", adc_value, filtered_value);
      |         ^~~~~~
../Core/Src/main.c:102:9: note: include '<stdio.h>' or provide a declaration of 'printf'
arm-none-eabi-gcc -o "MCU2.elf" @"objects.list"   -mcpu=cortex-m4 -T"C:\Users\crayo\Desktop\Licence3S6\micro\Project_Morse_Code\MCU2\STM32F446RETX_FLASH.ld" --specs=nosys.specs -Wl,-Map="MCU2.map" -Wl,--gc-sections -static --specs=nano.specs -mfpu=fpv4-sp-d16 -mfloat-abi=hard -mthumb -Wl,--start-group -lc -lm -Wl,--end-group
Finished building target: MCU2.elf
 
arm-none-eabi-size  MCU2.elf 
arm-none-eabi-objdump -h -S MCU2.elf  > "MCU2.list"
   text	   data	    bss	    dec	    hex	filename
  16892	    112	   2080	  19084	   4a8c	MCU2.elf
Finished building: default.size.stdout
 
Finished building: MCU2.list
 
11:24:39 **** Incremental Build of configuration Debug for project MCU2 ****
make -j12 all 
arm-none-eabi-gcc "../Core/Src/main.c" -mcpu=cortex-m4 -std=gnu11 -g3 -DDEBUG -DUSE_HAL_DRIVER -DSTM32F446xx -c -I../Core/Inc -I../Drivers/STM32F4xx_HAL_Driver/Inc -I../Drivers/STM32F4xx_HAL_Driver/Inc/Legacy -I../Drivers/CMSIS/Device/ST/STM32F4xx/Include -I../Drivers/CMSIS/Include -O0 -ffunction-sections -fdata-sections -Wall -fstack-usage -fcyclomatic-complexity -MMD -MP -MF"Core/Src/main.d" -MT"Core/Src/main.o" --specs=nano.specs -mfpu=fpv4-sp-d16 -mfloat-abi=hard -mthumb -o "Core/Src/main.o"
../Core/Src/main.c: In function 'main':
../Core/Src/main.c:103:9: warning: implicit declaration of function 'printf' [-Wimplicit-function-declaration]
  103 |         printf("ADC Value: %d, Filtered Value: %d\r\n", adc_value, filtered_value);
      |         ^~~~~~
../Core/Src/main.c:5:1: note: include '<stdio.h>' or provide a declaration of 'printf'
    4 | #include <string.h>
  +++ |+#include <stdio.h>
    5 | 
../Core/Src/main.c:103:9: warning: incompatible implicit declaration of built-in function 'printf' [-Wbuiltin-declaration-mismatch]
  103 |         printf("ADC Value: %d, Filtered Value: %d\r\n", adc_value, filtered_value);
      |         ^~~~~~
../Core/Src/main.c:103:9: note: include '<stdio.h>' or provide a declaration of 'printf'
../Core/Src/main.c:93:14: warning: unused variable 'filtered_value' [-Wunused-variable]
   93 |     uint16_t filtered_value;
      |              ^~~~~~~~~~~~~~
arm-none-eabi-gcc -o "MCU2.elf" @"objects.list"   -mcpu=cortex-m4 -T"C:\Users\crayo\Desktop\Licence3S6\micro\Project_Morse_Code\MCU2\STM32F446RETX_FLASH.ld" --specs=nosys.specs -Wl,-Map="MCU2.map" -Wl,--gc-sections -static --specs=nano.specs -mfpu=fpv4-sp-d16 -mfloat-abi=hard -mthumb -Wl,--start-group -lc -lm -Wl,--end-group
Finished building target: MCU2.elf
 
arm-none-eabi-size  MCU2.elf 
arm-none-eabi-objdump -h -S MCU2.elf  > "MCU2.list"
   text	   data	    bss	    dec	    hex	filename
  16892	    112	   2080	  19084	   4a8c	MCU2.elf
Finished building: default.size.stdout
 
Finished building: MCU2.list
 
11:27:35 **** Incremental Build of configuration Debug for project MCU2 ****
make -j12 all 
arm-none-eabi-gcc "../Core/Src/main.c" -mcpu=cortex-m4 -std=gnu11 -g3 -DDEBUG -DUSE_HAL_DRIVER -DSTM32F446xx -c -I../Core/Inc -I../Drivers/STM32F4xx_HAL_Driver/Inc -I../Drivers/STM32F4xx_HAL_Driver/Inc/Legacy -I../Drivers/CMSIS/Device/ST/STM32F4xx/Include -I../Drivers/CMSIS/Include -O0 -ffunction-sections -fdata-sections -Wall -fstack-usage -fcyclomatic-complexity -MMD -MP -MF"Core/Src/main.d" -MT"Core/Src/main.o" --specs=nano.specs -mfpu=fpv4-sp-d16 -mfloat-abi=hard -mthumb -o "Core/Src/main.o"
../Core/Src/main.c: In function 'main':
../Core/Src/main.c:103:9: warning: implicit declaration of function 'printf' [-Wimplicit-function-declaration]
  103 |         printf("ADC Value: %d, Filtered Value: %d\r\n", adc_value, filtered_value);
      |         ^~~~~~
../Core/Src/main.c:5:1: note: include '<stdio.h>' or provide a declaration of 'printf'
    4 | #include <string.h>
  +++ |+#include <stdio.h>
    5 | 
../Core/Src/main.c:103:9: warning: incompatible implicit declaration of built-in function 'printf' [-Wbuiltin-declaration-mismatch]
  103 |         printf("ADC Value: %d, Filtered Value: %d\r\n", adc_value, filtered_value);
      |         ^~~~~~
../Core/Src/main.c:103:9: note: include '<stdio.h>' or provide a declaration of 'printf'
arm-none-eabi-gcc -o "MCU2.elf" @"objects.list"   -mcpu=cortex-m4 -T"C:\Users\crayo\Desktop\Licence3S6\micro\Project_Morse_Code\MCU2\STM32F446RETX_FLASH.ld" --specs=nosys.specs -Wl,-Map="MCU2.map" -Wl,--gc-sections -static --specs=nano.specs -mfpu=fpv4-sp-d16 -mfloat-abi=hard -mthumb -Wl,--start-group -lc -lm -Wl,--end-group
Finished building target: MCU2.elf
 
arm-none-eabi-size  MCU2.elf 
arm-none-eabi-objdump -h -S MCU2.elf  > "MCU2.list"
   text	   data	    bss	    dec	    hex	filename
  16896	    112	   2080	  19088	   4a90	MCU2.elf
Finished building: default.size.stdout
 
Finished building: MCU2.list
 
11:33:41 **** Incremental Build of configuration Debug for project MCU2 ****
make -j12 all 
arm-none-eabi-gcc "../Core/Src/main.c" -mcpu=cortex-m4 -std=gnu11 -g3 -DDEBUG -DUSE_HAL_DRIVER -DSTM32F446xx -c -I../Core/Inc -I../Drivers/STM32F4xx_HAL_Driver/Inc -I../Drivers/STM32F4xx_HAL_Driver/Inc/Legacy -I../Drivers/CMSIS/Device/ST/STM32F4xx/Include -I../Drivers/CMSIS/Include -O0 -ffunction-sections -fdata-sections -Wall -fstack-usage -fcyclomatic-complexity -MMD -MP -MF"Core/Src/main.d" -MT"Core/Src/main.o" --specs=nano.specs -mfpu=fpv4-sp-d16 -mfloat-abi=hard -mthumb -o "Core/Src/main.o"
../Core/Src/main.c: In function 'main':
../Core/Src/main.c:110:9: warning: implicit declaration of function 'printf' [-Wimplicit-function-declaration]
  110 |         printf("Display Value: %d\r\n", display_value);
      |         ^~~~~~
../Core/Src/main.c:5:1: note: include '<stdio.h>' or provide a declaration of 'printf'
    4 | #include <string.h>
  +++ |+#include <stdio.h>
    5 | 
../Core/Src/main.c:110:9: warning: incompatible implicit declaration of built-in function 'printf' [-Wbuiltin-declaration-mismatch]
  110 |         printf("Display Value: %d\r\n", display_value);
      |         ^~~~~~
../Core/Src/main.c:110:9: note: include '<stdio.h>' or provide a declaration of 'printf'
arm-none-eabi-gcc -o "MCU2.elf" @"objects.list"   -mcpu=cortex-m4 -T"C:\Users\crayo\Desktop\Licence3S6\micro\Project_Morse_Code\MCU2\STM32F446RETX_FLASH.ld" --specs=nosys.specs -Wl,-Map="MCU2.map" -Wl,--gc-sections -static --specs=nano.specs -mfpu=fpv4-sp-d16 -mfloat-abi=hard -mthumb -Wl,--start-group -lc -lm -Wl,--end-group
Finished building target: MCU2.elf
 
arm-none-eabi-size  MCU2.elf 
arm-none-eabi-objdump -h -S MCU2.elf  > "MCU2.list"
   text	   data	    bss	    dec	    hex	filename
  16908	    112	   2080	  19100	   4a9c	MCU2.elf
Finished building: default.size.stdout
 
Finished building: MCU2.list
 
11:35:38 **** Incremental Build of configuration Debug for project MCU2 ****
make -j12 all 
arm-none-eabi-gcc "../Core/Src/main.c" -mcpu=cortex-m4 -std=gnu11 -g3 -DDEBUG -DUSE_HAL_DRIVER -DSTM32F446xx -c -I../Core/Inc -I../Drivers/STM32F4xx_HAL_Driver/Inc -I../Drivers/STM32F4xx_HAL_Driver/Inc/Legacy -I../Drivers/CMSIS/Device/ST/STM32F4xx/Include -I../Drivers/CMSIS/Include -O0 -ffunction-sections -fdata-sections -Wall -fstack-usage -fcyclomatic-complexity -MMD -MP -MF"Core/Src/main.d" -MT"Core/Src/main.o" --specs=nano.specs -mfpu=fpv4-sp-d16 -mfloat-abi=hard -mthumb -o "Core/Src/main.o"
../Core/Src/main.c: In function 'main':
../Core/Src/main.c:110:9: warning: implicit declaration of function 'printf' [-Wimplicit-function-declaration]
  110 |         printf("Display Value: %d\r\n", display_value);
      |         ^~~~~~
../Core/Src/main.c:5:1: note: include '<stdio.h>' or provide a declaration of 'printf'
    4 | #include <string.h>
  +++ |+#include <stdio.h>
    5 | 
../Core/Src/main.c:110:9: warning: incompatible implicit declaration of built-in function 'printf' [-Wbuiltin-declaration-mismatch]
  110 |         printf("Display Value: %d\r\n", display_value);
      |         ^~~~~~
../Core/Src/main.c:110:9: note: include '<stdio.h>' or provide a declaration of 'printf'
arm-none-eabi-gcc -o "MCU2.elf" @"objects.list"   -mcpu=cortex-m4 -T"C:\Users\crayo\Desktop\Licence3S6\micro\Project_Morse_Code\MCU2\STM32F446RETX_FLASH.ld" --specs=nosys.specs -Wl,-Map="MCU2.map" -Wl,--gc-sections -static --specs=nano.specs -mfpu=fpv4-sp-d16 -mfloat-abi=hard -mthumb -Wl,--start-group -lc -lm -Wl,--end-group
Finished building target: MCU2.elf
 
arm-none-eabi-size  MCU2.elf 
arm-none-eabi-objdump -h -S MCU2.elf  > "MCU2.list"
   text	   data	    bss	    dec	    hex	filename
  16908	    112	   2080	  19100	   4a9c	MCU2.elf
Finished building: default.size.stdout
 
Finished building: MCU2.list
 
11:36:53 **** Incremental Build of configuration Debug for project MCU2 ****
make -j12 all 
arm-none-eabi-gcc "../Core/Src/main.c" -mcpu=cortex-m4 -std=gnu11 -g3 -DDEBUG -DUSE_HAL_DRIVER -DSTM32F446xx -c -I../Core/Inc -I../Drivers/STM32F4xx_HAL_Driver/Inc -I../Drivers/STM32F4xx_HAL_Driver/Inc/Legacy -I../Drivers/CMSIS/Device/ST/STM32F4xx/Include -I../Drivers/CMSIS/Include -O0 -ffunction-sections -fdata-sections -Wall -fstack-usage -fcyclomatic-complexity -MMD -MP -MF"Core/Src/main.d" -MT"Core/Src/main.o" --specs=nano.specs -mfpu=fpv4-sp-d16 -mfloat-abi=hard -mthumb -o "Core/Src/main.o"
../Core/Src/main.c: In function 'main':
../Core/Src/main.c:110:9: warning: implicit declaration of function 'printf' [-Wimplicit-function-declaration]
  110 |         printf("Display Value: %d\r\n", display_value);
      |         ^~~~~~
../Core/Src/main.c:5:1: note: include '<stdio.h>' or provide a declaration of 'printf'
    4 | #include <string.h>
  +++ |+#include <stdio.h>
    5 | 
../Core/Src/main.c:110:9: warning: incompatible implicit declaration of built-in function 'printf' [-Wbuiltin-declaration-mismatch]
  110 |         printf("Display Value: %d\r\n", display_value);
      |         ^~~~~~
../Core/Src/main.c:110:9: note: include '<stdio.h>' or provide a declaration of 'printf'
arm-none-eabi-gcc -o "MCU2.elf" @"objects.list"   -mcpu=cortex-m4 -T"C:\Users\crayo\Desktop\Licence3S6\micro\Project_Morse_Code\MCU2\STM32F446RETX_FLASH.ld" --specs=nosys.specs -Wl,-Map="MCU2.map" -Wl,--gc-sections -static --specs=nano.specs -mfpu=fpv4-sp-d16 -mfloat-abi=hard -mthumb -Wl,--start-group -lc -lm -Wl,--end-group
Finished building target: MCU2.elf
 
arm-none-eabi-size  MCU2.elf 
arm-none-eabi-objdump -h -S MCU2.elf  > "MCU2.list"
   text	   data	    bss	    dec	    hex	filename
  16904	    112	   2080	  19096	   4a98	MCU2.elf
Finished building: default.size.stdout
 
Finished building: MCU2.list
 
11:38:32 **** Incremental Build of configuration Debug for project MCU2 ****
make -j12 all 
arm-none-eabi-gcc "../Core/Src/main.c" -mcpu=cortex-m4 -std=gnu11 -g3 -DDEBUG -DUSE_HAL_DRIVER -DSTM32F446xx -c -I../Core/Inc -I../Drivers/STM32F4xx_HAL_Driver/Inc -I../Drivers/STM32F4xx_HAL_Driver/Inc/Legacy -I../Drivers/CMSIS/Device/ST/STM32F4xx/Include -I../Drivers/CMSIS/Include -O0 -ffunction-sections -fdata-sections -Wall -fstack-usage -fcyclomatic-complexity -MMD -MP -MF"Core/Src/main.d" -MT"Core/Src/main.o" --specs=nano.specs -mfpu=fpv4-sp-d16 -mfloat-abi=hard -mthumb -o "Core/Src/main.o"
../Core/Src/main.c: In function 'main':
../Core/Src/main.c:110:9: warning: implicit declaration of function 'printf' [-Wimplicit-function-declaration]
  110 |         printf("Display Value: %d\r\n", display_value);
      |         ^~~~~~
../Core/Src/main.c:5:1: note: include '<stdio.h>' or provide a declaration of 'printf'
    4 | #include <string.h>
  +++ |+#include <stdio.h>
    5 | 
../Core/Src/main.c:110:9: warning: incompatible implicit declaration of built-in function 'printf' [-Wbuiltin-declaration-mismatch]
  110 |         printf("Display Value: %d\r\n", display_value);
      |         ^~~~~~
../Core/Src/main.c:110:9: note: include '<stdio.h>' or provide a declaration of 'printf'
arm-none-eabi-gcc -o "MCU2.elf" @"objects.list"   -mcpu=cortex-m4 -T"C:\Users\crayo\Desktop\Licence3S6\micro\Project_Morse_Code\MCU2\STM32F446RETX_FLASH.ld" --specs=nosys.specs -Wl,-Map="MCU2.map" -Wl,--gc-sections -static --specs=nano.specs -mfpu=fpv4-sp-d16 -mfloat-abi=hard -mthumb -Wl,--start-group -lc -lm -Wl,--end-group
Finished building target: MCU2.elf
 
arm-none-eabi-size  MCU2.elf 
arm-none-eabi-objdump -h -S MCU2.elf  > "MCU2.list"
   text	   data	    bss	    dec	    hex	filename
  16904	    112	   2080	  19096	   4a98	MCU2.elf
Finished building: default.size.stdout
 
Finished building: MCU2.list
 
11:41:40 **** Incremental Build of configuration Debug for project MCU2 ****
make -j12 all 
arm-none-eabi-size  MCU2.elf 
   text	   data	    bss	    dec	    hex	filename
  16904	    112	   2080	  19096	   4a98	MCU2.elf
Finished building: default.size.stdout
 
11:43:15 **** Incremental Build of configuration Debug for project MCU2 ****
make -j12 all 
arm-none-eabi-size  MCU2.elf 
   text	   data	    bss	    dec	    hex	filename
  16904	    112	   2080	  19096	   4a98	MCU2.elf
Finished building: default.size.stdout
 
12:28:58 **** Incremental Build of configuration Debug for project MCU2 ****
make -j12 all 
arm-none-eabi-gcc "../Core/Src/main.c" -mcpu=cortex-m4 -std=gnu11 -g3 -DDEBUG -DUSE_HAL_DRIVER -DSTM32F446xx -c -I../Core/Inc -I../Drivers/STM32F4xx_HAL_Driver/Inc -I../Drivers/STM32F4xx_HAL_Driver/Inc/Legacy -I../Drivers/CMSIS/Device/ST/STM32F4xx/Include -I../Drivers/CMSIS/Include -O0 -ffunction-sections -fdata-sections -Wall -fstack-usage -fcyclomatic-complexity -MMD -MP -MF"Core/Src/main.d" -MT"Core/Src/main.o" --specs=nano.specs -mfpu=fpv4-sp-d16 -mfloat-abi=hard -mthumb -o "Core/Src/main.o"
arm-none-eabi-gcc -o "MCU2.elf" @"objects.list"   -mcpu=cortex-m4 -T"C:\Users\crayo\Desktop\Licence3S6\micro\Project_Morse_Code\MCU2\STM32F446RETX_FLASH.ld" --specs=nosys.specs -Wl,-Map="MCU2.map" -Wl,--gc-sections -static --specs=nano.specs -mfpu=fpv4-sp-d16 -mfloat-abi=hard -mthumb -Wl,--start-group -lc -lm -Wl,--end-group
Finished building target: MCU2.elf
 
arm-none-eabi-size  MCU2.elf 
arm-none-eabi-objdump -h -S MCU2.elf  > "MCU2.list"
   text	   data	    bss	    dec	    hex	filename
   9980	     20	   1716	  11716	   2dc4	MCU2.elf
Finished building: default.size.stdout
 
Finished building: MCU2.list
 
12:30:17 **** Incremental Build of configuration Debug for project MCU2 ****
make -j12 all 
arm-none-eabi-gcc "../Core/Src/main.c" -mcpu=cortex-m4 -std=gnu11 -g3 -DDEBUG -DUSE_HAL_DRIVER -DSTM32F446xx -c -I../Core/Inc -I../Drivers/STM32F4xx_HAL_Driver/Inc -I../Drivers/STM32F4xx_HAL_Driver/Inc/Legacy -I../Drivers/CMSIS/Device/ST/STM32F4xx/Include -I../Drivers/CMSIS/Include -O0 -ffunction-sections -fdata-sections -Wall -fstack-usage -fcyclomatic-complexity -MMD -MP -MF"Core/Src/main.d" -MT"Core/Src/main.o" --specs=nano.specs -mfpu=fpv4-sp-d16 -mfloat-abi=hard -mthumb -o "Core/Src/main.o"
../Core/Src/main.c: In function 'main':
../Core/Src/main.c:110:9: warning: implicit declaration of function 'printf' [-Wimplicit-function-declaration]
  110 |         printf("Display Value: %d\r\n", display_value);
      |         ^~~~~~
../Core/Src/main.c:5:1: note: include '<stdio.h>' or provide a declaration of 'printf'
    4 | #include <string.h>
  +++ |+#include <stdio.h>
    5 | 
../Core/Src/main.c:110:9: warning: incompatible implicit declaration of built-in function 'printf' [-Wbuiltin-declaration-mismatch]
  110 |         printf("Display Value: %d\r\n", display_value);
      |         ^~~~~~
../Core/Src/main.c:110:9: note: include '<stdio.h>' or provide a declaration of 'printf'
arm-none-eabi-gcc -o "MCU2.elf" @"objects.list"   -mcpu=cortex-m4 -T"C:\Users\crayo\Desktop\Licence3S6\micro\Project_Morse_Code\MCU2\STM32F446RETX_FLASH.ld" --specs=nosys.specs -Wl,-Map="MCU2.map" -Wl,--gc-sections -static --specs=nano.specs -mfpu=fpv4-sp-d16 -mfloat-abi=hard -mthumb -Wl,--start-group -lc -lm -Wl,--end-group
Finished building target: MCU2.elf
 
arm-none-eabi-size  MCU2.elf 
arm-none-eabi-objdump -h -S MCU2.elf  > "MCU2.list"
   text	   data	    bss	    dec	    hex	filename
  16904	    112	   2080	  19096	   4a98	MCU2.elf
Finished building: default.size.stdout
 
Finished building: MCU2.list
 
12:31:50 **** Incremental Build of configuration Debug for project MCU2 ****
make -j12 all 
arm-none-eabi-size  MCU2.elf 
   text	   data	    bss	    dec	    hex	filename
  16904	    112	   2080	  19096	   4a98	MCU2.elf
Finished building: default.size.stdout
 
12:32:30 **** Incremental Build of configuration Debug for project MCU2 ****
make -j12 all 
arm-none-eabi-size  MCU2.elf 
   text	   data	    bss	    dec	    hex	filename
  16904	    112	   2080	  19096	   4a98	MCU2.elf
Finished building: default.size.stdout
 
12:34:19 **** Incremental Build of configuration Debug for project MCU2 ****
make -j12 all 
arm-none-eabi-size  MCU2.elf 
   text	   data	    bss	    dec	    hex	filename
  16904	    112	   2080	  19096	   4a98	MCU2.elf
Finished building: default.size.stdout
 
12:35:35 **** Incremental Build of configuration Debug for project MCU2 ****
make -j12 all 
arm-none-eabi-size  MCU2.elf 
   text	   data	    bss	    dec	    hex	filename
  16904	    112	   2080	  19096	   4a98	MCU2.elf
Finished building: default.size.stdout
 
12:36:18 **** Incremental Build of configuration Debug for project MCU2 ****
make -j12 all 
arm-none-eabi-size  MCU2.elf 
   text	   data	    bss	    dec	    hex	filename
  16904	    112	   2080	  19096	   4a98	MCU2.elf
Finished building: default.size.stdout
 
12:49:02 **** Incremental Build of configuration Debug for project MCU2 ****
make -j12 all 
arm-none-eabi-gcc "../Core/Src/main.c" -mcpu=cortex-m4 -std=gnu11 -g3 -DDEBUG -DUSE_HAL_DRIVER -DSTM32F446xx -c -I../Core/Inc -I../Drivers/STM32F4xx_HAL_Driver/Inc -I../Drivers/STM32F4xx_HAL_Driver/Inc/Legacy -I../Drivers/CMSIS/Device/ST/STM32F4xx/Include -I../Drivers/CMSIS/Include -O0 -ffunction-sections -fdata-sections -Wall -fstack-usage -fcyclomatic-complexity -MMD -MP -MF"Core/Src/main.d" -MT"Core/Src/main.o" --specs=nano.specs -mfpu=fpv4-sp-d16 -mfloat-abi=hard -mthumb -o "Core/Src/main.o"
../Core/Src/main.c: In function 'main':
../Core/Src/main.c:110:9: warning: implicit declaration of function 'printf' [-Wimplicit-function-declaration]
  110 |         printf("Display Value: %d\r\n", display_value);
      |         ^~~~~~
../Core/Src/main.c:5:1: note: include '<stdio.h>' or provide a declaration of 'printf'
    4 | #include <string.h>
  +++ |+#include <stdio.h>
    5 | 
../Core/Src/main.c:110:9: warning: incompatible implicit declaration of built-in function 'printf' [-Wbuiltin-declaration-mismatch]
  110 |         printf("Display Value: %d\r\n", display_value);
      |         ^~~~~~
../Core/Src/main.c:110:9: note: include '<stdio.h>' or provide a declaration of 'printf'
../Core/Src/main.c:202:13: error: invalid storage class for function 'MX_ADC1_Init'
  202 | static void MX_ADC1_Init(void)
      |             ^~~~~~~~~~~~
../Core/Src/main.c:243:13: error: invalid storage class for function 'MX_USART2_UART_Init'
  243 | static void MX_USART2_UART_Init(void)
      |             ^~~~~~~~~~~~~~~~~~~
../Core/Src/main.c:276:13: error: invalid storage class for function 'MX_GPIO_Init'
  276 | static void MX_GPIO_Init(void)
      |             ^~~~~~~~~~~~
../Core/Src/main.c:337:1: error: expected declaration or statement at end of input
  337 | }
      | ^
../Core/Src/main.c: At top level:
../Core/Src/main.c:36:13: warning: 'MX_GPIO_Init' used but never defined
   36 | static void MX_GPIO_Init(void);
      |             ^~~~~~~~~~~~
../Core/Src/main.c:37:13: warning: 'MX_USART2_UART_Init' used but never defined
   37 | static void MX_USART2_UART_Init(void);
      |             ^~~~~~~~~~~~~~~~~~~
../Core/Src/main.c:38:13: warning: 'MX_ADC1_Init' used but never defined
   38 | static void MX_ADC1_Init(void);
      |             ^~~~~~~~~~~~
../Core/Src/main.c:328:6: warning: 'Error_Handler' defined but not used [-Wunused-function]
  328 | void Error_Handler(void)
      |      ^~~~~~~~~~~~~
../Core/Src/main.c:276:13: warning: 'MX_GPIO_Init' defined but not used [-Wunused-function]
  276 | static void MX_GPIO_Init(void)
      |             ^~~~~~~~~~~~
../Core/Src/main.c:243:13: warning: 'MX_USART2_UART_Init' defined but not used [-Wunused-function]
  243 | static void MX_USART2_UART_Init(void)
      |             ^~~~~~~~~~~~~~~~~~~
../Core/Src/main.c:202:13: warning: 'MX_ADC1_Init' defined but not used [-Wunused-function]
  202 | static void MX_ADC1_Init(void)
      |             ^~~~~~~~~~~~
../Core/Src/main.c:155:6: warning: 'SystemClock_Config' defined but not used [-Wunused-function]
  155 | void SystemClock_Config(void)
      |      ^~~~~~~~~~~~~~~~~~
make: *** [Core/Src/subdir.mk:34: Core/Src/main.o] Error 1
"make -j12 all" terminated with exit code 2. Build might be incomplete.
12:50:16 **** Incremental Build of configuration Debug for project MCU2 ****
make -j12 all 
arm-none-eabi-gcc "../Core/Src/main.c" -mcpu=cortex-m4 -std=gnu11 -g3 -DDEBUG -DUSE_HAL_DRIVER -DSTM32F446xx -c -I../Core/Inc -I../Drivers/STM32F4xx_HAL_Driver/Inc -I../Drivers/STM32F4xx_HAL_Driver/Inc/Legacy -I../Drivers/CMSIS/Device/ST/STM32F4xx/Include -I../Drivers/CMSIS/Include -O0 -ffunction-sections -fdata-sections -Wall -fstack-usage -fcyclomatic-complexity -MMD -MP -MF"Core/Src/main.d" -MT"Core/Src/main.o" --specs=nano.specs -mfpu=fpv4-sp-d16 -mfloat-abi=hard -mthumb -o "Core/Src/main.o"
../Core/Src/main.c: In function 'main':
../Core/Src/main.c:110:9: warning: implicit declaration of function 'printf' [-Wimplicit-function-declaration]
  110 |         printf("Display Value: %d\r\n", display_value);
      |         ^~~~~~
../Core/Src/main.c:5:1: note: include '<stdio.h>' or provide a declaration of 'printf'
    4 | #include <string.h>
  +++ |+#include <stdio.h>
    5 | 
../Core/Src/main.c:110:9: warning: incompatible implicit declaration of built-in function 'printf' [-Wbuiltin-declaration-mismatch]
  110 |         printf("Display Value: %d\r\n", display_value);
      |         ^~~~~~
../Core/Src/main.c:110:9: note: include '<stdio.h>' or provide a declaration of 'printf'
arm-none-eabi-gcc -o "MCU2.elf" @"objects.list"   -mcpu=cortex-m4 -T"C:\Users\crayo\Desktop\Licence3S6\micro\Project_Morse_Code\MCU2\STM32F446RETX_FLASH.ld" --specs=nosys.specs -Wl,-Map="MCU2.map" -Wl,--gc-sections -static --specs=nano.specs -mfpu=fpv4-sp-d16 -mfloat-abi=hard -mthumb -Wl,--start-group -lc -lm -Wl,--end-group
Finished building target: MCU2.elf
 
arm-none-eabi-size  MCU2.elf 
arm-none-eabi-objdump -h -S MCU2.elf  > "MCU2.list"
   text	   data	    bss	    dec	    hex	filename
  16964	    112	   2080	  19156	   4ad4	MCU2.elf
Finished building: default.size.stdout
 
Finished building: MCU2.list
 
12:50:24 **** Incremental Build of configuration Debug for project MCU2 ****
make -j12 all 
arm-none-eabi-size  MCU2.elf 
   text	   data	    bss	    dec	    hex	filename
  16964	    112	   2080	  19156	   4ad4	MCU2.elf
Finished building: default.size.stdout
 
12:51:19 **** Incremental Build of configuration Debug for project MCU2 ****
make -j12 all 
arm-none-eabi-gcc "../Core/Src/main.c" -mcpu=cortex-m4 -std=gnu11 -g3 -DDEBUG -DUSE_HAL_DRIVER -DSTM32F446xx -c -I../Core/Inc -I../Drivers/STM32F4xx_HAL_Driver/Inc -I../Drivers/STM32F4xx_HAL_Driver/Inc/Legacy -I../Drivers/CMSIS/Device/ST/STM32F4xx/Include -I../Drivers/CMSIS/Include -O0 -ffunction-sections -fdata-sections -Wall -fstack-usage -fcyclomatic-complexity -MMD -MP -MF"Core/Src/main.d" -MT"Core/Src/main.o" --specs=nano.specs -mfpu=fpv4-sp-d16 -mfloat-abi=hard -mthumb -o "Core/Src/main.o"
../Core/Src/main.c: In function 'main':
../Core/Src/main.c:114:17: warning: implicit declaration of function 'printf' [-Wimplicit-function-declaration]
  114 |                 printf("Peak detected at time: %lu\r\n", current_time);
      |                 ^~~~~~
../Core/Src/main.c:5:1: note: include '<stdio.h>' or provide a declaration of 'printf'
    4 | #include <string.h>
  +++ |+#include <stdio.h>
    5 | 
../Core/Src/main.c:114:17: warning: incompatible implicit declaration of built-in function 'printf' [-Wbuiltin-declaration-mismatch]
  114 |                 printf("Peak detected at time: %lu\r\n", current_time);
      |                 ^~~~~~
../Core/Src/main.c:114:17: note: include '<stdio.h>' or provide a declaration of 'printf'
../Core/Src/main.c:141:13: warning: incompatible implicit declaration of built-in function 'printf' [-Wbuiltin-declaration-mismatch]
  141 |             printf("Complete Morse Sequence: %s\r\n", morse_sequence);
      |             ^~~~~~
../Core/Src/main.c:141:13: note: include '<stdio.h>' or provide a declaration of 'printf'
../Core/Src/main.c:94:14: warning: variable 'display_value' set but not used [-Wunused-but-set-variable]
   94 |     uint16_t display_value = 0;  // ç”¨äºŽSWVæ˜¾ç¤ºçš„å??
      |              ^~~~~~~~~~~~~
arm-none-eabi-gcc -o "MCU2.elf" @"objects.list"   -mcpu=cortex-m4 -T"C:\Users\crayo\Desktop\Licence3S6\micro\Project_Morse_Code\MCU2\STM32F446RETX_FLASH.ld" --specs=nosys.specs -Wl,-Map="MCU2.map" -Wl,--gc-sections -static --specs=nano.specs -mfpu=fpv4-sp-d16 -mfloat-abi=hard -mthumb -Wl,--start-group -lc -lm -Wl,--end-group
Finished building target: MCU2.elf
 
arm-none-eabi-size  MCU2.elf 
arm-none-eabi-objdump -h -S MCU2.elf  > "MCU2.list"
   text	   data	    bss	    dec	    hex	filename
  16932	    112	   2080	  19124	   4ab4	MCU2.elf
Finished building: default.size.stdout
 
Finished building: MCU2.list
 
12:57:22 **** Incremental Build of configuration Debug for project MCU2 ****
make -j12 all 
arm-none-eabi-gcc "../Core/Src/main.c" -mcpu=cortex-m4 -std=gnu11 -g3 -DDEBUG -DUSE_HAL_DRIVER -DSTM32F446xx -c -I../Core/Inc -I../Drivers/STM32F4xx_HAL_Driver/Inc -I../Drivers/STM32F4xx_HAL_Driver/Inc/Legacy -I../Drivers/CMSIS/Device/ST/STM32F4xx/Include -I../Drivers/CMSIS/Include -O0 -ffunction-sections -fdata-sections -Wall -fstack-usage -fcyclomatic-complexity -MMD -MP -MF"Core/Src/main.d" -MT"Core/Src/main.o" --specs=nano.specs -mfpu=fpv4-sp-d16 -mfloat-abi=hard -mthumb -o "Core/Src/main.o"
../Core/Src/main.c: In function 'main':
../Core/Src/main.c:117:21: warning: implicit declaration of function 'printf' [-Wimplicit-function-declaration]
  117 |                     printf("Signal Duration: %lu ms, Morse: %s\n", signal_duration, morse_sequence);
      |                     ^~~~~~
../Core/Src/main.c:5:1: note: include '<stdio.h>' or provide a declaration of 'printf'
    4 | #include <string.h>
  +++ |+#include <stdio.h>
    5 | 
../Core/Src/main.c:117:21: warning: incompatible implicit declaration of built-in function 'printf' [-Wbuiltin-declaration-mismatch]
  117 |                     printf("Signal Duration: %lu ms, Morse: %s\n", signal_duration, morse_sequence);
      |                     ^~~~~~
../Core/Src/main.c:117:21: note: include '<stdio.h>' or provide a declaration of 'printf'
../Core/Src/main.c:126:33: error: 'current_time' undeclared (first use in this function)
  126 |         if (signal_end != 0 && (current_time - signal_end) > CHARACTER_SPACING_THRESHOLD) {
      |                                 ^~~~~~~~~~~~
../Core/Src/main.c:126:33: note: each undeclared identifier is reported only once for each function it appears in
../Core/Src/main.c:128:13: warning: incompatible implicit declaration of built-in function 'printf' [-Wbuiltin-declaration-mismatch]
  128 |             printf("Complete Morse Sequence: %s\r\n", morse_sequence);
      |             ^~~~~~
../Core/Src/main.c:128:13: note: include '<stdio.h>' or provide a declaration of 'printf'
../Core/Src/main.c:94:14: warning: unused variable 'display_value' [-Wunused-variable]
   94 |     uint16_t display_value = 0;  // ç”¨äºŽSWVæ˜¾ç¤ºçš„å??
      |              ^~~~~~~~~~~~~
../Core/Src/main.c:87:14: warning: unused variable 'last_peak_time' [-Wunused-variable]
   87 |     uint32_t last_peak_time = 0;  // ç”¨äºŽå³°å?¼æ£€æµ?
      |              ^~~~~~~~~~~~~~
../Core/Src/main.c:86:14: warning: variable 'last_signal_time' set but not used [-Wunused-but-set-variable]
   86 |     uint32_t last_signal_time = 0;  // ç”¨äºŽåŽ»æŠ–åŠ?
      |              ^~~~~~~~~~~~~~~~
../Core/Src/main.c: At top level:
../Core/Src/main.c:141:1: error: expected identifier or '(' before '}' token
  141 | }
      | ^
make: *** [Core/Src/subdir.mk:34: Core/Src/main.o] Error 1
"make -j12 all" terminated with exit code 2. Build might be incomplete.
12:58:13 **** Incremental Build of configuration Debug for project MCU2 ****
make -j12 all 
arm-none-eabi-gcc "../Core/Src/main.c" -mcpu=cortex-m4 -std=gnu11 -g3 -DDEBUG -DUSE_HAL_DRIVER -DSTM32F446xx -c -I../Core/Inc -I../Drivers/STM32F4xx_HAL_Driver/Inc -I../Drivers/STM32F4xx_HAL_Driver/Inc/Legacy -I../Drivers/CMSIS/Device/ST/STM32F4xx/Include -I../Drivers/CMSIS/Include -O0 -ffunction-sections -fdata-sections -Wall -fstack-usage -fcyclomatic-complexity -MMD -MP -MF"Core/Src/main.d" -MT"Core/Src/main.o" --specs=nano.specs -mfpu=fpv4-sp-d16 -mfloat-abi=hard -mthumb -o "Core/Src/main.o"
../Core/Src/main.c: In function 'main':
../Core/Src/main.c:117:21: warning: implicit declaration of function 'printf' [-Wimplicit-function-declaration]
  117 |                     printf("Signal Duration: %lu ms, Morse: %s\n", signal_duration, morse_sequence);
      |                     ^~~~~~
../Core/Src/main.c:5:1: note: include '<stdio.h>' or provide a declaration of 'printf'
    4 | #include <string.h>
  +++ |+#include <stdio.h>
    5 | 
../Core/Src/main.c:117:21: warning: incompatible implicit declaration of built-in function 'printf' [-Wbuiltin-declaration-mismatch]
  117 |                     printf("Signal Duration: %lu ms, Morse: %s\n", signal_duration, morse_sequence);
      |                     ^~~~~~
../Core/Src/main.c:117:21: note: include '<stdio.h>' or provide a declaration of 'printf'
../Core/Src/main.c:126:33: error: 'current_time' undeclared (first use in this function)
  126 |         if (signal_end != 0 && (current_time - signal_end) > CHARACTER_SPACING_THRESHOLD) {
      |                                 ^~~~~~~~~~~~
../Core/Src/main.c:126:33: note: each undeclared identifier is reported only once for each function it appears in
../Core/Src/main.c:128:13: warning: incompatible implicit declaration of built-in function 'printf' [-Wbuiltin-declaration-mismatch]
  128 |             printf("Complete Morse Sequence: %s\r\n", morse_sequence);
      |             ^~~~~~
../Core/Src/main.c:128:13: note: include '<stdio.h>' or provide a declaration of 'printf'
../Core/Src/main.c:94:14: warning: unused variable 'display_value' [-Wunused-variable]
   94 |     uint16_t display_value = 0;  // ç”¨äºŽSWVæ˜¾ç¤ºçš„å??
      |              ^~~~~~~~~~~~~
../Core/Src/main.c:87:14: warning: unused variable 'last_peak_time' [-Wunused-variable]
   87 |     uint32_t last_peak_time = 0;  // ç”¨äºŽå³°å?¼æ£€æµ?
      |              ^~~~~~~~~~~~~~
../Core/Src/main.c:86:14: warning: variable 'last_signal_time' set but not used [-Wunused-but-set-variable]
   86 |     uint32_t last_signal_time = 0;  // ç”¨äºŽåŽ»æŠ–åŠ?
      |              ^~~~~~~~~~~~~~~~
make: *** [Core/Src/subdir.mk:34: Core/Src/main.o] Error 1
"make -j12 all" terminated with exit code 2. Build might be incomplete.
12:59:27 **** Incremental Build of configuration Debug for project MCU2 ****
make -j12 all 
arm-none-eabi-gcc "../Core/Src/main.c" -mcpu=cortex-m4 -std=gnu11 -g3 -DDEBUG -DUSE_HAL_DRIVER -DSTM32F446xx -c -I../Core/Inc -I../Drivers/STM32F4xx_HAL_Driver/Inc -I../Drivers/STM32F4xx_HAL_Driver/Inc/Legacy -I../Drivers/CMSIS/Device/ST/STM32F4xx/Include -I../Drivers/CMSIS/Include -O0 -ffunction-sections -fdata-sections -Wall -fstack-usage -fcyclomatic-complexity -MMD -MP -MF"Core/Src/main.d" -MT"Core/Src/main.o" --specs=nano.specs -mfpu=fpv4-sp-d16 -mfloat-abi=hard -mthumb -o "Core/Src/main.o"
../Core/Src/main.c: In function 'main':
../Core/Src/main.c:117:17: warning: implicit declaration of function 'printf' [-Wimplicit-function-declaration]
  117 |                 printf("Signal Duration: %lu ms, Morse: %s\n", signal_duration, morse_sequence);
      |                 ^~~~~~
../Core/Src/main.c:5:1: note: include '<stdio.h>' or provide a declaration of 'printf'
    4 | #include <string.h>
  +++ |+#include <stdio.h>
    5 | 
../Core/Src/main.c:117:17: warning: incompatible implicit declaration of built-in function 'printf' [-Wbuiltin-declaration-mismatch]
  117 |                 printf("Signal Duration: %lu ms, Morse: %s\n", signal_duration, morse_sequence);
      |                 ^~~~~~
../Core/Src/main.c:117:17: note: include '<stdio.h>' or provide a declaration of 'printf'
../Core/Src/main.c:126:13: warning: incompatible implicit declaration of built-in function 'printf' [-Wbuiltin-declaration-mismatch]
  126 |             printf("Complete Morse Sequence: %s\r\n", morse_sequence);
      |             ^~~~~~
../Core/Src/main.c:126:13: note: include '<stdio.h>' or provide a declaration of 'printf'
../Core/Src/main.c:87:14: warning: unused variable 'last_peak_time' [-Wunused-variable]
   87 |     uint32_t last_peak_time = 0;
      |              ^~~~~~~~~~~~~~
../Core/Src/main.c:86:14: warning: unused variable 'last_signal_time' [-Wunused-variable]
   86 |     uint32_t last_signal_time = 0;
      |              ^~~~~~~~~~~~~~~~
arm-none-eabi-gcc -o "MCU2.elf" @"objects.list"   -mcpu=cortex-m4 -T"C:\Users\crayo\Desktop\Licence3S6\micro\Project_Morse_Code\MCU2\STM32F446RETX_FLASH.ld" --specs=nosys.specs -Wl,-Map="MCU2.map" -Wl,--gc-sections -static --specs=nano.specs -mfpu=fpv4-sp-d16 -mfloat-abi=hard -mthumb -Wl,--start-group -lc -lm -Wl,--end-group
Finished building target: MCU2.elf
 
arm-none-eabi-size  MCU2.elf 
arm-none-eabi-objdump -h -S MCU2.elf  > "MCU2.list"
   text	   data	    bss	    dec	    hex	filename
  16756	    112	   2080	  18948	   4a04	MCU2.elf
Finished building: default.size.stdout
 
Finished building: MCU2.list
 
13:04:40 **** Incremental Build of configuration Debug for project MCU2 ****
make -j12 all 
arm-none-eabi-gcc "../Core/Src/main.c" -mcpu=cortex-m4 -std=gnu11 -g3 -DDEBUG -DUSE_HAL_DRIVER -DSTM32F446xx -c -I../Core/Inc -I../Drivers/STM32F4xx_HAL_Driver/Inc -I../Drivers/STM32F4xx_HAL_Driver/Inc/Legacy -I../Drivers/CMSIS/Device/ST/STM32F4xx/Include -I../Drivers/CMSIS/Include -O0 -ffunction-sections -fdata-sections -Wall -fstack-usage -fcyclomatic-complexity -MMD -MP -MF"Core/Src/main.d" -MT"Core/Src/main.o" --specs=nano.specs -mfpu=fpv4-sp-d16 -mfloat-abi=hard -mthumb -o "Core/Src/main.o"
../Core/Src/main.c: In function 'main':
../Core/Src/main.c:114:25: warning: implicit declaration of function 'printf' [-Wimplicit-function-declaration]
  114 |                         printf("Complete Morse Sequence: %s, Translated Character: %c\r\n", morse_sequence, translated_char);
      |                         ^~~~~~
../Core/Src/main.c:5:1: note: include '<stdio.h>' or provide a declaration of 'printf'
    4 | #include <string.h>
  +++ |+#include <stdio.h>
    5 | 
../Core/Src/main.c:114:25: warning: incompatible implicit declaration of built-in function 'printf' [-Wbuiltin-declaration-mismatch]
  114 |                         printf("Complete Morse Sequence: %s, Translated Character: %c\r\n", morse_sequence, translated_char);
      |                         ^~~~~~
../Core/Src/main.c:114:25: note: include '<stdio.h>' or provide a declaration of 'printf'
../Core/Src/main.c:133:17: warning: incompatible implicit declaration of built-in function 'printf' [-Wbuiltin-declaration-mismatch]
  133 |                 printf("Morse Sequence Update: %s\r\n", morse_sequence);
      |                 ^~~~~~
../Core/Src/main.c:133:17: note: include '<stdio.h>' or provide a declaration of 'printf'
arm-none-eabi-gcc -o "MCU2.elf" @"objects.list"   -mcpu=cortex-m4 -T"C:\Users\crayo\Desktop\Licence3S6\micro\Project_Morse_Code\MCU2\STM32F446RETX_FLASH.ld" --specs=nosys.specs -Wl,-Map="MCU2.map" -Wl,--gc-sections -static --specs=nano.specs -mfpu=fpv4-sp-d16 -mfloat-abi=hard -mthumb -Wl,--start-group -lc -lm -Wl,--end-group
Finished building target: MCU2.elf
 
arm-none-eabi-size  MCU2.elf 
arm-none-eabi-objdump -h -S MCU2.elf  > "MCU2.list"
   text	   data	    bss	    dec	    hex	filename
  16748	    112	   2080	  18940	   49fc	MCU2.elf
Finished building: default.size.stdout
 
Finished building: MCU2.list
 
13:04:50 **** Incremental Build of configuration Debug for project MCU2 ****
make -j12 all 
arm-none-eabi-size  MCU2.elf 
   text	   data	    bss	    dec	    hex	filename
  16748	    112	   2080	  18940	   49fc	MCU2.elf
Finished building: default.size.stdout
 
13:05:10 **** Incremental Build of configuration Debug for project MCU2 ****
make -j12 all 
arm-none-eabi-size  MCU2.elf 
   text	   data	    bss	    dec	    hex	filename
  16748	    112	   2080	  18940	   49fc	MCU2.elf
Finished building: default.size.stdout
 
13:09:06 **** Incremental Build of configuration Debug for project MCU2 ****
make -j12 all 
arm-none-eabi-size  MCU2.elf 
   text	   data	    bss	    dec	    hex	filename
  16748	    112	   2080	  18940	   49fc	MCU2.elf
Finished building: default.size.stdout
 
13:13:43 **** Incremental Build of configuration Debug for project MCU2 ****
make -j12 all 
arm-none-eabi-gcc "../Core/Src/main.c" -mcpu=cortex-m4 -std=gnu11 -g3 -DDEBUG -DUSE_HAL_DRIVER -DSTM32F446xx -c -I../Core/Inc -I../Drivers/STM32F4xx_HAL_Driver/Inc -I../Drivers/STM32F4xx_HAL_Driver/Inc/Legacy -I../Drivers/CMSIS/Device/ST/STM32F4xx/Include -I../Drivers/CMSIS/Include -O0 -ffunction-sections -fdata-sections -Wall -fstack-usage -fcyclomatic-complexity -MMD -MP -MF"Core/Src/main.d" -MT"Core/Src/main.o" --specs=nano.specs -mfpu=fpv4-sp-d16 -mfloat-abi=hard -mthumb -o "Core/Src/main.o"
../Core/Src/main.c: In function 'main':
../Core/Src/main.c:87:14: warning: unused variable 'last_peak_time' [-Wunused-variable]
   87 |     uint32_t last_peak_time = 0;  // ç”¨äºŽå³°å?¼æ£€æµ?
      |              ^~~~~~~~~~~~~~
../Core/Src/main.c:86:14: warning: unused variable 'last_signal_time' [-Wunused-variable]
   86 |     uint32_t last_signal_time = 0;  // ç”¨äºŽåŽ»æŠ–åŠ?
      |              ^~~~~~~~~~~~~~~~
arm-none-eabi-gcc -o "MCU2.elf" @"objects.list"   -mcpu=cortex-m4 -T"C:\Users\crayo\Desktop\Licence3S6\micro\Project_Morse_Code\MCU2\STM32F446RETX_FLASH.ld" --specs=nosys.specs -Wl,-Map="MCU2.map" -Wl,--gc-sections -static --specs=nano.specs -mfpu=fpv4-sp-d16 -mfloat-abi=hard -mthumb -Wl,--start-group -lc -lm -Wl,--end-group
Finished building target: MCU2.elf
 
arm-none-eabi-size  MCU2.elf 
arm-none-eabi-objdump -h -S MCU2.elf  > "MCU2.list"
   text	   data	    bss	    dec	    hex	filename
  12472	     20	   1740	  14232	   3798	MCU2.elf
Finished building: default.size.stdout
 
Finished building: MCU2.list
 
13:23:37 **** Incremental Build of configuration Debug for project MCU2 ****
make -j12 all 
arm-none-eabi-gcc "../Core/Src/main.c" -mcpu=cortex-m4 -std=gnu11 -g3 -DDEBUG -DUSE_HAL_DRIVER -DSTM32F446xx -c -I../Core/Inc -I../Drivers/STM32F4xx_HAL_Driver/Inc -I../Drivers/STM32F4xx_HAL_Driver/Inc/Legacy -I../Drivers/CMSIS/Device/ST/STM32F4xx/Include -I../Drivers/CMSIS/Include -O0 -ffunction-sections -fdata-sections -Wall -fstack-usage -fcyclomatic-complexity -MMD -MP -MF"Core/Src/main.d" -MT"Core/Src/main.o" --specs=nano.specs -mfpu=fpv4-sp-d16 -mfloat-abi=hard -mthumb -o "Core/Src/main.o"
../Core/Src/main.c: In function 'main':
../Core/Src/main.c:98:14: warning: unused variable 'last_change_time' [-Wunused-variable]
   98 |     uint32_t last_change_time = 0;  // è®°å½•ä¸Šä¸€æ¬¡ä¿¡å·å˜åŒ–çš„æ—¶é—´
      |              ^~~~~~~~~~~~~~~~
arm-none-eabi-gcc -o "MCU2.elf" @"objects.list"   -mcpu=cortex-m4 -T"C:\Users\crayo\Desktop\Licence3S6\micro\Project_Morse_Code\MCU2\STM32F446RETX_FLASH.ld" --specs=nosys.specs -Wl,-Map="MCU2.map" -Wl,--gc-sections -static --specs=nano.specs -mfpu=fpv4-sp-d16 -mfloat-abi=hard -mthumb -Wl,--start-group -lc -lm -Wl,--end-group
Finished building target: MCU2.elf
 
arm-none-eabi-size  MCU2.elf 
arm-none-eabi-objdump -h -S MCU2.elf  > "MCU2.list"
   text	   data	    bss	    dec	    hex	filename
  12324	     20	   1740	  14084	   3704	MCU2.elf
Finished building: default.size.stdout
 
Finished building: MCU2.list
 
13:42:26 **** Incremental Build of configuration Debug for project MCU2 ****
make -j12 all 
arm-none-eabi-gcc "../Core/Src/main.c" -mcpu=cortex-m4 -std=gnu11 -g3 -DDEBUG -DUSE_HAL_DRIVER -DSTM32F446xx -c -I../Core/Inc -I../Drivers/STM32F4xx_HAL_Driver/Inc -I../Drivers/STM32F4xx_HAL_Driver/Inc/Legacy -I../Drivers/CMSIS/Device/ST/STM32F4xx/Include -I../Drivers/CMSIS/Include -O0 -ffunction-sections -fdata-sections -Wall -fstack-usage -fcyclomatic-complexity -MMD -MP -MF"Core/Src/main.d" -MT"Core/Src/main.o" --specs=nano.specs -mfpu=fpv4-sp-d16 -mfloat-abi=hard -mthumb -o "Core/Src/main.o"
arm-none-eabi-gcc -o "MCU2.elf" @"objects.list"   -mcpu=cortex-m4 -T"C:\Users\crayo\Desktop\Licence3S6\micro\Project_Morse_Code\MCU2\STM32F446RETX_FLASH.ld" --specs=nosys.specs -Wl,-Map="MCU2.map" -Wl,--gc-sections -static --specs=nano.specs -mfpu=fpv4-sp-d16 -mfloat-abi=hard -mthumb -Wl,--start-group -lc -lm -Wl,--end-group
Finished building target: MCU2.elf
 
arm-none-eabi-size  MCU2.elf 
arm-none-eabi-objdump -h -S MCU2.elf  > "MCU2.list"
   text	   data	    bss	    dec	    hex	filename
  12568	     20	   1740	  14328	   37f8	MCU2.elf
Finished building: default.size.stdout
 
Finished building: MCU2.list
 
14:51:56 **** Incremental Build of configuration Debug for project MCU2 ****
make -j12 all 
arm-none-eabi-gcc "../Core/Src/main.c" -mcpu=cortex-m4 -std=gnu11 -g3 -DDEBUG -DUSE_HAL_DRIVER -DSTM32F446xx -c -I../Core/Inc -I../Drivers/STM32F4xx_HAL_Driver/Inc -I../Drivers/STM32F4xx_HAL_Driver/Inc/Legacy -I../Drivers/CMSIS/Device/ST/STM32F4xx/Include -I../Drivers/CMSIS/Include -O0 -ffunction-sections -fdata-sections -Wall -fstack-usage -fcyclomatic-complexity -MMD -MP -MF"Core/Src/main.d" -MT"Core/Src/main.o" --specs=nano.specs -mfpu=fpv4-sp-d16 -mfloat-abi=hard -mthumb -o "Core/Src/main.o"
arm-none-eabi-gcc -o "MCU2.elf" @"objects.list"   -mcpu=cortex-m4 -T"C:\Users\crayo\Desktop\Licence3S6\micro\Project_Morse_Code\MCU2\STM32F446RETX_FLASH.ld" --specs=nosys.specs -Wl,-Map="MCU2.map" -Wl,--gc-sections -static --specs=nano.specs -mfpu=fpv4-sp-d16 -mfloat-abi=hard -mthumb -Wl,--start-group -lc -lm -Wl,--end-group
Finished building target: MCU2.elf
 
arm-none-eabi-size  MCU2.elf 
arm-none-eabi-objdump -h -S MCU2.elf  > "MCU2.list"
   text	   data	    bss	    dec	    hex	filename
  12552	     20	   1740	  14312	   37e8	MCU2.elf
Finished building: default.size.stdout
 
Finished building: MCU2.list
 
15:29:46 **** Incremental Build of configuration Debug for project MCU2 ****
make -j12 all 
arm-none-eabi-gcc "../Core/Src/main.c" -mcpu=cortex-m4 -std=gnu11 -g3 -DDEBUG -DUSE_HAL_DRIVER -DSTM32F446xx -c -I../Core/Inc -I../Drivers/STM32F4xx_HAL_Driver/Inc -I../Drivers/STM32F4xx_HAL_Driver/Inc/Legacy -I../Drivers/CMSIS/Device/ST/STM32F4xx/Include -I../Drivers/CMSIS/Include -O0 -ffunction-sections -fdata-sections -Wall -fstack-usage -fcyclomatic-complexity -MMD -MP -MF"Core/Src/main.d" -MT"Core/Src/main.o" --specs=nano.specs -mfpu=fpv4-sp-d16 -mfloat-abi=hard -mthumb -o "Core/Src/main.o"
../Core/Src/main.c: In function 'ProcessSignal':
../Core/Src/main.c:76:58: error: 'last_signal_source' undeclared (first use in this function)
   76 |         if (morse_index == MAX_MORSE_LENGTH || source != last_signal_source) {
      |                                                          ^~~~~~~~~~~~~~~~~~
../Core/Src/main.c:76:58: note: each undeclared identifier is reported only once for each function it appears in
../Core/Src/main.c:78:36: warning: implicit declaration of function 'MorseCodeToChar' [-Wimplicit-function-declaration]
   78 |             char translated_char = MorseCodeToChar(morse_sequence);  // è§£æžæ‘©å°”æ–¯ç”µç ä¸ºå­—ç¬¦
      |                                    ^~~~~~~~~~~~~~~
../Core/Src/main.c: At top level:
../Core/Src/main.c:108:6: error: conflicting types for 'MorseCodeToChar'; have 'char(const char *)'
  108 | char MorseCodeToChar(const char* morseCode) {
      |      ^~~~~~~~~~~~~~~
../Core/Src/main.c:78:36: note: previous implicit declaration of 'MorseCodeToChar' with type 'int()'
   78 |             char translated_char = MorseCodeToChar(morse_sequence);  // è§£æžæ‘©å°”æ–¯ç”µç ä¸ºå­—ç¬¦
      |                                    ^~~~~~~~~~~~~~~
make: *** [Core/Src/subdir.mk:34: Core/Src/main.o] Error 1
"make -j12 all" terminated with exit code 2. Build might be incomplete.
15:30:56 **** Incremental Build of configuration Debug for project MCU2 ****
make -j12 all 
arm-none-eabi-gcc "../Core/Src/main.c" -mcpu=cortex-m4 -std=gnu11 -g3 -DDEBUG -DUSE_HAL_DRIVER -DSTM32F446xx -c -I../Core/Inc -I../Drivers/STM32F4xx_HAL_Driver/Inc -I../Drivers/STM32F4xx_HAL_Driver/Inc/Legacy -I../Drivers/CMSIS/Device/ST/STM32F4xx/Include -I../Drivers/CMSIS/Include -O0 -ffunction-sections -fdata-sections -Wall -fstack-usage -fcyclomatic-complexity -MMD -MP -MF"Core/Src/main.d" -MT"Core/Src/main.o" --specs=nano.specs -mfpu=fpv4-sp-d16 -mfloat-abi=hard -mthumb -o "Core/Src/main.o"
../Core/Src/main.c: In function 'ProcessSignal':
../Core/Src/main.c:77:58: error: 'last_signal_source' undeclared (first use in this function)
   77 |         if (morse_index == MAX_MORSE_LENGTH || source != last_signal_source) {
      |                                                          ^~~~~~~~~~~~~~~~~~
../Core/Src/main.c:77:58: note: each undeclared identifier is reported only once for each function it appears in
make: *** [Core/Src/subdir.mk:34: Core/Src/main.o] Error 1
"make -j12 all" terminated with exit code 2. Build might be incomplete.
15:31:42 **** Incremental Build of configuration Debug for project MCU2 ****
make -j12 all 
arm-none-eabi-gcc "../Core/Src/main.c" -mcpu=cortex-m4 -std=gnu11 -g3 -DDEBUG -DUSE_HAL_DRIVER -DSTM32F446xx -c -I../Core/Inc -I../Drivers/STM32F4xx_HAL_Driver/Inc -I../Drivers/STM32F4xx_HAL_Driver/Inc/Legacy -I../Drivers/CMSIS/Device/ST/STM32F4xx/Include -I../Drivers/CMSIS/Include -O0 -ffunction-sections -fdata-sections -Wall -fstack-usage -fcyclomatic-complexity -MMD -MP -MF"Core/Src/main.d" -MT"Core/Src/main.o" --specs=nano.specs -mfpu=fpv4-sp-d16 -mfloat-abi=hard -mthumb -o "Core/Src/main.o"
arm-none-eabi-gcc -o "MCU2.elf" @"objects.list"   -mcpu=cortex-m4 -T"C:\Users\crayo\Desktop\Licence3S6\micro\Project_Morse_Code\MCU2\STM32F446RETX_FLASH.ld" --specs=nosys.specs -Wl,-Map="MCU2.map" -Wl,--gc-sections -static --specs=nano.specs -mfpu=fpv4-sp-d16 -mfloat-abi=hard -mthumb -Wl,--start-group -lc -lm -Wl,--end-group
Finished building target: MCU2.elf
 
arm-none-eabi-size  MCU2.elf 
arm-none-eabi-objdump -h -S MCU2.elf  > "MCU2.list"
   text	   data	    bss	    dec	    hex	filename
  12552	     20	   1740	  14312	   37e8	MCU2.elf
Finished building: default.size.stdout
 
Finished building: MCU2.list
 
15:32:05 **** Incremental Build of configuration Debug for project MCU2 ****
make -j12 all 
arm-none-eabi-size  MCU2.elf 
   text	   data	    bss	    dec	    hex	filename
  12552	     20	   1740	  14312	   37e8	MCU2.elf
Finished building: default.size.stdout
 
02:28:23 **** Build of configuration Debug for project MCU1 ****
make -j12 all 
arm-none-eabi-gcc "../Drivers/STM32F4xx_HAL_Driver/Src/stm32f4xx_hal.c" -mcpu=cortex-m4 -std=gnu11 -g3 -DDEBUG -DUSE_HAL_DRIVER -DSTM32F446xx -c -I../Core/Inc -I../Drivers/STM32F4xx_HAL_Driver/Inc -I../Drivers/STM32F4xx_HAL_Driver/Inc/Legacy -I../Drivers/CMSIS/Device/ST/STM32F4xx/Include -I../Drivers/CMSIS/Include -O0 -ffunction-sections -fdata-sections -Wall -fstack-usage -fcyclomatic-complexity -MMD -MP -MF"Drivers/STM32F4xx_HAL_Driver/Src/stm32f4xx_hal.d" -MT"Drivers/STM32F4xx_HAL_Driver/Src/stm32f4xx_hal.o" --specs=nano.specs -mfpu=fpv4-sp-d16 -mfloat-abi=hard -mthumb -o "Drivers/STM32F4xx_HAL_Driver/Src/stm32f4xx_hal.o"
arm-none-eabi-gcc "../Drivers/STM32F4xx_HAL_Driver/Src/stm32f4xx_hal_cortex.c" -mcpu=cortex-m4 -std=gnu11 -g3 -DDEBUG -DUSE_HAL_DRIVER -DSTM32F446xx -c -I../Core/Inc -I../Drivers/STM32F4xx_HAL_Driver/Inc -I../Drivers/STM32F4xx_HAL_Driver/Inc/Legacy -I../Drivers/CMSIS/Device/ST/STM32F4xx/Include -I../Drivers/CMSIS/Include -O0 -ffunction-sections -fdata-sections -Wall -fstack-usage -fcyclomatic-complexity -MMD -MP -MF"Drivers/STM32F4xx_HAL_Driver/Src/stm32f4xx_hal_cortex.d" -MT"Drivers/STM32F4xx_HAL_Driver/Src/stm32f4xx_hal_cortex.o" --specs=nano.specs -mfpu=fpv4-sp-d16 -mfloat-abi=hard -mthumb -o "Drivers/STM32F4xx_HAL_Driver/Src/stm32f4xx_hal_cortex.o"
arm-none-eabi-gcc "../Drivers/STM32F4xx_HAL_Driver/Src/stm32f4xx_hal_dma.c" -mcpu=cortex-m4 -std=gnu11 -g3 -DDEBUG -DUSE_HAL_DRIVER -DSTM32F446xx -c -I../Core/Inc -I../Drivers/STM32F4xx_HAL_Driver/Inc -I../Drivers/STM32F4xx_HAL_Driver/Inc/Legacy -I../Drivers/CMSIS/Device/ST/STM32F4xx/Include -I../Drivers/CMSIS/Include -O0 -ffunction-sections -fdata-sections -Wall -fstack-usage -fcyclomatic-complexity -MMD -MP -MF"Drivers/STM32F4xx_HAL_Driver/Src/stm32f4xx_hal_dma.d" -MT"Drivers/STM32F4xx_HAL_Driver/Src/stm32f4xx_hal_dma.o" --specs=nano.specs -mfpu=fpv4-sp-d16 -mfloat-abi=hard -mthumb -o "Drivers/STM32F4xx_HAL_Driver/Src/stm32f4xx_hal_dma.o"
arm-none-eabi-gcc "../Drivers/STM32F4xx_HAL_Driver/Src/stm32f4xx_hal_dma_ex.c" -mcpu=cortex-m4 -std=gnu11 -g3 -DDEBUG -DUSE_HAL_DRIVER -DSTM32F446xx -c -I../Core/Inc -I../Drivers/STM32F4xx_HAL_Driver/Inc -I../Drivers/STM32F4xx_HAL_Driver/Inc/Legacy -I../Drivers/CMSIS/Device/ST/STM32F4xx/Include -I../Drivers/CMSIS/Include -O0 -ffunction-sections -fdata-sections -Wall -fstack-usage -fcyclomatic-complexity -MMD -MP -MF"Drivers/STM32F4xx_HAL_Driver/Src/stm32f4xx_hal_dma_ex.d" -MT"Drivers/STM32F4xx_HAL_Driver/Src/stm32f4xx_hal_dma_ex.o" --specs=nano.specs -mfpu=fpv4-sp-d16 -mfloat-abi=hard -mthumb -o "Drivers/STM32F4xx_HAL_Driver/Src/stm32f4xx_hal_dma_ex.o"
arm-none-eabi-gcc "../Drivers/STM32F4xx_HAL_Driver/Src/stm32f4xx_hal_exti.c" -mcpu=cortex-m4 -std=gnu11 -g3 -DDEBUG -DUSE_HAL_DRIVER -DSTM32F446xx -c -I../Core/Inc -I../Drivers/STM32F4xx_HAL_Driver/Inc -I../Drivers/STM32F4xx_HAL_Driver/Inc/Legacy -I../Drivers/CMSIS/Device/ST/STM32F4xx/Include -I../Drivers/CMSIS/Include -O0 -ffunction-sections -fdata-sections -Wall -fstack-usage -fcyclomatic-complexity -MMD -MP -MF"Drivers/STM32F4xx_HAL_Driver/Src/stm32f4xx_hal_exti.d" -MT"Drivers/STM32F4xx_HAL_Driver/Src/stm32f4xx_hal_exti.o" --specs=nano.specs -mfpu=fpv4-sp-d16 -mfloat-abi=hard -mthumb -o "Drivers/STM32F4xx_HAL_Driver/Src/stm32f4xx_hal_exti.o"
arm-none-eabi-gcc "../Drivers/STM32F4xx_HAL_Driver/Src/stm32f4xx_hal_flash.c" -mcpu=cortex-m4 -std=gnu11 -g3 -DDEBUG -DUSE_HAL_DRIVER -DSTM32F446xx -c -I../Core/Inc -I../Drivers/STM32F4xx_HAL_Driver/Inc -I../Drivers/STM32F4xx_HAL_Driver/Inc/Legacy -I../Drivers/CMSIS/Device/ST/STM32F4xx/Include -I../Drivers/CMSIS/Include -O0 -ffunction-sections -fdata-sections -Wall -fstack-usage -fcyclomatic-complexity -MMD -MP -MF"Drivers/STM32F4xx_HAL_Driver/Src/stm32f4xx_hal_flash.d" -MT"Drivers/STM32F4xx_HAL_Driver/Src/stm32f4xx_hal_flash.o" --specs=nano.specs -mfpu=fpv4-sp-d16 -mfloat-abi=hard -mthumb -o "Drivers/STM32F4xx_HAL_Driver/Src/stm32f4xx_hal_flash.o"
arm-none-eabi-gcc "../Drivers/STM32F4xx_HAL_Driver/Src/stm32f4xx_hal_flash_ex.c" -mcpu=cortex-m4 -std=gnu11 -g3 -DDEBUG -DUSE_HAL_DRIVER -DSTM32F446xx -c -I../Core/Inc -I../Drivers/STM32F4xx_HAL_Driver/Inc -I../Drivers/STM32F4xx_HAL_Driver/Inc/Legacy -I../Drivers/CMSIS/Device/ST/STM32F4xx/Include -I../Drivers/CMSIS/Include -O0 -ffunction-sections -fdata-sections -Wall -fstack-usage -fcyclomatic-complexity -MMD -MP -MF"Drivers/STM32F4xx_HAL_Driver/Src/stm32f4xx_hal_flash_ex.d" -MT"Drivers/STM32F4xx_HAL_Driver/Src/stm32f4xx_hal_flash_ex.o" --specs=nano.specs -mfpu=fpv4-sp-d16 -mfloat-abi=hard -mthumb -o "Drivers/STM32F4xx_HAL_Driver/Src/stm32f4xx_hal_flash_ex.o"
arm-none-eabi-gcc "../Drivers/STM32F4xx_HAL_Driver/Src/stm32f4xx_hal_flash_ramfunc.c" -mcpu=cortex-m4 -std=gnu11 -g3 -DDEBUG -DUSE_HAL_DRIVER -DSTM32F446xx -c -I../Core/Inc -I../Drivers/STM32F4xx_HAL_Driver/Inc -I../Drivers/STM32F4xx_HAL_Driver/Inc/Legacy -I../Drivers/CMSIS/Device/ST/STM32F4xx/Include -I../Drivers/CMSIS/Include -O0 -ffunction-sections -fdata-sections -Wall -fstack-usage -fcyclomatic-complexity -MMD -MP -MF"Drivers/STM32F4xx_HAL_Driver/Src/stm32f4xx_hal_flash_ramfunc.d" -MT"Drivers/STM32F4xx_HAL_Driver/Src/stm32f4xx_hal_flash_ramfunc.o" --specs=nano.specs -mfpu=fpv4-sp-d16 -mfloat-abi=hard -mthumb -o "Drivers/STM32F4xx_HAL_Driver/Src/stm32f4xx_hal_flash_ramfunc.o"
arm-none-eabi-gcc "../Drivers/STM32F4xx_HAL_Driver/Src/stm32f4xx_hal_gpio.c" -mcpu=cortex-m4 -std=gnu11 -g3 -DDEBUG -DUSE_HAL_DRIVER -DSTM32F446xx -c -I../Core/Inc -I../Drivers/STM32F4xx_HAL_Driver/Inc -I../Drivers/STM32F4xx_HAL_Driver/Inc/Legacy -I../Drivers/CMSIS/Device/ST/STM32F4xx/Include -I../Drivers/CMSIS/Include -O0 -ffunction-sections -fdata-sections -Wall -fstack-usage -fcyclomatic-complexity -MMD -MP -MF"Drivers/STM32F4xx_HAL_Driver/Src/stm32f4xx_hal_gpio.d" -MT"Drivers/STM32F4xx_HAL_Driver/Src/stm32f4xx_hal_gpio.o" --specs=nano.specs -mfpu=fpv4-sp-d16 -mfloat-abi=hard -mthumb -o "Drivers/STM32F4xx_HAL_Driver/Src/stm32f4xx_hal_gpio.o"
arm-none-eabi-gcc "../Drivers/STM32F4xx_HAL_Driver/Src/stm32f4xx_hal_pwr.c" -mcpu=cortex-m4 -std=gnu11 -g3 -DDEBUG -DUSE_HAL_DRIVER -DSTM32F446xx -c -I../Core/Inc -I../Drivers/STM32F4xx_HAL_Driver/Inc -I../Drivers/STM32F4xx_HAL_Driver/Inc/Legacy -I../Drivers/CMSIS/Device/ST/STM32F4xx/Include -I../Drivers/CMSIS/Include -O0 -ffunction-sections -fdata-sections -Wall -fstack-usage -fcyclomatic-complexity -MMD -MP -MF"Drivers/STM32F4xx_HAL_Driver/Src/stm32f4xx_hal_pwr.d" -MT"Drivers/STM32F4xx_HAL_Driver/Src/stm32f4xx_hal_pwr.o" --specs=nano.specs -mfpu=fpv4-sp-d16 -mfloat-abi=hard -mthumb -o "Drivers/STM32F4xx_HAL_Driver/Src/stm32f4xx_hal_pwr.o"
arm-none-eabi-gcc "../Drivers/STM32F4xx_HAL_Driver/Src/stm32f4xx_hal_pwr_ex.c" -mcpu=cortex-m4 -std=gnu11 -g3 -DDEBUG -DUSE_HAL_DRIVER -DSTM32F446xx -c -I../Core/Inc -I../Drivers/STM32F4xx_HAL_Driver/Inc -I../Drivers/STM32F4xx_HAL_Driver/Inc/Legacy -I../Drivers/CMSIS/Device/ST/STM32F4xx/Include -I../Drivers/CMSIS/Include -O0 -ffunction-sections -fdata-sections -Wall -fstack-usage -fcyclomatic-complexity -MMD -MP -MF"Drivers/STM32F4xx_HAL_Driver/Src/stm32f4xx_hal_pwr_ex.d" -MT"Drivers/STM32F4xx_HAL_Driver/Src/stm32f4xx_hal_pwr_ex.o" --specs=nano.specs -mfpu=fpv4-sp-d16 -mfloat-abi=hard -mthumb -o "Drivers/STM32F4xx_HAL_Driver/Src/stm32f4xx_hal_pwr_ex.o"
arm-none-eabi-gcc "../Drivers/STM32F4xx_HAL_Driver/Src/stm32f4xx_hal_rcc.c" -mcpu=cortex-m4 -std=gnu11 -g3 -DDEBUG -DUSE_HAL_DRIVER -DSTM32F446xx -c -I../Core/Inc -I../Drivers/STM32F4xx_HAL_Driver/Inc -I../Drivers/STM32F4xx_HAL_Driver/Inc/Legacy -I../Drivers/CMSIS/Device/ST/STM32F4xx/Include -I../Drivers/CMSIS/Include -O0 -ffunction-sections -fdata-sections -Wall -fstack-usage -fcyclomatic-complexity -MMD -MP -MF"Drivers/STM32F4xx_HAL_Driver/Src/stm32f4xx_hal_rcc.d" -MT"Drivers/STM32F4xx_HAL_Driver/Src/stm32f4xx_hal_rcc.o" --specs=nano.specs -mfpu=fpv4-sp-d16 -mfloat-abi=hard -mthumb -o "Drivers/STM32F4xx_HAL_Driver/Src/stm32f4xx_hal_rcc.o"
arm-none-eabi-gcc "../Drivers/STM32F4xx_HAL_Driver/Src/stm32f4xx_hal_rcc_ex.c" -mcpu=cortex-m4 -std=gnu11 -g3 -DDEBUG -DUSE_HAL_DRIVER -DSTM32F446xx -c -I../Core/Inc -I../Drivers/STM32F4xx_HAL_Driver/Inc -I../Drivers/STM32F4xx_HAL_Driver/Inc/Legacy -I../Drivers/CMSIS/Device/ST/STM32F4xx/Include -I../Drivers/CMSIS/Include -O0 -ffunction-sections -fdata-sections -Wall -fstack-usage -fcyclomatic-complexity -MMD -MP -MF"Drivers/STM32F4xx_HAL_Driver/Src/stm32f4xx_hal_rcc_ex.d" -MT"Drivers/STM32F4xx_HAL_Driver/Src/stm32f4xx_hal_rcc_ex.o" --specs=nano.specs -mfpu=fpv4-sp-d16 -mfloat-abi=hard -mthumb -o "Drivers/STM32F4xx_HAL_Driver/Src/stm32f4xx_hal_rcc_ex.o"
arm-none-eabi-gcc "../Drivers/STM32F4xx_HAL_Driver/Src/stm32f4xx_hal_tim.c" -mcpu=cortex-m4 -std=gnu11 -g3 -DDEBUG -DUSE_HAL_DRIVER -DSTM32F446xx -c -I../Core/Inc -I../Drivers/STM32F4xx_HAL_Driver/Inc -I../Drivers/STM32F4xx_HAL_Driver/Inc/Legacy -I../Drivers/CMSIS/Device/ST/STM32F4xx/Include -I../Drivers/CMSIS/Include -O0 -ffunction-sections -fdata-sections -Wall -fstack-usage -fcyclomatic-complexity -MMD -MP -MF"Drivers/STM32F4xx_HAL_Driver/Src/stm32f4xx_hal_tim.d" -MT"Drivers/STM32F4xx_HAL_Driver/Src/stm32f4xx_hal_tim.o" --specs=nano.specs -mfpu=fpv4-sp-d16 -mfloat-abi=hard -mthumb -o "Drivers/STM32F4xx_HAL_Driver/Src/stm32f4xx_hal_tim.o"
arm-none-eabi-gcc "../Drivers/STM32F4xx_HAL_Driver/Src/stm32f4xx_hal_tim_ex.c" -mcpu=cortex-m4 -std=gnu11 -g3 -DDEBUG -DUSE_HAL_DRIVER -DSTM32F446xx -c -I../Core/Inc -I../Drivers/STM32F4xx_HAL_Driver/Inc -I../Drivers/STM32F4xx_HAL_Driver/Inc/Legacy -I../Drivers/CMSIS/Device/ST/STM32F4xx/Include -I../Drivers/CMSIS/Include -O0 -ffunction-sections -fdata-sections -Wall -fstack-usage -fcyclomatic-complexity -MMD -MP -MF"Drivers/STM32F4xx_HAL_Driver/Src/stm32f4xx_hal_tim_ex.d" -MT"Drivers/STM32F4xx_HAL_Driver/Src/stm32f4xx_hal_tim_ex.o" --specs=nano.specs -mfpu=fpv4-sp-d16 -mfloat-abi=hard -mthumb -o "Drivers/STM32F4xx_HAL_Driver/Src/stm32f4xx_hal_tim_ex.o"
arm-none-eabi-gcc "../Drivers/STM32F4xx_HAL_Driver/Src/stm32f4xx_hal_uart.c" -mcpu=cortex-m4 -std=gnu11 -g3 -DDEBUG -DUSE_HAL_DRIVER -DSTM32F446xx -c -I../Core/Inc -I../Drivers/STM32F4xx_HAL_Driver/Inc -I../Drivers/STM32F4xx_HAL_Driver/Inc/Legacy -I../Drivers/CMSIS/Device/ST/STM32F4xx/Include -I../Drivers/CMSIS/Include -O0 -ffunction-sections -fdata-sections -Wall -fstack-usage -fcyclomatic-complexity -MMD -MP -MF"Drivers/STM32F4xx_HAL_Driver/Src/stm32f4xx_hal_uart.d" -MT"Drivers/STM32F4xx_HAL_Driver/Src/stm32f4xx_hal_uart.o" --specs=nano.specs -mfpu=fpv4-sp-d16 -mfloat-abi=hard -mthumb -o "Drivers/STM32F4xx_HAL_Driver/Src/stm32f4xx_hal_uart.o"
arm-none-eabi-gcc -mcpu=cortex-m4 -g3 -DDEBUG -c -x assembler-with-cpp -MMD -MP -MF"Core/Startup/startup_stm32f446retx.d" -MT"Core/Startup/startup_stm32f446retx.o" --specs=nano.specs -mfpu=fpv4-sp-d16 -mfloat-abi=hard -mthumb -o "Core/Startup/startup_stm32f446retx.o" "../Core/Startup/startup_stm32f446retx.s"
arm-none-eabi-gcc "../Core/Src/main.c" -mcpu=cortex-m4 -std=gnu11 -g3 -DDEBUG -DUSE_HAL_DRIVER -DSTM32F446xx -c -I../Core/Inc -I../Drivers/STM32F4xx_HAL_Driver/Inc -I../Drivers/STM32F4xx_HAL_Driver/Inc/Legacy -I../Drivers/CMSIS/Device/ST/STM32F4xx/Include -I../Drivers/CMSIS/Include -O0 -ffunction-sections -fdata-sections -Wall -fstack-usage -fcyclomatic-complexity -MMD -MP -MF"Core/Src/main.d" -MT"Core/Src/main.o" --specs=nano.specs -mfpu=fpv4-sp-d16 -mfloat-abi=hard -mthumb -o "Core/Src/main.o"
arm-none-eabi-gcc "../Core/Src/stm32f4xx_hal_msp.c" -mcpu=cortex-m4 -std=gnu11 -g3 -DDEBUG -DUSE_HAL_DRIVER -DSTM32F446xx -c -I../Core/Inc -I../Drivers/STM32F4xx_HAL_Driver/Inc -I../Drivers/STM32F4xx_HAL_Driver/Inc/Legacy -I../Drivers/CMSIS/Device/ST/STM32F4xx/Include -I../Drivers/CMSIS/Include -O0 -ffunction-sections -fdata-sections -Wall -fstack-usage -fcyclomatic-complexity -MMD -MP -MF"Core/Src/stm32f4xx_hal_msp.d" -MT"Core/Src/stm32f4xx_hal_msp.o" --specs=nano.specs -mfpu=fpv4-sp-d16 -mfloat-abi=hard -mthumb -o "Core/Src/stm32f4xx_hal_msp.o"
arm-none-eabi-gcc "../Core/Src/stm32f4xx_it.c" -mcpu=cortex-m4 -std=gnu11 -g3 -DDEBUG -DUSE_HAL_DRIVER -DSTM32F446xx -c -I../Core/Inc -I../Drivers/STM32F4xx_HAL_Driver/Inc -I../Drivers/STM32F4xx_HAL_Driver/Inc/Legacy -I../Drivers/CMSIS/Device/ST/STM32F4xx/Include -I../Drivers/CMSIS/Include -O0 -ffunction-sections -fdata-sections -Wall -fstack-usage -fcyclomatic-complexity -MMD -MP -MF"Core/Src/stm32f4xx_it.d" -MT"Core/Src/stm32f4xx_it.o" --specs=nano.specs -mfpu=fpv4-sp-d16 -mfloat-abi=hard -mthumb -o "Core/Src/stm32f4xx_it.o"
arm-none-eabi-gcc "../Core/Src/syscalls.c" -mcpu=cortex-m4 -std=gnu11 -g3 -DDEBUG -DUSE_HAL_DRIVER -DSTM32F446xx -c -I../Core/Inc -I../Drivers/STM32F4xx_HAL_Driver/Inc -I../Drivers/STM32F4xx_HAL_Driver/Inc/Legacy -I../Drivers/CMSIS/Device/ST/STM32F4xx/Include -I../Drivers/CMSIS/Include -O0 -ffunction-sections -fdata-sections -Wall -fstack-usage -fcyclomatic-complexity -MMD -MP -MF"Core/Src/syscalls.d" -MT"Core/Src/syscalls.o" --specs=nano.specs -mfpu=fpv4-sp-d16 -mfloat-abi=hard -mthumb -o "Core/Src/syscalls.o"
arm-none-eabi-gcc "../Core/Src/sysmem.c" -mcpu=cortex-m4 -std=gnu11 -g3 -DDEBUG -DUSE_HAL_DRIVER -DSTM32F446xx -c -I../Core/Inc -I../Drivers/STM32F4xx_HAL_Driver/Inc -I../Drivers/STM32F4xx_HAL_Driver/Inc/Legacy -I../Drivers/CMSIS/Device/ST/STM32F4xx/Include -I../Drivers/CMSIS/Include -O0 -ffunction-sections -fdata-sections -Wall -fstack-usage -fcyclomatic-complexity -MMD -MP -MF"Core/Src/sysmem.d" -MT"Core/Src/sysmem.o" --specs=nano.specs -mfpu=fpv4-sp-d16 -mfloat-abi=hard -mthumb -o "Core/Src/sysmem.o"
arm-none-eabi-gcc "../Core/Src/system_stm32f4xx.c" -mcpu=cortex-m4 -std=gnu11 -g3 -DDEBUG -DUSE_HAL_DRIVER -DSTM32F446xx -c -I../Core/Inc -I../Drivers/STM32F4xx_HAL_Driver/Inc -I../Drivers/STM32F4xx_HAL_Driver/Inc/Legacy -I../Drivers/CMSIS/Device/ST/STM32F4xx/Include -I../Drivers/CMSIS/Include -O0 -ffunction-sections -fdata-sections -Wall -fstack-usage -fcyclomatic-complexity -MMD -MP -MF"Core/Src/system_stm32f4xx.d" -MT"Core/Src/system_stm32f4xx.o" --specs=nano.specs -mfpu=fpv4-sp-d16 -mfloat-abi=hard -mthumb -o "Core/Src/system_stm32f4xx.o"
../Core/Src/main.c: In function 'SystemClock_Config':
../Core/Src/main.c:61:5: warning: implicit declaration of function 'Error_Handler' [-Wimplicit-function-declaration]
   61 |     Error_Handler();
      |     ^~~~~~~~~~~~~
../Core/Src/main.c: In function 'MX_USART2_UART_Init':
../Core/Src/main.c:94:3: error: 'huart2' undeclared (first use in this function)
   94 |   huart2.Instance = USART2;
      |   ^~~~~~
../Core/Src/main.c:94:3: note: each undeclared identifier is reported only once for each function it appears in
../Core/Src/main.c: At top level:
../Core/Src/main.c:167:6: warning: conflicting types for 'Error_Handler'; have 'void(void)'
  167 | void Error_Handler(void)
      |      ^~~~~~~~~~~~~
../Core/Src/main.c:61:5: note: previous implicit declaration of 'Error_Handler' with type 'void(void)'
   61 |     Error_Handler();
      |     ^~~~~~~~~~~~~
../Core/Src/main.c:84:13: warning: 'MX_USART2_UART_Init' defined but not used [-Wunused-function]
   84 | static void MX_USART2_UART_Init(void)
      |             ^~~~~~~~~~~~~~~~~~~
make: *** [Core/Src/subdir.mk:34: Core/Src/main.o] Error 1
make: *** Waiting for unfinished jobs....
"make -j12 all" terminated with exit code 2. Build might be incomplete.
02:33:06 **** Incremental Build of configuration Debug for project MCU1 ****
make -j12 all 
arm-none-eabi-gcc "../Core/Src/main.c" -mcpu=cortex-m4 -std=gnu11 -g3 -DDEBUG -DUSE_HAL_DRIVER -DSTM32F446xx -c -I../Core/Inc -I../Drivers/STM32F4xx_HAL_Driver/Inc -I../Drivers/STM32F4xx_HAL_Driver/Inc/Legacy -I../Drivers/CMSIS/Device/ST/STM32F4xx/Include -I../Drivers/CMSIS/Include -O0 -ffunction-sections -fdata-sections -Wall -fstack-usage -fcyclomatic-complexity -MMD -MP -MF"Core/Src/main.d" -MT"Core/Src/main.o" --specs=nano.specs -mfpu=fpv4-sp-d16 -mfloat-abi=hard -mthumb -o "Core/Src/main.o"
../Core/Src/main.c: In function 'SystemClock_Config':
../Core/Src/main.c:61:5: warning: implicit declaration of function 'Error_Handler' [-Wimplicit-function-declaration]
   61 |     Error_Handler();
      |     ^~~~~~~~~~~~~
../Core/Src/main.c: In function 'MX_USART2_UART_Init':
../Core/Src/main.c:94:3: error: 'huart2' undeclared (first use in this function)
   94 |   huart2.Instance = USART2;
      |   ^~~~~~
../Core/Src/main.c:94:3: note: each undeclared identifier is reported only once for each function it appears in
../Core/Src/main.c: At top level:
../Core/Src/main.c:186:6: warning: conflicting types for 'Error_Handler'; have 'void(void)'
  186 | void Error_Handler(void)
      |      ^~~~~~~~~~~~~
../Core/Src/main.c:61:5: note: previous implicit declaration of 'Error_Handler' with type 'void(void)'
   61 |     Error_Handler();
      |     ^~~~~~~~~~~~~
../Core/Src/main.c:84:13: warning: 'MX_USART2_UART_Init' defined but not used [-Wunused-function]
   84 | static void MX_USART2_UART_Init(void)
      |             ^~~~~~~~~~~~~~~~~~~
make: *** [Core/Src/subdir.mk:34: Core/Src/main.o] Error 1
"make -j12 all" terminated with exit code 2. Build might be incomplete.
02:34:14 **** Incremental Build of configuration Debug for project MCU1 ****
make -j12 all 
arm-none-eabi-gcc "../Core/Src/main.c" -mcpu=cortex-m4 -std=gnu11 -g3 -DDEBUG -DUSE_HAL_DRIVER -DSTM32F446xx -c -I../Core/Inc -I../Drivers/STM32F4xx_HAL_Driver/Inc -I../Drivers/STM32F4xx_HAL_Driver/Inc/Legacy -I../Drivers/CMSIS/Device/ST/STM32F4xx/Include -I../Drivers/CMSIS/Include -O0 -ffunction-sections -fdata-sections -Wall -fstack-usage -fcyclomatic-complexity -MMD -MP -MF"Core/Src/main.d" -MT"Core/Src/main.o" --specs=nano.specs -mfpu=fpv4-sp-d16 -mfloat-abi=hard -mthumb -o "Core/Src/main.o"
../Core/Src/main.c: In function 'MX_USART2_UART_Init':
../Core/Src/main.c:95:3: error: 'huart2' undeclared (first use in this function)
   95 |   huart2.Instance = USART2;
      |   ^~~~~~
../Core/Src/main.c:95:3: note: each undeclared identifier is reported only once for each function it appears in
At top level:
../Core/Src/main.c:85:13: warning: 'MX_USART2_UART_Init' defined but not used [-Wunused-function]
   85 | static void MX_USART2_UART_Init(void)
      |             ^~~~~~~~~~~~~~~~~~~
make: *** [Core/Src/subdir.mk:34: Core/Src/main.o] Error 1
"make -j12 all" terminated with exit code 2. Build might be incomplete.
02:34:33 **** Incremental Build of configuration Debug for project MCU1 ****
make -j12 all 
arm-none-eabi-gcc "../Core/Src/main.c" -mcpu=cortex-m4 -std=gnu11 -g3 -DDEBUG -DUSE_HAL_DRIVER -DSTM32F446xx -c -I../Core/Inc -I../Drivers/STM32F4xx_HAL_Driver/Inc -I../Drivers/STM32F4xx_HAL_Driver/Inc/Legacy -I../Drivers/CMSIS/Device/ST/STM32F4xx/Include -I../Drivers/CMSIS/Include -O0 -ffunction-sections -fdata-sections -Wall -fstack-usage -fcyclomatic-complexity -MMD -MP -MF"Core/Src/main.d" -MT"Core/Src/main.o" --specs=nano.specs -mfpu=fpv4-sp-d16 -mfloat-abi=hard -mthumb -o "Core/Src/main.o"
../Core/Src/main.c: In function 'main':
../Core/Src/main.c:30:15: warning: implicit declaration of function 'MX_USART2_UART_Init' [-Wimplicit-function-declaration]
   30 |               MX_USART2_UART_Init();
      |               ^~~~~~~~~~~~~~~~~~~
../Core/Src/main.c: At top level:
../Core/Src/main.c:96:13: warning: conflicting types for 'MX_USART2_UART_Init'; have 'void(void)'
   96 | static void MX_USART2_UART_Init(void)
      |             ^~~~~~~~~~~~~~~~~~~
../Core/Src/main.c:96:13: error: static declaration of 'MX_USART2_UART_Init' follows non-static declaration
../Core/Src/main.c:30:15: note: previous implicit declaration of 'MX_USART2_UART_Init' with type 'void(void)'
   30 |               MX_USART2_UART_Init();
      |               ^~~~~~~~~~~~~~~~~~~
../Core/Src/main.c: In function 'MX_USART2_UART_Init':
../Core/Src/main.c:106:3: error: 'huart2' undeclared (first use in this function)
  106 |   huart2.Instance = USART2;
      |   ^~~~~~
../Core/Src/main.c:106:3: note: each undeclared identifier is reported only once for each function it appears in
At top level:
../Core/Src/main.c:96:13: warning: 'MX_USART2_UART_Init' defined but not used [-Wunused-function]
   96 | static void MX_USART2_UART_Init(void)
      |             ^~~~~~~~~~~~~~~~~~~
make: *** [Core/Src/subdir.mk:34: Core/Src/main.o] Error 1
"make -j12 all" terminated with exit code 2. Build might be incomplete.
02:34:53 **** Incremental Build of configuration Debug for project MCU1 ****
make -j12 all 
arm-none-eabi-gcc "../Core/Src/main.c" -mcpu=cortex-m4 -std=gnu11 -g3 -DDEBUG -DUSE_HAL_DRIVER -DSTM32F446xx -c -I../Core/Inc -I../Drivers/STM32F4xx_HAL_Driver/Inc -I../Drivers/STM32F4xx_HAL_Driver/Inc/Legacy -I../Drivers/CMSIS/Device/ST/STM32F4xx/Include -I../Drivers/CMSIS/Include -O0 -ffunction-sections -fdata-sections -Wall -fstack-usage -fcyclomatic-complexity -MMD -MP -MF"Core/Src/main.d" -MT"Core/Src/main.o" --specs=nano.specs -mfpu=fpv4-sp-d16 -mfloat-abi=hard -mthumb -o "Core/Src/main.o"
../Core/Src/main.c: In function 'main':
../Core/Src/main.c:27:15: warning: implicit declaration of function 'MX_USART2_UART_Init' [-Wimplicit-function-declaration]
   27 |               MX_USART2_UART_Init();
      |               ^~~~~~~~~~~~~~~~~~~
../Core/Src/main.c: At top level:
../Core/Src/main.c:93:13: warning: conflicting types for 'MX_USART2_UART_Init'; have 'void(void)'
   93 | static void MX_USART2_UART_Init(void)
      |             ^~~~~~~~~~~~~~~~~~~
../Core/Src/main.c:93:13: error: static declaration of 'MX_USART2_UART_Init' follows non-static declaration
../Core/Src/main.c:27:15: note: previous implicit declaration of 'MX_USART2_UART_Init' with type 'void(void)'
   27 |               MX_USART2_UART_Init();
      |               ^~~~~~~~~~~~~~~~~~~
../Core/Src/main.c: In function 'MX_USART2_UART_Init':
../Core/Src/main.c:103:3: error: 'huart2' undeclared (first use in this function)
  103 |   huart2.Instance = USART2;
      |   ^~~~~~
../Core/Src/main.c:103:3: note: each undeclared identifier is reported only once for each function it appears in
At top level:
../Core/Src/main.c:93:13: warning: 'MX_USART2_UART_Init' defined but not used [-Wunused-function]
   93 | static void MX_USART2_UART_Init(void)
      |             ^~~~~~~~~~~~~~~~~~~
make: *** [Core/Src/subdir.mk:34: Core/Src/main.o] Error 1
"make -j12 all" terminated with exit code 2. Build might be incomplete.
02:36:05 **** Incremental Build of configuration Debug for project MCU1 ****
make -j12 all 
arm-none-eabi-gcc "../Core/Src/main.c" -mcpu=cortex-m4 -std=gnu11 -g3 -DDEBUG -DUSE_HAL_DRIVER -DSTM32F446xx -c -I../Core/Inc -I../Drivers/STM32F4xx_HAL_Driver/Inc -I../Drivers/STM32F4xx_HAL_Driver/Inc/Legacy -I../Drivers/CMSIS/Device/ST/STM32F4xx/Include -I../Drivers/CMSIS/Include -O0 -ffunction-sections -fdata-sections -Wall -fstack-usage -fcyclomatic-complexity -MMD -MP -MF"Core/Src/main.d" -MT"Core/Src/main.o" --specs=nano.specs -mfpu=fpv4-sp-d16 -mfloat-abi=hard -mthumb -o "Core/Src/main.o"
arm-none-eabi-gcc -o "MCU1.elf" @"objects.list"   -mcpu=cortex-m4 -T"C:\Users\crayo\Desktop\Licence3S6\micro\Project_Morse_Code\MCU1\STM32F446RETX_FLASH.ld" --specs=nosys.specs -Wl,-Map="MCU1.map" -Wl,--gc-sections -static --specs=nano.specs -mfpu=fpv4-sp-d16 -mfloat-abi=hard -mthumb -Wl,--start-group -lc -lm -Wl,--end-group
Finished building target: MCU1.elf
 
arm-none-eabi-size  MCU1.elf 
arm-none-eabi-objdump -h -S MCU1.elf  > "MCU1.list"
   text	   data	    bss	    dec	    hex	filename
   8644	     20	   1644	  10308	   2844	MCU1.elf
Finished building: default.size.stdout
 
Finished building: MCU1.list
 
02:36:16 **** Incremental Build of configuration Debug for project MCU1 ****
make -j12 all 
arm-none-eabi-size  MCU1.elf 
   text	   data	    bss	    dec	    hex	filename
   8644	     20	   1644	  10308	   2844	MCU1.elf
Finished building: default.size.stdout
 
02:37:33 **** Incremental Build of configuration Debug for project MCU1 ****
make -j12 all 
arm-none-eabi-gcc "../Core/Src/main.c" -mcpu=cortex-m4 -std=gnu11 -g3 -DDEBUG -DUSE_HAL_DRIVER -DSTM32F446xx -c -I../Core/Inc -I../Drivers/STM32F4xx_HAL_Driver/Inc -I../Drivers/STM32F4xx_HAL_Driver/Inc/Legacy -I../Drivers/CMSIS/Device/ST/STM32F4xx/Include -I../Drivers/CMSIS/Include -O0 -ffunction-sections -fdata-sections -Wall -fstack-usage -fcyclomatic-complexity -MMD -MP -MF"Core/Src/main.d" -MT"Core/Src/main.o" --specs=nano.specs -mfpu=fpv4-sp-d16 -mfloat-abi=hard -mthumb -o "Core/Src/main.o"
arm-none-eabi-gcc -o "MCU1.elf" @"objects.list"   -mcpu=cortex-m4 -T"C:\Users\crayo\Desktop\Licence3S6\micro\Project_Morse_Code\MCU1\STM32F446RETX_FLASH.ld" --specs=nosys.specs -Wl,-Map="MCU1.map" -Wl,--gc-sections -static --specs=nano.specs -mfpu=fpv4-sp-d16 -mfloat-abi=hard -mthumb -Wl,--start-group -lc -lm -Wl,--end-group
Finished building target: MCU1.elf
 
arm-none-eabi-size  MCU1.elf 
arm-none-eabi-objdump -h -S MCU1.elf  > "MCU1.list"
   text	   data	    bss	    dec	    hex	filename
   8552	     20	   1644	  10216	   27e8	MCU1.elf
Finished building: default.size.stdout
 
Finished building: MCU1.list
 
02:39:07 **** Incremental Build of configuration Debug for project MCU1 ****
make -j12 all 
arm-none-eabi-size  MCU1.elf 
   text	   data	    bss	    dec	    hex	filename
   8552	     20	   1644	  10216	   27e8	MCU1.elf
Finished building: default.size.stdout
 
02:43:23 **** Incremental Build of configuration Debug for project MCU1 ****
make -j12 all 
arm-none-eabi-size  MCU1.elf 
   text	   data	    bss	    dec	    hex	filename
   8552	     20	   1644	  10216	   27e8	MCU1.elf
Finished building: default.size.stdout
 
02:43:28 **** Incremental Build of configuration Debug for project MCU1 ****
make -j12 all 
arm-none-eabi-size  MCU1.elf 
   text	   data	    bss	    dec	    hex	filename
   8552	     20	   1644	  10216	   27e8	MCU1.elf
Finished building: default.size.stdout
 
02:43:41 **** Incremental Build of configuration Debug for project MCU1 ****
make -j12 all 
arm-none-eabi-size  MCU1.elf 
   text	   data	    bss	    dec	    hex	filename
   8552	     20	   1644	  10216	   27e8	MCU1.elf
Finished building: default.size.stdout
 
02:47:22 **** Incremental Build of configuration Debug for project MCU1 ****
make -j12 all 
arm-none-eabi-size  MCU1.elf 
   text	   data	    bss	    dec	    hex	filename
   8552	     20	   1644	  10216	   27e8	MCU1.elf
Finished building: default.size.stdout
 
02:50:18 **** Incremental Build of configuration Debug for project MCU1 ****
make -j12 all 
arm-none-eabi-size  MCU1.elf 
   text	   data	    bss	    dec	    hex	filename
   8552	     20	   1644	  10216	   27e8	MCU1.elf
Finished building: default.size.stdout
 
03:01:36 **** Incremental Build of configuration Debug for project MCU1 ****
make -j12 all 
arm-none-eabi-gcc "../Core/Src/main.c" -mcpu=cortex-m4 -std=gnu11 -g3 -DDEBUG -DUSE_HAL_DRIVER -DSTM32F446xx -c -I../Core/Inc -I../Drivers/STM32F4xx_HAL_Driver/Inc -I../Drivers/STM32F4xx_HAL_Driver/Inc/Legacy -I../Drivers/CMSIS/Device/ST/STM32F4xx/Include -I../Drivers/CMSIS/Include -O0 -ffunction-sections -fdata-sections -Wall -fstack-usage -fcyclomatic-complexity -MMD -MP -MF"Core/Src/main.d" -MT"Core/Src/main.o" --specs=nano.specs -mfpu=fpv4-sp-d16 -mfloat-abi=hard -mthumb -o "Core/Src/main.o"
arm-none-eabi-gcc -o "MCU1.elf" @"objects.list"   -mcpu=cortex-m4 -T"C:\Users\crayo\Desktop\Licence3S6\micro\Project_Morse_Code\MCU1\STM32F446RETX_FLASH.ld" --specs=nosys.specs -Wl,-Map="MCU1.map" -Wl,--gc-sections -static --specs=nano.specs -mfpu=fpv4-sp-d16 -mfloat-abi=hard -mthumb -Wl,--start-group -lc -lm -Wl,--end-group
Finished building target: MCU1.elf
 
arm-none-eabi-size  MCU1.elf 
arm-none-eabi-objdump -h -S MCU1.elf  > "MCU1.list"
   text	   data	    bss	    dec	    hex	filename
   8672	     20	   1644	  10336	   2860	MCU1.elf
Finished building: default.size.stdout
 
Finished building: MCU1.list
 
03:06:37 **** Incremental Build of configuration Debug for project MCU1 ****
make -j12 all 
arm-none-eabi-gcc "../Core/Src/main.c" -mcpu=cortex-m4 -std=gnu11 -g3 -DDEBUG -DUSE_HAL_DRIVER -DSTM32F446xx -c -I../Core/Inc -I../Drivers/STM32F4xx_HAL_Driver/Inc -I../Drivers/STM32F4xx_HAL_Driver/Inc/Legacy -I../Drivers/CMSIS/Device/ST/STM32F4xx/Include -I../Drivers/CMSIS/Include -O0 -ffunction-sections -fdata-sections -Wall -fstack-usage -fcyclomatic-complexity -MMD -MP -MF"Core/Src/main.d" -MT"Core/Src/main.o" --specs=nano.specs -mfpu=fpv4-sp-d16 -mfloat-abi=hard -mthumb -o "Core/Src/main.o"
arm-none-eabi-gcc -o "MCU1.elf" @"objects.list"   -mcpu=cortex-m4 -T"C:\Users\crayo\Desktop\Licence3S6\micro\Project_Morse_Code\MCU1\STM32F446RETX_FLASH.ld" --specs=nosys.specs -Wl,-Map="MCU1.map" -Wl,--gc-sections -static --specs=nano.specs -mfpu=fpv4-sp-d16 -mfloat-abi=hard -mthumb -Wl,--start-group -lc -lm -Wl,--end-group
Finished building target: MCU1.elf
 
arm-none-eabi-size  MCU1.elf 
arm-none-eabi-objdump -h -S MCU1.elf  > "MCU1.list"
   text	   data	    bss	    dec	    hex	filename
   8700	     20	   1644	  10364	   287c	MCU1.elf
Finished building: default.size.stdout
 
Finished building: MCU1.list
 
03:23:08 **** Incremental Build of configuration Debug for project MCU1 ****
make -j12 all 
arm-none-eabi-gcc "../Core/Src/main.c" -mcpu=cortex-m4 -std=gnu11 -g3 -DDEBUG -DUSE_HAL_DRIVER -DSTM32F446xx -c -I../Core/Inc -I../Drivers/STM32F4xx_HAL_Driver/Inc -I../Drivers/STM32F4xx_HAL_Driver/Inc/Legacy -I../Drivers/CMSIS/Device/ST/STM32F4xx/Include -I../Drivers/CMSIS/Include -O0 -ffunction-sections -fdata-sections -Wall -fstack-usage -fcyclomatic-complexity -MMD -MP -MF"Core/Src/main.d" -MT"Core/Src/main.o" --specs=nano.specs -mfpu=fpv4-sp-d16 -mfloat-abi=hard -mthumb -o "Core/Src/main.o"
../Core/Src/main.c:144:6: error: redefinition of 'SystemClock_Config'
  144 | void SystemClock_Config(void)
      |      ^~~~~~~~~~~~~~~~~~
../Core/Src/main.c:135:18: note: previous definition of 'SystemClock_Config' with type 'void(void)'
  135 |             void SystemClock_Config(void) {
      |                  ^~~~~~~~~~~~~~~~~~
make: *** [Core/Src/subdir.mk:34: Core/Src/main.o] Error 1
"make -j12 all" terminated with exit code 2. Build might be incomplete.
03:24:05 **** Incremental Build of configuration Debug for project MCU1 ****
make -j12 all 
arm-none-eabi-gcc "../Core/Src/main.c" -mcpu=cortex-m4 -std=gnu11 -g3 -DDEBUG -DUSE_HAL_DRIVER -DSTM32F446xx -c -I../Core/Inc -I../Drivers/STM32F4xx_HAL_Driver/Inc -I../Drivers/STM32F4xx_HAL_Driver/Inc/Legacy -I../Drivers/CMSIS/Device/ST/STM32F4xx/Include -I../Drivers/CMSIS/Include -O0 -ffunction-sections -fdata-sections -Wall -fstack-usage -fcyclomatic-complexity -MMD -MP -MF"Core/Src/main.d" -MT"Core/Src/main.o" --specs=nano.specs -mfpu=fpv4-sp-d16 -mfloat-abi=hard -mthumb -o "Core/Src/main.o"
../Core/Src/main.c: In function 'main':
../Core/Src/main.c:87:5: warning: implicit declaration of function 'SystemClock_Config'; did you mean 'SysTick_Config'? [-Wimplicit-function-declaration]
   87 |     SystemClock_Config();
      |     ^~~~~~~~~~~~~~~~~~
      |     SysTick_Config
../Core/Src/main.c: At top level:
../Core/Src/main.c:135:18: warning: conflicting types for 'SystemClock_Config'; have 'void(void)'
  135 |             void SystemClock_Config(void) {
      |                  ^~~~~~~~~~~~~~~~~~
../Core/Src/main.c:87:5: note: previous implicit declaration of 'SystemClock_Config' with type 'void(void)'
   87 |     SystemClock_Config();
      |     ^~~~~~~~~~~~~~~~~~
../Core/Src/main.c:144:6: error: redefinition of 'SystemClock_Config'
  144 | void SystemClock_Config(void)
      |      ^~~~~~~~~~~~~~~~~~
../Core/Src/main.c:135:18: note: previous definition of 'SystemClock_Config' with type 'void(void)'
  135 |             void SystemClock_Config(void) {
      |                  ^~~~~~~~~~~~~~~~~~
make: *** [Core/Src/subdir.mk:34: Core/Src/main.o] Error 1
"make -j12 all" terminated with exit code 2. Build might be incomplete.
03:24:39 **** Incremental Build of configuration Debug for project MCU1 ****
make -j12 all 
arm-none-eabi-gcc "../Core/Src/main.c" -mcpu=cortex-m4 -std=gnu11 -g3 -DDEBUG -DUSE_HAL_DRIVER -DSTM32F446xx -c -I../Core/Inc -I../Drivers/STM32F4xx_HAL_Driver/Inc -I../Drivers/STM32F4xx_HAL_Driver/Inc/Legacy -I../Drivers/CMSIS/Device/ST/STM32F4xx/Include -I../Drivers/CMSIS/Include -O0 -ffunction-sections -fdata-sections -Wall -fstack-usage -fcyclomatic-complexity -MMD -MP -MF"Core/Src/main.d" -MT"Core/Src/main.o" --specs=nano.specs -mfpu=fpv4-sp-d16 -mfloat-abi=hard -mthumb -o "Core/Src/main.o"
arm-none-eabi-gcc -o "MCU1.elf" @"objects.list"   -mcpu=cortex-m4 -T"C:\Users\crayo\Desktop\Licence3S6\micro\Project_Morse_Code\MCU1\STM32F446RETX_FLASH.ld" --specs=nosys.specs -Wl,-Map="MCU1.map" -Wl,--gc-sections -static --specs=nano.specs -mfpu=fpv4-sp-d16 -mfloat-abi=hard -mthumb -Wl,--start-group -lc -lm -Wl,--end-group
Finished building target: MCU1.elf
 
arm-none-eabi-size  MCU1.elf 
arm-none-eabi-objdump -h -S MCU1.elf  > "MCU1.list"
   text	   data	    bss	    dec	    hex	filename
  11072	     20	   1644	  12736	   31c0	MCU1.elf
Finished building: default.size.stdout
 
Finished building: MCU1.list
 
03:37:29 **** Incremental Build of configuration Debug for project MCU1 ****
make -j12 all 
arm-none-eabi-gcc "../Core/Src/main.c" -mcpu=cortex-m4 -std=gnu11 -g3 -DDEBUG -DUSE_HAL_DRIVER -DSTM32F446xx -c -I../Core/Inc -I../Drivers/STM32F4xx_HAL_Driver/Inc -I../Drivers/STM32F4xx_HAL_Driver/Inc/Legacy -I../Drivers/CMSIS/Device/ST/STM32F4xx/Include -I../Drivers/CMSIS/Include -O0 -ffunction-sections -fdata-sections -Wall -fstack-usage -fcyclomatic-complexity -MMD -MP -MF"Core/Src/main.d" -MT"Core/Src/main.o" --specs=nano.specs -mfpu=fpv4-sp-d16 -mfloat-abi=hard -mthumb -o "Core/Src/main.o"
../Core/Src/main.c: In function 'buzzerToggle':
../Core/Src/main.c:30:23: error: 'BUZZER_GPIO_PORT' undeclared (first use in this function); did you mean 'BUTTON_GPIO_PORT'?
   30 |     HAL_GPIO_WritePin(BUZZER_GPIO_PORT, BUZZER_PIN, GPIO_PIN_SET); // Active le buzzer
      |                       ^~~~~~~~~~~~~~~~
      |                       BUTTON_GPIO_PORT
../Core/Src/main.c:30:23: note: each undeclared identifier is reported only once for each function it appears in
../Core/Src/main.c:30:41: error: 'BUZZER_PIN' undeclared (first use in this function)
   30 |     HAL_GPIO_WritePin(BUZZER_GPIO_PORT, BUZZER_PIN, GPIO_PIN_SET); // Active le buzzer
      |                                         ^~~~~~~~~~
../Core/Src/main.c: In function 'MX_GPIO_Init':
../Core/Src/main.c:248:27: error: 'LD2_GPIO_Port' undeclared (first use in this function); did you mean 'SWO_GPIO_Port'?
  248 |         HAL_GPIO_WritePin(LD2_GPIO_Port, LD2_Pin, GPIO_PIN_RESET);
      |                           ^~~~~~~~~~~~~
      |                           SWO_GPIO_Port
../Core/Src/main.c:248:42: error: 'LD2_Pin' undeclared (first use in this function)
  248 |         HAL_GPIO_WritePin(LD2_GPIO_Port, LD2_Pin, GPIO_PIN_RESET);
      |                                          ^~~~~~~
../Core/Src/main.c:254:31: error: 'B1_Pin' undeclared (first use in this function)
  254 |         GPIO_InitStruct.Pin = B1_Pin;
      |                               ^~~~~~
../Core/Src/main.c:257:23: error: 'B1_GPIO_Port' undeclared (first use in this function); did you mean 'SWO_GPIO_Port'?
  257 |         HAL_GPIO_Init(B1_GPIO_Port, &GPIO_InitStruct);
      |                       ^~~~~~~~~~~~
      |                       SWO_GPIO_Port
make: *** [Core/Src/subdir.mk:34: Core/Src/main.o] Error 1
"make -j12 all" terminated with exit code 2. Build might be incomplete.
03:37:49 **** Incremental Build of configuration Debug for project MCU1 ****
make -j12 all 
arm-none-eabi-gcc "../Core/Src/main.c" -mcpu=cortex-m4 -std=gnu11 -g3 -DDEBUG -DUSE_HAL_DRIVER -DSTM32F446xx -c -I../Core/Inc -I../Drivers/STM32F4xx_HAL_Driver/Inc -I../Drivers/STM32F4xx_HAL_Driver/Inc/Legacy -I../Drivers/CMSIS/Device/ST/STM32F4xx/Include -I../Drivers/CMSIS/Include -O0 -ffunction-sections -fdata-sections -Wall -fstack-usage -fcyclomatic-complexity -MMD -MP -MF"Core/Src/main.d" -MT"Core/Src/main.o" --specs=nano.specs -mfpu=fpv4-sp-d16 -mfloat-abi=hard -mthumb -o "Core/Src/main.o"
../Core/Src/main.c: In function 'buzzerToggle':
../Core/Src/main.c:30:23: error: 'BUZZER_GPIO_PORT' undeclared (first use in this function); did you mean 'BUTTON_GPIO_PORT'?
   30 |     HAL_GPIO_WritePin(BUZZER_GPIO_PORT, BUZZER_PIN, GPIO_PIN_SET); // Active le buzzer
      |                       ^~~~~~~~~~~~~~~~
      |                       BUTTON_GPIO_PORT
../Core/Src/main.c:30:23: note: each undeclared identifier is reported only once for each function it appears in
../Core/Src/main.c:30:41: error: 'BUZZER_PIN' undeclared (first use in this function)
   30 |     HAL_GPIO_WritePin(BUZZER_GPIO_PORT, BUZZER_PIN, GPIO_PIN_SET); // Active le buzzer
      |                                         ^~~~~~~~~~
../Core/Src/main.c: In function 'MX_GPIO_Init':
../Core/Src/main.c:252:31: error: 'B1_Pin' undeclared (first use in this function)
  252 |         GPIO_InitStruct.Pin = B1_Pin;
      |                               ^~~~~~
../Core/Src/main.c:255:23: error: 'B1_GPIO_Port' undeclared (first use in this function); did you mean 'SWO_GPIO_Port'?
  255 |         HAL_GPIO_Init(B1_GPIO_Port, &GPIO_InitStruct);
      |                       ^~~~~~~~~~~~
      |                       SWO_GPIO_Port
make: *** [Core/Src/subdir.mk:34: Core/Src/main.o] Error 1
"make -j12 all" terminated with exit code 2. Build might be incomplete.
03:40:11 **** Incremental Build of configuration Debug for project MCU1 ****
make -j12 all 
arm-none-eabi-gcc "../Core/Src/main.c" -mcpu=cortex-m4 -std=gnu11 -g3 -DDEBUG -DUSE_HAL_DRIVER -DSTM32F446xx -c -I../Core/Inc -I../Drivers/STM32F4xx_HAL_Driver/Inc -I../Drivers/STM32F4xx_HAL_Driver/Inc/Legacy -I../Drivers/CMSIS/Device/ST/STM32F4xx/Include -I../Drivers/CMSIS/Include -O0 -ffunction-sections -fdata-sections -Wall -fstack-usage -fcyclomatic-complexity -MMD -MP -MF"Core/Src/main.d" -MT"Core/Src/main.o" --specs=nano.specs -mfpu=fpv4-sp-d16 -mfloat-abi=hard -mthumb -o "Core/Src/main.o"
../Core/Src/main.c: In function 'buzzerToggle':
../Core/Src/main.c:29:23: error: 'BUZZER_GPIO_PORT' undeclared (first use in this function); did you mean 'BUTTON_GPIO_PORT'?
   29 |     HAL_GPIO_WritePin(BUZZER_GPIO_PORT, BUZZER_PIN, GPIO_PIN_SET); // Active le buzzer
      |                       ^~~~~~~~~~~~~~~~
      |                       BUTTON_GPIO_PORT
../Core/Src/main.c:29:23: note: each undeclared identifier is reported only once for each function it appears in
../Core/Src/main.c:29:41: error: 'BUZZER_PIN' undeclared (first use in this function)
   29 |     HAL_GPIO_WritePin(BUZZER_GPIO_PORT, BUZZER_PIN, GPIO_PIN_SET); // Active le buzzer
      |                                         ^~~~~~~~~~
../Core/Src/main.c: In function 'main':
../Core/Src/main.c:111:43: error: 'LED_GPIO_PORT' undeclared (first use in this function)
  111 |                         HAL_GPIO_WritePin(LED_GPIO_PORT, LED_PIN, (mode == 0) ? GPIO_PIN_SET : GPIO_PIN_RESET);
      |                                           ^~~~~~~~~~~~~
../Core/Src/main.c:111:58: error: 'LED_PIN' undeclared (first use in this function)
  111 |                         HAL_GPIO_WritePin(LED_GPIO_PORT, LED_PIN, (mode == 0) ? GPIO_PIN_SET : GPIO_PIN_RESET);
      |                                                          ^~~~~~~
../Core/Src/main.c: In function 'MX_GPIO_Init':
../Core/Src/main.c:265:31: error: 'B1_Pin' undeclared (first use in this function)
  265 |         GPIO_InitStruct.Pin = B1_Pin;
      |                               ^~~~~~
../Core/Src/main.c:268:23: error: 'B1_GPIO_Port' undeclared (first use in this function); did you mean 'SWO_GPIO_Port'?
  268 |         HAL_GPIO_Init(B1_GPIO_Port, &GPIO_InitStruct);
      |                       ^~~~~~~~~~~~
      |                       SWO_GPIO_Port
make: *** [Core/Src/subdir.mk:34: Core/Src/main.o] Error 1
"make -j12 all" terminated with exit code 2. Build might be incomplete.
03:43:13 **** Incremental Build of configuration Debug for project MCU1 ****
make -j12 all 
arm-none-eabi-gcc "../Core/Src/main.c" -mcpu=cortex-m4 -std=gnu11 -g3 -DDEBUG -DUSE_HAL_DRIVER -DSTM32F446xx -c -I../Core/Inc -I../Drivers/STM32F4xx_HAL_Driver/Inc -I../Drivers/STM32F4xx_HAL_Driver/Inc/Legacy -I../Drivers/CMSIS/Device/ST/STM32F4xx/Include -I../Drivers/CMSIS/Include -O0 -ffunction-sections -fdata-sections -Wall -fstack-usage -fcyclomatic-complexity -MMD -MP -MF"Core/Src/main.d" -MT"Core/Src/main.o" --specs=nano.specs -mfpu=fpv4-sp-d16 -mfloat-abi=hard -mthumb -o "Core/Src/main.o"
../Core/Src/main.c: In function 'main':
../Core/Src/main.c:113:43: error: 'LED_GPIO_PORT' undeclared (first use in this function)
  113 |                         HAL_GPIO_WritePin(LED_GPIO_PORT, LED_PIN, (mode == 0) ? GPIO_PIN_SET : GPIO_PIN_RESET);
      |                                           ^~~~~~~~~~~~~
../Core/Src/main.c:113:43: note: each undeclared identifier is reported only once for each function it appears in
../Core/Src/main.c:113:58: error: 'LED_PIN' undeclared (first use in this function)
  113 |                         HAL_GPIO_WritePin(LED_GPIO_PORT, LED_PIN, (mode == 0) ? GPIO_PIN_SET : GPIO_PIN_RESET);
      |                                                          ^~~~~~~
../Core/Src/main.c: In function 'MX_GPIO_Init':
../Core/Src/main.c:267:31: error: 'B1_Pin' undeclared (first use in this function)
  267 |         GPIO_InitStruct.Pin = B1_Pin;
      |                               ^~~~~~
../Core/Src/main.c:270:23: error: 'B1_GPIO_Port' undeclared (first use in this function); did you mean 'SWO_GPIO_Port'?
  270 |         HAL_GPIO_Init(B1_GPIO_Port, &GPIO_InitStruct);
      |                       ^~~~~~~~~~~~
      |                       SWO_GPIO_Port
make: *** [Core/Src/subdir.mk:34: Core/Src/main.o] Error 1
"make -j12 all" terminated with exit code 2. Build might be incomplete.
03:45:33 **** Incremental Build of configuration Debug for project MCU1 ****
make -j12 all 
arm-none-eabi-gcc "../Core/Src/main.c" -mcpu=cortex-m4 -std=gnu11 -g3 -DDEBUG -DUSE_HAL_DRIVER -DSTM32F446xx -c -I../Core/Inc -I../Drivers/STM32F4xx_HAL_Driver/Inc -I../Drivers/STM32F4xx_HAL_Driver/Inc/Legacy -I../Drivers/CMSIS/Device/ST/STM32F4xx/Include -I../Drivers/CMSIS/Include -O0 -ffunction-sections -fdata-sections -Wall -fstack-usage -fcyclomatic-complexity -MMD -MP -MF"Core/Src/main.d" -MT"Core/Src/main.o" --specs=nano.specs -mfpu=fpv4-sp-d16 -mfloat-abi=hard -mthumb -o "Core/Src/main.o"
arm-none-eabi-gcc -o "MCU1.elf" @"objects.list"   -mcpu=cortex-m4 -T"C:\Users\crayo\Desktop\Licence3S6\micro\Project_Morse_Code\MCU1\STM32F446RETX_FLASH.ld" --specs=nosys.specs -Wl,-Map="MCU1.map" -Wl,--gc-sections -static --specs=nano.specs -mfpu=fpv4-sp-d16 -mfloat-abi=hard -mthumb -Wl,--start-group -lc -lm -Wl,--end-group
Finished building target: MCU1.elf
 
arm-none-eabi-size  MCU1.elf 
arm-none-eabi-objdump -h -S MCU1.elf  > "MCU1.list"
   text	   data	    bss	    dec	    hex	filename
  11092	     20	   1644	  12756	   31d4	MCU1.elf
Finished building: default.size.stdout
 
Finished building: MCU1.list
 
03:50:39 **** Incremental Build of configuration Debug for project MCU1 ****
make -j12 all 
arm-none-eabi-gcc "../Core/Src/main.c" -mcpu=cortex-m4 -std=gnu11 -g3 -DDEBUG -DUSE_HAL_DRIVER -DSTM32F446xx -c -I../Core/Inc -I../Drivers/STM32F4xx_HAL_Driver/Inc -I../Drivers/STM32F4xx_HAL_Driver/Inc/Legacy -I../Drivers/CMSIS/Device/ST/STM32F4xx/Include -I../Drivers/CMSIS/Include -O0 -ffunction-sections -fdata-sections -Wall -fstack-usage -fcyclomatic-complexity -MMD -MP -MF"Core/Src/main.d" -MT"Core/Src/main.o" --specs=nano.specs -mfpu=fpv4-sp-d16 -mfloat-abi=hard -mthumb -o "Core/Src/main.o"
arm-none-eabi-gcc -o "MCU1.elf" @"objects.list"   -mcpu=cortex-m4 -T"C:\Users\crayo\Desktop\Licence3S6\micro\Project_Morse_Code\MCU1\STM32F446RETX_FLASH.ld" --specs=nosys.specs -Wl,-Map="MCU1.map" -Wl,--gc-sections -static --specs=nano.specs -mfpu=fpv4-sp-d16 -mfloat-abi=hard -mthumb -Wl,--start-group -lc -lm -Wl,--end-group
Finished building target: MCU1.elf
 
arm-none-eabi-size  MCU1.elf 
arm-none-eabi-objdump -h -S MCU1.elf  > "MCU1.list"
   text	   data	    bss	    dec	    hex	filename
  11092	     20	   1644	  12756	   31d4	MCU1.elf
Finished building: default.size.stdout
 
Finished building: MCU1.list
 
03:51:10 **** Incremental Build of configuration Debug for project MCU1 ****
make -j12 all 
arm-none-eabi-size  MCU1.elf 
   text	   data	    bss	    dec	    hex	filename
  11092	     20	   1644	  12756	   31d4	MCU1.elf
Finished building: default.size.stdout
 
03:54:26 **** Incremental Build of configuration Debug for project MCU1 ****
make -j12 all 
arm-none-eabi-gcc "../Core/Src/main.c" -mcpu=cortex-m4 -std=gnu11 -g3 -DDEBUG -DUSE_HAL_DRIVER -DSTM32F446xx -c -I../Core/Inc -I../Drivers/STM32F4xx_HAL_Driver/Inc -I../Drivers/STM32F4xx_HAL_Driver/Inc/Legacy -I../Drivers/CMSIS/Device/ST/STM32F4xx/Include -I../Drivers/CMSIS/Include -O0 -ffunction-sections -fdata-sections -Wall -fstack-usage -fcyclomatic-complexity -MMD -MP -MF"Core/Src/main.d" -MT"Core/Src/main.o" --specs=nano.specs -mfpu=fpv4-sp-d16 -mfloat-abi=hard -mthumb -o "Core/Src/main.o"
../Core/Src/main.c: In function 'main':
../Core/Src/main.c:222:13: error: invalid storage class for function 'MX_USART2_UART_Init'
  222 | static void MX_USART2_UART_Init(void)
      |             ^~~~~~~~~~~~~~~~~~~
../Core/Src/main.c:243:13: error: invalid storage class for function 'MX_GPIO_Init'
  243 | static void MX_GPIO_Init(void)
      |             ^~~~~~~~~~~~
../Core/Src/main.c:313:1: error: expected declaration or statement at end of input
  313 | }
      | ^
../Core/Src/main.c: At top level:
../Core/Src/main.c:12:13: warning: 'MX_GPIO_Init' used but never defined
   12 | static void MX_GPIO_Init(void);
      |             ^~~~~~~~~~~~
../Core/Src/main.c:13:13: warning: 'MX_USART2_UART_Init' used but never defined
   13 | static void MX_USART2_UART_Init(void);
      |             ^~~~~~~~~~~~~~~~~~~
../Core/Src/main.c:304:6: warning: 'Error_Handler' defined but not used [-Wunused-function]
  304 | void Error_Handler(void)
      |      ^~~~~~~~~~~~~
../Core/Src/main.c:243:13: warning: 'MX_GPIO_Init' defined but not used [-Wunused-function]
  243 | static void MX_GPIO_Init(void)
      |             ^~~~~~~~~~~~
../Core/Src/main.c:222:13: warning: 'MX_USART2_UART_Init' defined but not used [-Wunused-function]
  222 | static void MX_USART2_UART_Init(void)
      |             ^~~~~~~~~~~~~~~~~~~
../Core/Src/main.c:174:6: warning: 'SystemClock_Config' defined but not used [-Wunused-function]
  174 | void SystemClock_Config(void)
      |      ^~~~~~~~~~~~~~~~~~
make: *** [Core/Src/subdir.mk:34: Core/Src/main.o] Error 1
"make -j12 all" terminated with exit code 2. Build might be incomplete.
03:55:25 **** Incremental Build of configuration Debug for project MCU1 ****
make -j12 all 
arm-none-eabi-gcc "../Core/Src/main.c" -mcpu=cortex-m4 -std=gnu11 -g3 -DDEBUG -DUSE_HAL_DRIVER -DSTM32F446xx -c -I../Core/Inc -I../Drivers/STM32F4xx_HAL_Driver/Inc -I../Drivers/STM32F4xx_HAL_Driver/Inc/Legacy -I../Drivers/CMSIS/Device/ST/STM32F4xx/Include -I../Drivers/CMSIS/Include -O0 -ffunction-sections -fdata-sections -Wall -fstack-usage -fcyclomatic-complexity -MMD -MP -MF"Core/Src/main.d" -MT"Core/Src/main.o" --specs=nano.specs -mfpu=fpv4-sp-d16 -mfloat-abi=hard -mthumb -o "Core/Src/main.o"
../Core/Src/main.c: In function 'main':
../Core/Src/main.c:230:13: error: invalid storage class for function 'MX_USART2_UART_Init'
  230 | static void MX_USART2_UART_Init(void)
      |             ^~~~~~~~~~~~~~~~~~~
../Core/Src/main.c:251:13: error: invalid storage class for function 'MX_GPIO_Init'
  251 | static void MX_GPIO_Init(void)
      |             ^~~~~~~~~~~~
../Core/Src/main.c:321:1: error: expected declaration or statement at end of input
  321 | }
      | ^
../Core/Src/main.c:88:13: warning: unused variable 'writing' [-Wunused-variable]
   88 |         int writing = 1;
      |             ^~~~~~~
../Core/Src/main.c:87:13: warning: unused variable 'bufferIndex' [-Wunused-variable]
   87 |         int bufferIndex = 0; /* index to follow the current position of the text buffer */
      |             ^~~~~~~~~~~
../Core/Src/main.c:86:14: warning: unused variable 'text' [-Wunused-variable]
   86 |         char text[MAX_MESSAGE_LENGTH]; /* text buffer for the whole message */
      |              ^~~~
../Core/Src/main.c: At top level:
../Core/Src/main.c:12:13: warning: 'MX_GPIO_Init' used but never defined
   12 | static void MX_GPIO_Init(void);
      |             ^~~~~~~~~~~~
../Core/Src/main.c:13:13: warning: 'MX_USART2_UART_Init' used but never defined
   13 | static void MX_USART2_UART_Init(void);
      |             ^~~~~~~~~~~~~~~~~~~
../Core/Src/main.c:312:6: warning: 'Error_Handler' defined but not used [-Wunused-function]
  312 | void Error_Handler(void)
      |      ^~~~~~~~~~~~~
../Core/Src/main.c:251:13: warning: 'MX_GPIO_Init' defined but not used [-Wunused-function]
  251 | static void MX_GPIO_Init(void)
      |             ^~~~~~~~~~~~
../Core/Src/main.c:230:13: warning: 'MX_USART2_UART_Init' defined but not used [-Wunused-function]
  230 | static void MX_USART2_UART_Init(void)
      |             ^~~~~~~~~~~~~~~~~~~
../Core/Src/main.c:182:6: warning: 'SystemClock_Config' defined but not used [-Wunused-function]
  182 | void SystemClock_Config(void)
      |      ^~~~~~~~~~~~~~~~~~
make: *** [Core/Src/subdir.mk:34: Core/Src/main.o] Error 1
"make -j12 all" terminated with exit code 2. Build might be incomplete.
03:56:44 **** Incremental Build of configuration Debug for project MCU1 ****
make -j12 all 
arm-none-eabi-gcc "../Core/Src/main.c" -mcpu=cortex-m4 -std=gnu11 -g3 -DDEBUG -DUSE_HAL_DRIVER -DSTM32F446xx -c -I../Core/Inc -I../Drivers/STM32F4xx_HAL_Driver/Inc -I../Drivers/STM32F4xx_HAL_Driver/Inc/Legacy -I../Drivers/CMSIS/Device/ST/STM32F4xx/Include -I../Drivers/CMSIS/Include -O0 -ffunction-sections -fdata-sections -Wall -fstack-usage -fcyclomatic-complexity -MMD -MP -MF"Core/Src/main.d" -MT"Core/Src/main.o" --specs=nano.specs -mfpu=fpv4-sp-d16 -mfloat-abi=hard -mthumb -o "Core/Src/main.o"
arm-none-eabi-gcc -o "MCU1.elf" @"objects.list"   -mcpu=cortex-m4 -T"C:\Users\crayo\Desktop\Licence3S6\micro\Project_Morse_Code\MCU1\STM32F446RETX_FLASH.ld" --specs=nosys.specs -Wl,-Map="MCU1.map" -Wl,--gc-sections -static --specs=nano.specs -mfpu=fpv4-sp-d16 -mfloat-abi=hard -mthumb -Wl,--start-group -lc -lm -Wl,--end-group
Finished building target: MCU1.elf
 
arm-none-eabi-size  MCU1.elf 
arm-none-eabi-objdump -h -S MCU1.elf  > "MCU1.list"
   text	   data	    bss	    dec	    hex	filename
  11148	     20	   1644	  12812	   320c	MCU1.elf
Finished building: default.size.stdout
 
Finished building: MCU1.list
 
04:00:01 **** Incremental Build of configuration Debug for project MCU1 ****
make -j12 all 
arm-none-eabi-gcc "../Core/Src/main.c" -mcpu=cortex-m4 -std=gnu11 -g3 -DDEBUG -DUSE_HAL_DRIVER -DSTM32F446xx -c -I../Core/Inc -I../Drivers/STM32F4xx_HAL_Driver/Inc -I../Drivers/STM32F4xx_HAL_Driver/Inc/Legacy -I../Drivers/CMSIS/Device/ST/STM32F4xx/Include -I../Drivers/CMSIS/Include -O0 -ffunction-sections -fdata-sections -Wall -fstack-usage -fcyclomatic-complexity -MMD -MP -MF"Core/Src/main.d" -MT"Core/Src/main.o" --specs=nano.specs -mfpu=fpv4-sp-d16 -mfloat-abi=hard -mthumb -o "Core/Src/main.o"
../Core/Src/main.c:11:13: warning: 'MX_USART2_UART_Init' used but never defined
   11 | static void MX_USART2_UART_Init(void);
      |             ^~~~~~~~~~~~~~~~~~~
arm-none-eabi-gcc -o "MCU1.elf" @"objects.list"   -mcpu=cortex-m4 -T"C:\Users\crayo\Desktop\Licence3S6\micro\Project_Morse_Code\MCU1\STM32F446RETX_FLASH.ld" --specs=nosys.specs -Wl,-Map="MCU1.map" -Wl,--gc-sections -static --specs=nano.specs -mfpu=fpv4-sp-d16 -mfloat-abi=hard -mthumb -Wl,--start-group -lc -lm -Wl,--end-group
C:/ST/STM32CubeIDE_1.14.1/STM32CubeIDE/plugins/com.st.stm32cube.ide.mcu.externaltools.gnu-tools-for-stm32.11.3.rel1.win32_1.1.100.202309141235/tools/bin/../lib/gcc/arm-none-eabi/11.3.1/../../../../arm-none-eabi/bin/ld.exe: ./Core/Src/main.o: in function `main':
C:/Users/crayo/Desktop/Licence3S6/micro/Project_Morse_Code/MCU1/Debug/../Core/Src/main.c:19: undefined reference to `SystemClock_Config'
C:/ST/STM32CubeIDE_1.14.1/STM32CubeIDE/plugins/com.st.stm32cube.ide.mcu.externaltools.gnu-tools-for-stm32.11.3.rel1.win32_1.1.100.202309141235/tools/bin/../lib/gcc/arm-none-eabi/11.3.1/../../../../arm-none-eabi/bin/ld.exe: C:/Users/crayo/Desktop/Licence3S6/micro/Project_Morse_Code/MCU1/Debug/../Core/Src/main.c:25: undefined reference to `MX_USART2_UART_Init'
collect2.exe: error: ld returned 1 exit status
make: *** [makefile:64: MCU1.elf] Error 1
"make -j12 all" terminated with exit code 2. Build might be incomplete.
04:00:54 **** Incremental Build of configuration Debug for project MCU1 ****
make -j12 all 
arm-none-eabi-gcc "../Core/Src/main.c" -mcpu=cortex-m4 -std=gnu11 -g3 -DDEBUG -DUSE_HAL_DRIVER -DSTM32F446xx -c -I../Core/Inc -I../Drivers/STM32F4xx_HAL_Driver/Inc -I../Drivers/STM32F4xx_HAL_Driver/Inc/Legacy -I../Drivers/CMSIS/Device/ST/STM32F4xx/Include -I../Drivers/CMSIS/Include -O0 -ffunction-sections -fdata-sections -Wall -fstack-usage -fcyclomatic-complexity -MMD -MP -MF"Core/Src/main.d" -MT"Core/Src/main.o" --specs=nano.specs -mfpu=fpv4-sp-d16 -mfloat-abi=hard -mthumb -o "Core/Src/main.o"
../Core/Src/main.c: In function 'SystemClock_Config':
../Core/Src/main.c:61:5: warning: implicit declaration of function 'Error_Handler' [-Wimplicit-function-declaration]
   61 |     Error_Handler();
      |     ^~~~~~~~~~~~~
../Core/Src/main.c: In function 'MX_USART2_UART_Init':
../Core/Src/main.c:94:3: error: 'huart2' undeclared (first use in this function)
   94 |   huart2.Instance = USART2;
      |   ^~~~~~
../Core/Src/main.c:94:3: note: each undeclared identifier is reported only once for each function it appears in
../Core/Src/main.c: At top level:
../Core/Src/main.c:167:6: warning: conflicting types for 'Error_Handler'; have 'void(void)'
  167 | void Error_Handler(void)
      |      ^~~~~~~~~~~~~
../Core/Src/main.c:61:5: note: previous implicit declaration of 'Error_Handler' with type 'void(void)'
   61 |     Error_Handler();
      |     ^~~~~~~~~~~~~
../Core/Src/main.c:84:13: warning: 'MX_USART2_UART_Init' defined but not used [-Wunused-function]
   84 | static void MX_USART2_UART_Init(void)
      |             ^~~~~~~~~~~~~~~~~~~
make: *** [Core/Src/subdir.mk:34: Core/Src/main.o] Error 1
"make -j12 all" terminated with exit code 2. Build might be incomplete.
04:01:16 **** Incremental Build of configuration Debug for project MCU1 ****
make -j12 all 
arm-none-eabi-gcc "../Core/Src/main.c" -mcpu=cortex-m4 -std=gnu11 -g3 -DDEBUG -DUSE_HAL_DRIVER -DSTM32F446xx -c -I../Core/Inc -I../Drivers/STM32F4xx_HAL_Driver/Inc -I../Drivers/STM32F4xx_HAL_Driver/Inc/Legacy -I../Drivers/CMSIS/Device/ST/STM32F4xx/Include -I../Drivers/CMSIS/Include -O0 -ffunction-sections -fdata-sections -Wall -fstack-usage -fcyclomatic-complexity -MMD -MP -MF"Core/Src/main.d" -MT"Core/Src/main.o" --specs=nano.specs -mfpu=fpv4-sp-d16 -mfloat-abi=hard -mthumb -o "Core/Src/main.o"
../Core/Src/main.c: In function 'main':
../Core/Src/main.c:13:15: error: invalid storage class for function 'MX_USART2_UART_Init'
   13 |   static void MX_USART2_UART_Init(void);
      |               ^~~~~~~~~~~~~~~~~~~
../Core/Src/main.c: In function 'SystemClock_Config':
../Core/Src/main.c:61:5: warning: implicit declaration of function 'Error_Handler' [-Wimplicit-function-declaration]
   61 |     Error_Handler();
      |     ^~~~~~~~~~~~~
../Core/Src/main.c: In function 'MX_USART2_UART_Init':
../Core/Src/main.c:94:3: error: 'huart2' undeclared (first use in this function)
   94 |   huart2.Instance = USART2;
      |   ^~~~~~
../Core/Src/main.c:94:3: note: each undeclared identifier is reported only once for each function it appears in
../Core/Src/main.c: At top level:
../Core/Src/main.c:167:6: warning: conflicting types for 'Error_Handler'; have 'void(void)'
  167 | void Error_Handler(void)
      |      ^~~~~~~~~~~~~
../Core/Src/main.c:61:5: note: previous implicit declaration of 'Error_Handler' with type 'void(void)'
   61 |     Error_Handler();
      |     ^~~~~~~~~~~~~
../Core/Src/main.c:84:13: warning: 'MX_USART2_UART_Init' defined but not used [-Wunused-function]
   84 | static void MX_USART2_UART_Init(void)
      |             ^~~~~~~~~~~~~~~~~~~
make: *** [Core/Src/subdir.mk:34: Core/Src/main.o] Error 1
"make -j12 all" terminated with exit code 2. Build might be incomplete.
04:01:45 **** Incremental Build of configuration Debug for project MCU1 ****
make -j12 all 
arm-none-eabi-gcc "../Core/Src/main.c" -mcpu=cortex-m4 -std=gnu11 -g3 -DDEBUG -DUSE_HAL_DRIVER -DSTM32F446xx -c -I../Core/Inc -I../Drivers/STM32F4xx_HAL_Driver/Inc -I../Drivers/STM32F4xx_HAL_Driver/Inc/Legacy -I../Drivers/CMSIS/Device/ST/STM32F4xx/Include -I../Drivers/CMSIS/Include -O0 -ffunction-sections -fdata-sections -Wall -fstack-usage -fcyclomatic-complexity -MMD -MP -MF"Core/Src/main.d" -MT"Core/Src/main.o" --specs=nano.specs -mfpu=fpv4-sp-d16 -mfloat-abi=hard -mthumb -o "Core/Src/main.o"
arm-none-eabi-gcc -o "MCU1.elf" @"objects.list"   -mcpu=cortex-m4 -T"C:\Users\crayo\Desktop\Licence3S6\micro\Project_Morse_Code\MCU1\STM32F446RETX_FLASH.ld" --specs=nosys.specs -Wl,-Map="MCU1.map" -Wl,--gc-sections -static --specs=nano.specs -mfpu=fpv4-sp-d16 -mfloat-abi=hard -mthumb -Wl,--start-group -lc -lm -Wl,--end-group
Finished building target: MCU1.elf
 
arm-none-eabi-size  MCU1.elf 
arm-none-eabi-objdump -h -S MCU1.elf  > "MCU1.list"
   text	   data	    bss	    dec	    hex	filename
   8700	     20	   1644	  10364	   287c	MCU1.elf
Finished building: default.size.stdout
 
Finished building: MCU1.list
 
04:07:25 **** Incremental Build of configuration Debug for project MCU1 ****
make -j12 all 
arm-none-eabi-gcc "../Core/Src/main.c" -mcpu=cortex-m4 -std=gnu11 -g3 -DDEBUG -DUSE_HAL_DRIVER -DSTM32F446xx -c -I../Core/Inc -I../Drivers/STM32F4xx_HAL_Driver/Inc -I../Drivers/STM32F4xx_HAL_Driver/Inc/Legacy -I../Drivers/CMSIS/Device/ST/STM32F4xx/Include -I../Drivers/CMSIS/Include -O0 -ffunction-sections -fdata-sections -Wall -fstack-usage -fcyclomatic-complexity -MMD -MP -MF"Core/Src/main.d" -MT"Core/Src/main.o" --specs=nano.specs -mfpu=fpv4-sp-d16 -mfloat-abi=hard -mthumb -o "Core/Src/main.o"
arm-none-eabi-gcc -o "MCU1.elf" @"objects.list"   -mcpu=cortex-m4 -T"C:\Users\crayo\Desktop\Licence3S6\micro\Project_Morse_Code\MCU1\STM32F446RETX_FLASH.ld" --specs=nosys.specs -Wl,-Map="MCU1.map" -Wl,--gc-sections -static --specs=nano.specs -mfpu=fpv4-sp-d16 -mfloat-abi=hard -mthumb -Wl,--start-group -lc -lm -Wl,--end-group
Finished building target: MCU1.elf
 
arm-none-eabi-size  MCU1.elf 
arm-none-eabi-objdump -h -S MCU1.elf  > "MCU1.list"
   text	   data	    bss	    dec	    hex	filename
   8552	     20	   1644	  10216	   27e8	MCU1.elf
Finished building: default.size.stdout
 
Finished building: MCU1.list
 
04:10:36 **** Incremental Build of configuration Debug for project MCU1 ****
make -j12 all 
arm-none-eabi-gcc "../Core/Src/main.c" -mcpu=cortex-m4 -std=gnu11 -g3 -DDEBUG -DUSE_HAL_DRIVER -DSTM32F446xx -c -I../Core/Inc -I../Drivers/STM32F4xx_HAL_Driver/Inc -I../Drivers/STM32F4xx_HAL_Driver/Inc/Legacy -I../Drivers/CMSIS/Device/ST/STM32F4xx/Include -I../Drivers/CMSIS/Include -O0 -ffunction-sections -fdata-sections -Wall -fstack-usage -fcyclomatic-complexity -MMD -MP -MF"Core/Src/main.d" -MT"Core/Src/main.o" --specs=nano.specs -mfpu=fpv4-sp-d16 -mfloat-abi=hard -mthumb -o "Core/Src/main.o"
../Core/Src/main.c:11:13: warning: 'MX_USART2_UART_Init' used but never defined
   11 | static void MX_USART2_UART_Init(void);
      |             ^~~~~~~~~~~~~~~~~~~
arm-none-eabi-gcc -o "MCU1.elf" @"objects.list"   -mcpu=cortex-m4 -T"C:\Users\crayo\Desktop\Licence3S6\micro\Project_Morse_Code\MCU1\STM32F446RETX_FLASH.ld" --specs=nosys.specs -Wl,-Map="MCU1.map" -Wl,--gc-sections -static --specs=nano.specs -mfpu=fpv4-sp-d16 -mfloat-abi=hard -mthumb -Wl,--start-group -lc -lm -Wl,--end-group
C:/ST/STM32CubeIDE_1.14.1/STM32CubeIDE/plugins/com.st.stm32cube.ide.mcu.externaltools.gnu-tools-for-stm32.11.3.rel1.win32_1.1.100.202309141235/tools/bin/../lib/gcc/arm-none-eabi/11.3.1/../../../../arm-none-eabi/bin/ld.exe: ./Core/Src/main.o: in function `main':
C:/Users/crayo/Desktop/Licence3S6/micro/Project_Morse_Code/MCU1/Debug/../Core/Src/main.c:19: undefined reference to `SystemClock_Config'
C:/ST/STM32CubeIDE_1.14.1/STM32CubeIDE/plugins/com.st.stm32cube.ide.mcu.externaltools.gnu-tools-for-stm32.11.3.rel1.win32_1.1.100.202309141235/tools/bin/../lib/gcc/arm-none-eabi/11.3.1/../../../../arm-none-eabi/bin/ld.exe: C:/Users/crayo/Desktop/Licence3S6/micro/Project_Morse_Code/MCU1/Debug/../Core/Src/main.c:25: undefined reference to `MX_USART2_UART_Init'
collect2.exe: error: ld returned 1 exit status
make: *** [makefile:64: MCU1.elf] Error 1
"make -j12 all" terminated with exit code 2. Build might be incomplete.
04:11:29 **** Incremental Build of configuration Debug for project MCU1 ****
make -j12 all 
arm-none-eabi-gcc "../Core/Src/main.c" -mcpu=cortex-m4 -std=gnu11 -g3 -DDEBUG -DUSE_HAL_DRIVER -DSTM32F446xx -c -I../Core/Inc -I../Drivers/STM32F4xx_HAL_Driver/Inc -I../Drivers/STM32F4xx_HAL_Driver/Inc/Legacy -I../Drivers/CMSIS/Device/ST/STM32F4xx/Include -I../Drivers/CMSIS/Include -O0 -ffunction-sections -fdata-sections -Wall -fstack-usage -fcyclomatic-complexity -MMD -MP -MF"Core/Src/main.d" -MT"Core/Src/main.o" --specs=nano.specs -mfpu=fpv4-sp-d16 -mfloat-abi=hard -mthumb -o "Core/Src/main.o"
../Core/Src/main.c:11:13: warning: 'MX_USART2_UART_Init' used but never defined
   11 | static void MX_USART2_UART_Init(void);
      |             ^~~~~~~~~~~~~~~~~~~
arm-none-eabi-gcc -o "MCU1.elf" @"objects.list"   -mcpu=cortex-m4 -T"C:\Users\crayo\Desktop\Licence3S6\micro\Project_Morse_Code\MCU1\STM32F446RETX_FLASH.ld" --specs=nosys.specs -Wl,-Map="MCU1.map" -Wl,--gc-sections -static --specs=nano.specs -mfpu=fpv4-sp-d16 -mfloat-abi=hard -mthumb -Wl,--start-group -lc -lm -Wl,--end-group
C:/ST/STM32CubeIDE_1.14.1/STM32CubeIDE/plugins/com.st.stm32cube.ide.mcu.externaltools.gnu-tools-for-stm32.11.3.rel1.win32_1.1.100.202309141235/tools/bin/../lib/gcc/arm-none-eabi/11.3.1/../../../../arm-none-eabi/bin/ld.exe: ./Core/Src/main.o: in function `main':
C:/Users/crayo/Desktop/Licence3S6/micro/Project_Morse_Code/MCU1/Debug/../Core/Src/main.c:25: undefined reference to `MX_USART2_UART_Init'
collect2.exe: error: ld returned 1 exit status
make: *** [makefile:64: MCU1.elf] Error 1
"make -j12 all" terminated with exit code 2. Build might be incomplete.
04:11:57 **** Incremental Build of configuration Debug for project MCU1 ****
make -j12 all 
arm-none-eabi-gcc "../Core/Src/main.c" -mcpu=cortex-m4 -std=gnu11 -g3 -DDEBUG -DUSE_HAL_DRIVER -DSTM32F446xx -c -I../Core/Inc -I../Drivers/STM32F4xx_HAL_Driver/Inc -I../Drivers/STM32F4xx_HAL_Driver/Inc/Legacy -I../Drivers/CMSIS/Device/ST/STM32F4xx/Include -I../Drivers/CMSIS/Include -O0 -ffunction-sections -fdata-sections -Wall -fstack-usage -fcyclomatic-complexity -MMD -MP -MF"Core/Src/main.d" -MT"Core/Src/main.o" --specs=nano.specs -mfpu=fpv4-sp-d16 -mfloat-abi=hard -mthumb -o "Core/Src/main.o"
../Core/Src/main.c:195:13: error: redefinition of 'MX_GPIO_Init'
  195 | static void MX_GPIO_Init(void)
      |             ^~~~~~~~~~~~
../Core/Src/main.c:86:13: note: previous definition of 'MX_GPIO_Init' with type 'void(void)'
   86 | static void MX_GPIO_Init(void)
      |             ^~~~~~~~~~~~
../Core/Src/main.c:195:13: warning: 'MX_GPIO_Init' defined but not used [-Wunused-function]
  195 | static void MX_GPIO_Init(void)
      |             ^~~~~~~~~~~~
make: *** [Core/Src/subdir.mk:34: Core/Src/main.o] Error 1
"make -j12 all" terminated with exit code 2. Build might be incomplete.
04:12:19 **** Incremental Build of configuration Debug for project MCU1 ****
make -j12 all 
arm-none-eabi-gcc "../Core/Src/main.c" -mcpu=cortex-m4 -std=gnu11 -g3 -DDEBUG -DUSE_HAL_DRIVER -DSTM32F446xx -c -I../Core/Inc -I../Drivers/STM32F4xx_HAL_Driver/Inc -I../Drivers/STM32F4xx_HAL_Driver/Inc/Legacy -I../Drivers/CMSIS/Device/ST/STM32F4xx/Include -I../Drivers/CMSIS/Include -O0 -ffunction-sections -fdata-sections -Wall -fstack-usage -fcyclomatic-complexity -MMD -MP -MF"Core/Src/main.d" -MT"Core/Src/main.o" --specs=nano.specs -mfpu=fpv4-sp-d16 -mfloat-abi=hard -mthumb -o "Core/Src/main.o"
../Core/Src/main.c: In function 'main':
../Core/Src/main.c:22:5: warning: implicit declaration of function 'MX_GPIO_Init'; did you mean 'HAL_GPIO_Init'? [-Wimplicit-function-declaration]
   22 |     MX_GPIO_Init();
      |     ^~~~~~~~~~~~
      |     HAL_GPIO_Init
../Core/Src/main.c: At top level:
../Core/Src/main.c:86:13: warning: conflicting types for 'MX_GPIO_Init'; have 'void(void)'
   86 | static void MX_GPIO_Init(void)
      |             ^~~~~~~~~~~~
../Core/Src/main.c:86:13: error: static declaration of 'MX_GPIO_Init' follows non-static declaration
../Core/Src/main.c:22:5: note: previous implicit declaration of 'MX_GPIO_Init' with type 'void(void)'
   22 |     MX_GPIO_Init();
      |     ^~~~~~~~~~~~
../Core/Src/main.c:195:13: error: redefinition of 'MX_GPIO_Init'
  195 | static void MX_GPIO_Init(void)
      |             ^~~~~~~~~~~~
../Core/Src/main.c:86:13: note: previous definition of 'MX_GPIO_Init' with type 'void(void)'
   86 | static void MX_GPIO_Init(void)
      |             ^~~~~~~~~~~~
../Core/Src/main.c:195:13: warning: 'MX_GPIO_Init' defined but not used [-Wunused-function]
  195 | static void MX_GPIO_Init(void)
      |             ^~~~~~~~~~~~
../Core/Src/main.c:86:13: warning: 'MX_GPIO_Init' defined but not used [-Wunused-function]
   86 | static void MX_GPIO_Init(void)
      |             ^~~~~~~~~~~~
make: *** [Core/Src/subdir.mk:34: Core/Src/main.o] Error 1
"make -j12 all" terminated with exit code 2. Build might be incomplete.
04:16:08 **** Incremental Build of configuration Debug for project MCU1 ****
make -j12 all 
arm-none-eabi-gcc "../Core/Src/main.c" -mcpu=cortex-m4 -std=gnu11 -g3 -DDEBUG -DUSE_HAL_DRIVER -DSTM32F446xx -c -I../Core/Inc -I../Drivers/STM32F4xx_HAL_Driver/Inc -I../Drivers/STM32F4xx_HAL_Driver/Inc/Legacy -I../Drivers/CMSIS/Device/ST/STM32F4xx/Include -I../Drivers/CMSIS/Include -O0 -ffunction-sections -fdata-sections -Wall -fstack-usage -fcyclomatic-complexity -MMD -MP -MF"Core/Src/main.d" -MT"Core/Src/main.o" --specs=nano.specs -mfpu=fpv4-sp-d16 -mfloat-abi=hard -mthumb -o "Core/Src/main.o"
arm-none-eabi-gcc -o "MCU1.elf" @"objects.list"   -mcpu=cortex-m4 -T"C:\Users\crayo\Desktop\Licence3S6\micro\Project_Morse_Code\MCU1\STM32F446RETX_FLASH.ld" --specs=nosys.specs -Wl,-Map="MCU1.map" -Wl,--gc-sections -static --specs=nano.specs -mfpu=fpv4-sp-d16 -mfloat-abi=hard -mthumb -Wl,--start-group -lc -lm -Wl,--end-group
Finished building target: MCU1.elf
 
arm-none-eabi-size  MCU1.elf 
arm-none-eabi-objdump -h -S MCU1.elf  > "MCU1.list"
   text	   data	    bss	    dec	    hex	filename
   8628	     20	   1644	  10292	   2834	MCU1.elf
Finished building: default.size.stdout
 
Finished building: MCU1.list
 
04:17:53 **** Incremental Build of configuration Debug for project MCU1 ****
make -j12 all 
arm-none-eabi-gcc "../Core/Src/main.c" -mcpu=cortex-m4 -std=gnu11 -g3 -DDEBUG -DUSE_HAL_DRIVER -DSTM32F446xx -c -I../Core/Inc -I../Drivers/STM32F4xx_HAL_Driver/Inc -I../Drivers/STM32F4xx_HAL_Driver/Inc/Legacy -I../Drivers/CMSIS/Device/ST/STM32F4xx/Include -I../Drivers/CMSIS/Include -O0 -ffunction-sections -fdata-sections -Wall -fstack-usage -fcyclomatic-complexity -MMD -MP -MF"Core/Src/main.d" -MT"Core/Src/main.o" --specs=nano.specs -mfpu=fpv4-sp-d16 -mfloat-abi=hard -mthumb -o "Core/Src/main.o"
arm-none-eabi-gcc -o "MCU1.elf" @"objects.list"   -mcpu=cortex-m4 -T"C:\Users\crayo\Desktop\Licence3S6\micro\Project_Morse_Code\MCU1\STM32F446RETX_FLASH.ld" --specs=nosys.specs -Wl,-Map="MCU1.map" -Wl,--gc-sections -static --specs=nano.specs -mfpu=fpv4-sp-d16 -mfloat-abi=hard -mthumb -Wl,--start-group -lc -lm -Wl,--end-group
Finished building target: MCU1.elf
 
arm-none-eabi-size  MCU1.elf 
arm-none-eabi-objdump -h -S MCU1.elf  > "MCU1.list"
   text	   data	    bss	    dec	    hex	filename
   8700	     20	   1644	  10364	   287c	MCU1.elf
Finished building: default.size.stdout
 
Finished building: MCU1.list
 
04:20:51 **** Incremental Build of configuration Debug for project MCU1 ****
make -j12 all 
arm-none-eabi-gcc "../Core/Src/main.c" -mcpu=cortex-m4 -std=gnu11 -g3 -DDEBUG -DUSE_HAL_DRIVER -DSTM32F446xx -c -I../Core/Inc -I../Drivers/STM32F4xx_HAL_Driver/Inc -I../Drivers/STM32F4xx_HAL_Driver/Inc/Legacy -I../Drivers/CMSIS/Device/ST/STM32F4xx/Include -I../Drivers/CMSIS/Include -O0 -ffunction-sections -fdata-sections -Wall -fstack-usage -fcyclomatic-complexity -MMD -MP -MF"Core/Src/main.d" -MT"Core/Src/main.o" --specs=nano.specs -mfpu=fpv4-sp-d16 -mfloat-abi=hard -mthumb -o "Core/Src/main.o"
arm-none-eabi-gcc -o "MCU1.elf" @"objects.list"   -mcpu=cortex-m4 -T"C:\Users\crayo\Desktop\Licence3S6\micro\Project_Morse_Code\MCU1\STM32F446RETX_FLASH.ld" --specs=nosys.specs -Wl,-Map="MCU1.map" -Wl,--gc-sections -static --specs=nano.specs -mfpu=fpv4-sp-d16 -mfloat-abi=hard -mthumb -Wl,--start-group -lc -lm -Wl,--end-group
Finished building target: MCU1.elf
 
arm-none-eabi-size  MCU1.elf 
arm-none-eabi-objdump -h -S MCU1.elf  > "MCU1.list"
   text	   data	    bss	    dec	    hex	filename
   8700	     20	   1644	  10364	   287c	MCU1.elf
Finished building: default.size.stdout
 
Finished building: MCU1.list
 
04:21:38 **** Incremental Build of configuration Debug for project MCU1 ****
make -j12 all 
arm-none-eabi-gcc "../Core/Src/main.c" -mcpu=cortex-m4 -std=gnu11 -g3 -DDEBUG -DUSE_HAL_DRIVER -DSTM32F446xx -c -I../Core/Inc -I../Drivers/STM32F4xx_HAL_Driver/Inc -I../Drivers/STM32F4xx_HAL_Driver/Inc/Legacy -I../Drivers/CMSIS/Device/ST/STM32F4xx/Include -I../Drivers/CMSIS/Include -O0 -ffunction-sections -fdata-sections -Wall -fstack-usage -fcyclomatic-complexity -MMD -MP -MF"Core/Src/main.d" -MT"Core/Src/main.o" --specs=nano.specs -mfpu=fpv4-sp-d16 -mfloat-abi=hard -mthumb -o "Core/Src/main.o"
arm-none-eabi-gcc -o "MCU1.elf" @"objects.list"   -mcpu=cortex-m4 -T"C:\Users\crayo\Desktop\Licence3S6\micro\Project_Morse_Code\MCU1\STM32F446RETX_FLASH.ld" --specs=nosys.specs -Wl,-Map="MCU1.map" -Wl,--gc-sections -static --specs=nano.specs -mfpu=fpv4-sp-d16 -mfloat-abi=hard -mthumb -Wl,--start-group -lc -lm -Wl,--end-group
Finished building target: MCU1.elf
 
arm-none-eabi-size  MCU1.elf 
arm-none-eabi-objdump -h -S MCU1.elf  > "MCU1.list"
   text	   data	    bss	    dec	    hex	filename
   8700	     24	   1640	  10364	   287c	MCU1.elf
Finished building: default.size.stdout
 
Finished building: MCU1.list
 
04:23:13 **** Incremental Build of configuration Debug for project MCU1 ****
make -j12 all 
arm-none-eabi-gcc "../Core/Src/main.c" -mcpu=cortex-m4 -std=gnu11 -g3 -DDEBUG -DUSE_HAL_DRIVER -DSTM32F446xx -c -I../Core/Inc -I../Drivers/STM32F4xx_HAL_Driver/Inc -I../Drivers/STM32F4xx_HAL_Driver/Inc/Legacy -I../Drivers/CMSIS/Device/ST/STM32F4xx/Include -I../Drivers/CMSIS/Include -O0 -ffunction-sections -fdata-sections -Wall -fstack-usage -fcyclomatic-complexity -MMD -MP -MF"Core/Src/main.d" -MT"Core/Src/main.o" --specs=nano.specs -mfpu=fpv4-sp-d16 -mfloat-abi=hard -mthumb -o "Core/Src/main.o"
arm-none-eabi-gcc -o "MCU1.elf" @"objects.list"   -mcpu=cortex-m4 -T"C:\Users\crayo\Desktop\Licence3S6\micro\Project_Morse_Code\MCU1\STM32F446RETX_FLASH.ld" --specs=nosys.specs -Wl,-Map="MCU1.map" -Wl,--gc-sections -static --specs=nano.specs -mfpu=fpv4-sp-d16 -mfloat-abi=hard -mthumb -Wl,--start-group -lc -lm -Wl,--end-group
Finished building target: MCU1.elf
 
arm-none-eabi-size  MCU1.elf 
arm-none-eabi-objdump -h -S MCU1.elf  > "MCU1.list"
   text	   data	    bss	    dec	    hex	filename
   8700	     20	   1644	  10364	   287c	MCU1.elf
Finished building: default.size.stdout
 
Finished building: MCU1.list
 
04:24:47 **** Incremental Build of configuration Debug for project MCU1 ****
make -j12 all 
arm-none-eabi-gcc "../Core/Src/main.c" -mcpu=cortex-m4 -std=gnu11 -g3 -DDEBUG -DUSE_HAL_DRIVER -DSTM32F446xx -c -I../Core/Inc -I../Drivers/STM32F4xx_HAL_Driver/Inc -I../Drivers/STM32F4xx_HAL_Driver/Inc/Legacy -I../Drivers/CMSIS/Device/ST/STM32F4xx/Include -I../Drivers/CMSIS/Include -O0 -ffunction-sections -fdata-sections -Wall -fstack-usage -fcyclomatic-complexity -MMD -MP -MF"Core/Src/main.d" -MT"Core/Src/main.o" --specs=nano.specs -mfpu=fpv4-sp-d16 -mfloat-abi=hard -mthumb -o "Core/Src/main.o"
arm-none-eabi-gcc -o "MCU1.elf" @"objects.list"   -mcpu=cortex-m4 -T"C:\Users\crayo\Desktop\Licence3S6\micro\Project_Morse_Code\MCU1\STM32F446RETX_FLASH.ld" --specs=nosys.specs -Wl,-Map="MCU1.map" -Wl,--gc-sections -static --specs=nano.specs -mfpu=fpv4-sp-d16 -mfloat-abi=hard -mthumb -Wl,--start-group -lc -lm -Wl,--end-group
Finished building target: MCU1.elf
 
arm-none-eabi-size  MCU1.elf 
arm-none-eabi-objdump -h -S MCU1.elf  > "MCU1.list"
   text	   data	    bss	    dec	    hex	filename
   8716	     20	   1644	  10380	   288c	MCU1.elf
Finished building: default.size.stdout
 
Finished building: MCU1.list
 
04:26:51 **** Incremental Build of configuration Debug for project MCU1 ****
make -j12 all 
arm-none-eabi-gcc "../Core/Src/main.c" -mcpu=cortex-m4 -std=gnu11 -g3 -DDEBUG -DUSE_HAL_DRIVER -DSTM32F446xx -c -I../Core/Inc -I../Drivers/STM32F4xx_HAL_Driver/Inc -I../Drivers/STM32F4xx_HAL_Driver/Inc/Legacy -I../Drivers/CMSIS/Device/ST/STM32F4xx/Include -I../Drivers/CMSIS/Include -O0 -ffunction-sections -fdata-sections -Wall -fstack-usage -fcyclomatic-complexity -MMD -MP -MF"Core/Src/main.d" -MT"Core/Src/main.o" --specs=nano.specs -mfpu=fpv4-sp-d16 -mfloat-abi=hard -mthumb -o "Core/Src/main.o"
arm-none-eabi-gcc -o "MCU1.elf" @"objects.list"   -mcpu=cortex-m4 -T"C:\Users\crayo\Desktop\Licence3S6\micro\Project_Morse_Code\MCU1\STM32F446RETX_FLASH.ld" --specs=nosys.specs -Wl,-Map="MCU1.map" -Wl,--gc-sections -static --specs=nano.specs -mfpu=fpv4-sp-d16 -mfloat-abi=hard -mthumb -Wl,--start-group -lc -lm -Wl,--end-group
Finished building target: MCU1.elf
 
arm-none-eabi-size  MCU1.elf 
arm-none-eabi-objdump -h -S MCU1.elf  > "MCU1.list"
   text	   data	    bss	    dec	    hex	filename
   8704	     20	   1644	  10368	   2880	MCU1.elf
Finished building: default.size.stdout
 
Finished building: MCU1.list
 
04:28:24 **** Incremental Build of configuration Debug for project MCU1 ****
make -j12 all 
arm-none-eabi-gcc "../Core/Src/main.c" -mcpu=cortex-m4 -std=gnu11 -g3 -DDEBUG -DUSE_HAL_DRIVER -DSTM32F446xx -c -I../Core/Inc -I../Drivers/STM32F4xx_HAL_Driver/Inc -I../Drivers/STM32F4xx_HAL_Driver/Inc/Legacy -I../Drivers/CMSIS/Device/ST/STM32F4xx/Include -I../Drivers/CMSIS/Include -O0 -ffunction-sections -fdata-sections -Wall -fstack-usage -fcyclomatic-complexity -MMD -MP -MF"Core/Src/main.d" -MT"Core/Src/main.o" --specs=nano.specs -mfpu=fpv4-sp-d16 -mfloat-abi=hard -mthumb -o "Core/Src/main.o"
arm-none-eabi-gcc -o "MCU1.elf" @"objects.list"   -mcpu=cortex-m4 -T"C:\Users\crayo\Desktop\Licence3S6\micro\Project_Morse_Code\MCU1\STM32F446RETX_FLASH.ld" --specs=nosys.specs -Wl,-Map="MCU1.map" -Wl,--gc-sections -static --specs=nano.specs -mfpu=fpv4-sp-d16 -mfloat-abi=hard -mthumb -Wl,--start-group -lc -lm -Wl,--end-group
Finished building target: MCU1.elf
 
arm-none-eabi-size  MCU1.elf 
arm-none-eabi-objdump -h -S MCU1.elf  > "MCU1.list"
   text	   data	    bss	    dec	    hex	filename
   8700	     20	   1644	  10364	   287c	MCU1.elf
Finished building: default.size.stdout
 
Finished building: MCU1.list
 
04:28:52 **** Incremental Build of configuration Debug for project MCU1 ****
make -j12 all 
arm-none-eabi-size  MCU1.elf 
   text	   data	    bss	    dec	    hex	filename
   8700	     20	   1644	  10364	   287c	MCU1.elf
Finished building: default.size.stdout
 
04:29:44 **** Incremental Build of configuration Debug for project MCU1 ****
make -j12 all 
arm-none-eabi-gcc "../Drivers/STM32F4xx_HAL_Driver/Src/stm32f4xx_hal.c" -mcpu=cortex-m4 -std=gnu11 -g3 -DDEBUG -DUSE_HAL_DRIVER -DSTM32F446xx -c -I../Core/Inc -I../Drivers/STM32F4xx_HAL_Driver/Inc -I../Drivers/STM32F4xx_HAL_Driver/Inc/Legacy -I../Drivers/CMSIS/Device/ST/STM32F4xx/Include -I../Drivers/CMSIS/Include -O0 -ffunction-sections -fdata-sections -Wall -fstack-usage -fcyclomatic-complexity -MMD -MP -MF"Drivers/STM32F4xx_HAL_Driver/Src/stm32f4xx_hal.d" -MT"Drivers/STM32F4xx_HAL_Driver/Src/stm32f4xx_hal.o" --specs=nano.specs -mfpu=fpv4-sp-d16 -mfloat-abi=hard -mthumb -o "Drivers/STM32F4xx_HAL_Driver/Src/stm32f4xx_hal.o"
arm-none-eabi-gcc -o "MCU1.elf" @"objects.list"   -mcpu=cortex-m4 -T"C:\Users\crayo\Desktop\Licence3S6\micro\Project_Morse_Code\MCU1\STM32F446RETX_FLASH.ld" --specs=nosys.specs -Wl,-Map="MCU1.map" -Wl,--gc-sections -static --specs=nano.specs -mfpu=fpv4-sp-d16 -mfloat-abi=hard -mthumb -Wl,--start-group -lc -lm -Wl,--end-group
C:/ST/STM32CubeIDE_1.14.1/STM32CubeIDE/plugins/com.st.stm32cube.ide.mcu.externaltools.gnu-tools-for-stm32.11.3.rel1.win32_1.1.100.202309141235/tools/bin/../lib/gcc/arm-none-eabi/11.3.1/../../../../arm-none-eabi/bin/ld.exe: ./Drivers/STM32F4xx_HAL_Driver/Src/stm32f4xx_hal.o:C:/Users/crayo/Desktop/Licence3S6/micro/Project_Morse_Code/MCU1/Debug/../Drivers/STM32F4xx_HAL_Driver/Src/stm32f4xx_hal.c:5: multiple definition of `huart2'; ./Core/Src/main.o:C:/Users/crayo/Desktop/Licence3S6/micro/Project_Morse_Code/MCU1/Debug/../Core/Src/main.c:4: first defined here
C:/ST/STM32CubeIDE_1.14.1/STM32CubeIDE/plugins/com.st.stm32cube.ide.mcu.externaltools.gnu-tools-for-stm32.11.3.rel1.win32_1.1.100.202309141235/tools/bin/../lib/gcc/arm-none-eabi/11.3.1/../../../../arm-none-eabi/bin/ld.exe: ./Drivers/STM32F4xx_HAL_Driver/Src/stm32f4xx_hal.o:C:/Users/crayo/Desktop/Licence3S6/micro/Project_Morse_Code/MCU1/Debug/../Drivers/STM32F4xx_HAL_Driver/Src/stm32f4xx_hal.c:8: multiple definition of `mode'; ./Core/Src/main.o:C:/Users/crayo/Desktop/Licence3S6/micro/Project_Morse_Code/MCU1/Debug/../Core/Src/main.c:7: first defined here
C:/ST/STM32CubeIDE_1.14.1/STM32CubeIDE/plugins/com.st.stm32cube.ide.mcu.externaltools.gnu-tools-for-stm32.11.3.rel1.win32_1.1.100.202309141235/tools/bin/../lib/gcc/arm-none-eabi/11.3.1/../../../../arm-none-eabi/bin/ld.exe: ./Drivers/STM32F4xx_HAL_Driver/Src/stm32f4xx_hal.o: in function `main':
C:/Users/crayo/Desktop/Licence3S6/micro/Project_Morse_Code/MCU1/Debug/../Drivers/STM32F4xx_HAL_Driver/Src/stm32f4xx_hal.c:15: multiple definition of `main'; ./Core/Src/main.o:C:/Users/crayo/Desktop/Licence3S6/micro/Project_Morse_Code/MCU1/Debug/../Core/Src/main.c:14: first defined here
C:/ST/STM32CubeIDE_1.14.1/STM32CubeIDE/plugins/com.st.stm32cube.ide.mcu.externaltools.gnu-tools-for-stm32.11.3.rel1.win32_1.1.100.202309141235/tools/bin/../lib/gcc/arm-none-eabi/11.3.1/../../../../arm-none-eabi/bin/ld.exe: ./Drivers/STM32F4xx_HAL_Driver/Src/stm32f4xx_hal.o: in function `SystemClock_Config':
C:/Users/crayo/Desktop/Licence3S6/micro/Project_Morse_Code/MCU1/Debug/../Drivers/STM32F4xx_HAL_Driver/Src/stm32f4xx_hal.c:51: multiple definition of `SystemClock_Config'; ./Core/Src/main.o:C:/Users/crayo/Desktop/Licence3S6/micro/Project_Morse_Code/MCU1/Debug/../Core/Src/main.c:49: first defined here
C:/ST/STM32CubeIDE_1.14.1/STM32CubeIDE/plugins/com.st.stm32cube.ide.mcu.externaltools.gnu-tools-for-stm32.11.3.rel1.win32_1.1.100.202309141235/tools/bin/../lib/gcc/arm-none-eabi/11.3.1/../../../../arm-none-eabi/bin/ld.exe: ./Drivers/STM32F4xx_HAL_Driver/Src/stm32f4xx_hal.o: in function `Error_Handler':
C:/Users/crayo/Desktop/Licence3S6/micro/Project_Morse_Code/MCU1/Debug/../Drivers/STM32F4xx_HAL_Driver/Src/stm32f4xx_hal.c:201: multiple definition of `Error_Handler'; ./Core/Src/main.o:C:/Users/crayo/Desktop/Licence3S6/micro/Project_Morse_Code/MCU1/Debug/../Core/Src/main.c:199: first defined here
C:/ST/STM32CubeIDE_1.14.1/STM32CubeIDE/plugins/com.st.stm32cube.ide.mcu.externaltools.gnu-tools-for-stm32.11.3.rel1.win32_1.1.100.202309141235/tools/bin/../lib/gcc/arm-none-eabi/11.3.1/../../../../arm-none-eabi/bin/ld.exe: ./Core/Src/main.o: in function `main':
C:/Users/crayo/Desktop/Licence3S6/micro/Project_Morse_Code/MCU1/Debug/../Core/Src/main.c:16: undefined reference to `HAL_Init'
C:/ST/STM32CubeIDE_1.14.1/STM32CubeIDE/plugins/com.st.stm32cube.ide.mcu.externaltools.gnu-tools-for-stm32.11.3.rel1.win32_1.1.100.202309141235/tools/bin/../lib/gcc/arm-none-eabi/11.3.1/../../../../arm-none-eabi/bin/ld.exe: C:/Users/crayo/Desktop/Licence3S6/micro/Project_Morse_Code/MCU1/Debug/../Core/Src/main.c:41: undefined reference to `HAL_Delay'
C:/ST/STM32CubeIDE_1.14.1/STM32CubeIDE/plugins/com.st.stm32cube.ide.mcu.externaltools.gnu-tools-for-stm32.11.3.rel1.win32_1.1.100.202309141235/tools/bin/../lib/gcc/arm-none-eabi/11.3.1/../../../../arm-none-eabi/bin/ld.exe: C:/Users/crayo/Desktop/Licence3S6/micro/Project_Morse_Code/MCU1/Debug/../Core/Src/main.c:44: undefined reference to `HAL_Delay'
C:/ST/STM32CubeIDE_1.14.1/STM32CubeIDE/plugins/com.st.stm32cube.ide.mcu.externaltools.gnu-tools-for-stm32.11.3.rel1.win32_1.1.100.202309141235/tools/bin/../lib/gcc/arm-none-eabi/11.3.1/../../../../arm-none-eabi/bin/ld.exe: ./Core/Src/stm32f4xx_it.o: in function `SysTick_Handler':
C:/Users/crayo/Desktop/Licence3S6/micro/Project_Morse_Code/MCU1/Debug/../Core/Src/stm32f4xx_it.c:188: undefined reference to `HAL_IncTick'
C:/ST/STM32CubeIDE_1.14.1/STM32CubeIDE/plugins/com.st.stm32cube.ide.mcu.externaltools.gnu-tools-for-stm32.11.3.rel1.win32_1.1.100.202309141235/tools/bin/../lib/gcc/arm-none-eabi/11.3.1/../../../../arm-none-eabi/bin/ld.exe: ./Drivers/STM32F4xx_HAL_Driver/Src/stm32f4xx_hal_rcc.o: in function `HAL_RCC_ClockConfig':
C:/Users/crayo/Desktop/Licence3S6/micro/Project_Morse_Code/MCU1/Debug/../Drivers/STM32F4xx_HAL_Driver/Src/stm32f4xx_hal_rcc.c:679: undefined reference to `HAL_GetTick'
C:/ST/STM32CubeIDE_1.14.1/STM32CubeIDE/plugins/com.st.stm32cube.ide.mcu.externaltools.gnu-tools-for-stm32.11.3.rel1.win32_1.1.100.202309141235/tools/bin/../lib/gcc/arm-none-eabi/11.3.1/../../../../arm-none-eabi/bin/ld.exe: C:/Users/crayo/Desktop/Licence3S6/micro/Project_Morse_Code/MCU1/Debug/../Drivers/STM32F4xx_HAL_Driver/Src/stm32f4xx_hal_rcc.c:683: undefined reference to `HAL_GetTick'
C:/ST/STM32CubeIDE_1.14.1/STM32CubeIDE/plugins/com.st.stm32cube.ide.mcu.externaltools.gnu-tools-for-stm32.11.3.rel1.win32_1.1.100.202309141235/tools/bin/../lib/gcc/arm-none-eabi/11.3.1/../../../../arm-none-eabi/bin/ld.exe: C:/Users/crayo/Desktop/Licence3S6/micro/Project_Morse_Code/MCU1/Debug/../Drivers/STM32F4xx_HAL_Driver/Src/stm32f4xx_hal_rcc.c:722: undefined reference to `HAL_InitTick'
C:/ST/STM32CubeIDE_1.14.1/STM32CubeIDE/plugins/com.st.stm32cube.ide.mcu.externaltools.gnu-tools-for-stm32.11.3.rel1.win32_1.1.100.202309141235/tools/bin/../lib/gcc/arm-none-eabi/11.3.1/../../../../arm-none-eabi/bin/ld.exe: C:/Users/crayo/Desktop/Licence3S6/micro/Project_Morse_Code/MCU1/Debug/../Drivers/STM32F4xx_HAL_Driver/Src/stm32f4xx_hal_rcc.c:725: undefined reference to `uwTickPrio'
C:/ST/STM32CubeIDE_1.14.1/STM32CubeIDE/plugins/com.st.stm32cube.ide.mcu.externaltools.gnu-tools-for-stm32.11.3.rel1.win32_1.1.100.202309141235/tools/bin/../lib/gcc/arm-none-eabi/11.3.1/../../../../arm-none-eabi/bin/ld.exe: ./Drivers/STM32F4xx_HAL_Driver/Src/stm32f4xx_hal_rcc_ex.o: in function `HAL_RCC_OscConfig':
C:/Users/crayo/Desktop/Licence3S6/micro/Project_Morse_Code/MCU1/Debug/../Drivers/STM32F4xx_HAL_Driver/Src/stm32f4xx_hal_rcc_ex.c:3398: undefined reference to `HAL_GetTick'
C:/ST/STM32CubeIDE_1.14.1/STM32CubeIDE/plugins/com.st.stm32cube.ide.mcu.externaltools.gnu-tools-for-stm32.11.3.rel1.win32_1.1.100.202309141235/tools/bin/../lib/gcc/arm-none-eabi/11.3.1/../../../../arm-none-eabi/bin/ld.exe: C:/Users/crayo/Desktop/Licence3S6/micro/Project_Morse_Code/MCU1/Debug/../Drivers/STM32F4xx_HAL_Driver/Src/stm32f4xx_hal_rcc_ex.c:3403: undefined reference to `HAL_GetTick'
C:/ST/STM32CubeIDE_1.14.1/STM32CubeIDE/plugins/com.st.stm32cube.ide.mcu.externaltools.gnu-tools-for-stm32.11.3.rel1.win32_1.1.100.202309141235/tools/bin/../lib/gcc/arm-none-eabi/11.3.1/../../../../arm-none-eabi/bin/ld.exe: C:/Users/crayo/Desktop/Licence3S6/micro/Project_Morse_Code/MCU1/Debug/../Drivers/STM32F4xx_HAL_Driver/Src/stm32f4xx_hal_rcc_ex.c:3412: undefined reference to `HAL_GetTick'
C:/ST/STM32CubeIDE_1.14.1/STM32CubeIDE/plugins/com.st.stm32cube.ide.mcu.externaltools.gnu-tools-for-stm32.11.3.rel1.win32_1.1.100.202309141235/tools/bin/../lib/gcc/arm-none-eabi/11.3.1/../../../../arm-none-eabi/bin/ld.exe: C:/Users/crayo/Desktop/Licence3S6/micro/Project_Morse_Code/MCU1/Debug/../Drivers/STM32F4xx_HAL_Driver/Src/stm32f4xx_hal_rcc_ex.c:3417: undefined reference to `HAL_GetTick'
C:/ST/STM32CubeIDE_1.14.1/STM32CubeIDE/plugins/com.st.stm32cube.ide.mcu.externaltools.gnu-tools-for-stm32.11.3.rel1.win32_1.1.100.202309141235/tools/bin/../lib/gcc/arm-none-eabi/11.3.1/../../../../arm-none-eabi/bin/ld.exe: C:/Users/crayo/Desktop/Licence3S6/micro/Project_Morse_Code/MCU1/Debug/../Drivers/STM32F4xx_HAL_Driver/Src/stm32f4xx_hal_rcc_ex.c:3463: undefined reference to `HAL_GetTick'
C:/ST/STM32CubeIDE_1.14.1/STM32CubeIDE/plugins/com.st.stm32cube.ide.mcu.externaltools.gnu-tools-for-stm32.11.3.rel1.win32_1.1.100.202309141235/tools/bin/../lib/gcc/arm-none-eabi/11.3.1/../../../../arm-none-eabi/bin/ld.exe: ./Drivers/STM32F4xx_HAL_Driver/Src/stm32f4xx_hal_rcc_ex.o:C:/Users/crayo/Desktop/Licence3S6/micro/Project_Morse_Code/MCU1/Debug/../Drivers/STM32F4xx_HAL_Driver/Src/stm32f4xx_hal_rcc_ex.c:3468: more undefined references to `HAL_GetTick' follow
collect2.exe: error: ld returned 1 exit status
make: *** [makefile:64: MCU1.elf] Error 1
"make -j12 all" terminated with exit code 2. Build might be incomplete.
04:30:01 **** Incremental Build of configuration Debug for project MCU1 ****
make -j12 all 
arm-none-eabi-gcc "../Core/Src/main.c" -mcpu=cortex-m4 -std=gnu11 -g3 -DDEBUG -DUSE_HAL_DRIVER -DSTM32F446xx -c -I../Core/Inc -I../Drivers/STM32F4xx_HAL_Driver/Inc -I../Drivers/STM32F4xx_HAL_Driver/Inc/Legacy -I../Drivers/CMSIS/Device/ST/STM32F4xx/Include -I../Drivers/CMSIS/Include -O0 -ffunction-sections -fdata-sections -Wall -fstack-usage -fcyclomatic-complexity -MMD -MP -MF"Core/Src/main.d" -MT"Core/Src/main.o" --specs=nano.specs -mfpu=fpv4-sp-d16 -mfloat-abi=hard -mthumb -o "Core/Src/main.o"
arm-none-eabi-gcc -o "MCU1.elf" @"objects.list"   -mcpu=cortex-m4 -T"C:\Users\crayo\Desktop\Licence3S6\micro\Project_Morse_Code\MCU1\STM32F446RETX_FLASH.ld" --specs=nosys.specs -Wl,-Map="MCU1.map" -Wl,--gc-sections -static --specs=nano.specs -mfpu=fpv4-sp-d16 -mfloat-abi=hard -mthumb -Wl,--start-group -lc -lm -Wl,--end-group
C:/ST/STM32CubeIDE_1.14.1/STM32CubeIDE/plugins/com.st.stm32cube.ide.mcu.externaltools.gnu-tools-for-stm32.11.3.rel1.win32_1.1.100.202309141235/tools/bin/../lib/gcc/arm-none-eabi/11.3.1/../../../../arm-none-eabi/bin/ld.exe: ./Drivers/STM32F4xx_HAL_Driver/Src/stm32f4xx_hal.o:C:/Users/crayo/Desktop/Licence3S6/micro/Project_Morse_Code/MCU1/Debug/../Drivers/STM32F4xx_HAL_Driver/Src/stm32f4xx_hal.c:5: multiple definition of `huart2'; ./Core/Src/main.o:C:/Users/crayo/Desktop/Licence3S6/micro/Project_Morse_Code/MCU1/Debug/../Core/Src/main.c:4: first defined here
C:/ST/STM32CubeIDE_1.14.1/STM32CubeIDE/plugins/com.st.stm32cube.ide.mcu.externaltools.gnu-tools-for-stm32.11.3.rel1.win32_1.1.100.202309141235/tools/bin/../lib/gcc/arm-none-eabi/11.3.1/../../../../arm-none-eabi/bin/ld.exe: ./Drivers/STM32F4xx_HAL_Driver/Src/stm32f4xx_hal.o:C:/Users/crayo/Desktop/Licence3S6/micro/Project_Morse_Code/MCU1/Debug/../Drivers/STM32F4xx_HAL_Driver/Src/stm32f4xx_hal.c:8: multiple definition of `mode'; ./Core/Src/main.o:C:/Users/crayo/Desktop/Licence3S6/micro/Project_Morse_Code/MCU1/Debug/../Core/Src/main.c:7: first defined here
C:/ST/STM32CubeIDE_1.14.1/STM32CubeIDE/plugins/com.st.stm32cube.ide.mcu.externaltools.gnu-tools-for-stm32.11.3.rel1.win32_1.1.100.202309141235/tools/bin/../lib/gcc/arm-none-eabi/11.3.1/../../../../arm-none-eabi/bin/ld.exe: ./Drivers/STM32F4xx_HAL_Driver/Src/stm32f4xx_hal.o: in function `main':
C:/Users/crayo/Desktop/Licence3S6/micro/Project_Morse_Code/MCU1/Debug/../Drivers/STM32F4xx_HAL_Driver/Src/stm32f4xx_hal.c:15: multiple definition of `main'; ./Core/Src/main.o:C:/Users/crayo/Desktop/Licence3S6/micro/Project_Morse_Code/MCU1/Debug/../Core/Src/main.c:14: first defined here
C:/ST/STM32CubeIDE_1.14.1/STM32CubeIDE/plugins/com.st.stm32cube.ide.mcu.externaltools.gnu-tools-for-stm32.11.3.rel1.win32_1.1.100.202309141235/tools/bin/../lib/gcc/arm-none-eabi/11.3.1/../../../../arm-none-eabi/bin/ld.exe: ./Drivers/STM32F4xx_HAL_Driver/Src/stm32f4xx_hal.o: in function `SystemClock_Config':
C:/Users/crayo/Desktop/Licence3S6/micro/Project_Morse_Code/MCU1/Debug/../Drivers/STM32F4xx_HAL_Driver/Src/stm32f4xx_hal.c:51: multiple definition of `SystemClock_Config'; ./Core/Src/main.o:C:/Users/crayo/Desktop/Licence3S6/micro/Project_Morse_Code/MCU1/Debug/../Core/Src/main.c:49: first defined here
C:/ST/STM32CubeIDE_1.14.1/STM32CubeIDE/plugins/com.st.stm32cube.ide.mcu.externaltools.gnu-tools-for-stm32.11.3.rel1.win32_1.1.100.202309141235/tools/bin/../lib/gcc/arm-none-eabi/11.3.1/../../../../arm-none-eabi/bin/ld.exe: ./Drivers/STM32F4xx_HAL_Driver/Src/stm32f4xx_hal.o: in function `Error_Handler':
C:/Users/crayo/Desktop/Licence3S6/micro/Project_Morse_Code/MCU1/Debug/../Drivers/STM32F4xx_HAL_Driver/Src/stm32f4xx_hal.c:201: multiple definition of `Error_Handler'; ./Core/Src/main.o:C:/Users/crayo/Desktop/Licence3S6/micro/Project_Morse_Code/MCU1/Debug/../Core/Src/main.c:199: first defined here
C:/ST/STM32CubeIDE_1.14.1/STM32CubeIDE/plugins/com.st.stm32cube.ide.mcu.externaltools.gnu-tools-for-stm32.11.3.rel1.win32_1.1.100.202309141235/tools/bin/../lib/gcc/arm-none-eabi/11.3.1/../../../../arm-none-eabi/bin/ld.exe: ./Core/Src/main.o: in function `main':
C:/Users/crayo/Desktop/Licence3S6/micro/Project_Morse_Code/MCU1/Debug/../Core/Src/main.c:16: undefined reference to `HAL_Init'
C:/ST/STM32CubeIDE_1.14.1/STM32CubeIDE/plugins/com.st.stm32cube.ide.mcu.externaltools.gnu-tools-for-stm32.11.3.rel1.win32_1.1.100.202309141235/tools/bin/../lib/gcc/arm-none-eabi/11.3.1/../../../../arm-none-eabi/bin/ld.exe: C:/Users/crayo/Desktop/Licence3S6/micro/Project_Morse_Code/MCU1/Debug/../Core/Src/main.c:41: undefined reference to `HAL_Delay'
C:/ST/STM32CubeIDE_1.14.1/STM32CubeIDE/plugins/com.st.stm32cube.ide.mcu.externaltools.gnu-tools-for-stm32.11.3.rel1.win32_1.1.100.202309141235/tools/bin/../lib/gcc/arm-none-eabi/11.3.1/../../../../arm-none-eabi/bin/ld.exe: C:/Users/crayo/Desktop/Licence3S6/micro/Project_Morse_Code/MCU1/Debug/../Core/Src/main.c:44: undefined reference to `HAL_Delay'
C:/ST/STM32CubeIDE_1.14.1/STM32CubeIDE/plugins/com.st.stm32cube.ide.mcu.externaltools.gnu-tools-for-stm32.11.3.rel1.win32_1.1.100.202309141235/tools/bin/../lib/gcc/arm-none-eabi/11.3.1/../../../../arm-none-eabi/bin/ld.exe: ./Core/Src/stm32f4xx_it.o: in function `SysTick_Handler':
C:/Users/crayo/Desktop/Licence3S6/micro/Project_Morse_Code/MCU1/Debug/../Core/Src/stm32f4xx_it.c:188: undefined reference to `HAL_IncTick'
C:/ST/STM32CubeIDE_1.14.1/STM32CubeIDE/plugins/com.st.stm32cube.ide.mcu.externaltools.gnu-tools-for-stm32.11.3.rel1.win32_1.1.100.202309141235/tools/bin/../lib/gcc/arm-none-eabi/11.3.1/../../../../arm-none-eabi/bin/ld.exe: ./Drivers/STM32F4xx_HAL_Driver/Src/stm32f4xx_hal_rcc.o: in function `HAL_RCC_ClockConfig':
C:/Users/crayo/Desktop/Licence3S6/micro/Project_Morse_Code/MCU1/Debug/../Drivers/STM32F4xx_HAL_Driver/Src/stm32f4xx_hal_rcc.c:679: undefined reference to `HAL_GetTick'
C:/ST/STM32CubeIDE_1.14.1/STM32CubeIDE/plugins/com.st.stm32cube.ide.mcu.externaltools.gnu-tools-for-stm32.11.3.rel1.win32_1.1.100.202309141235/tools/bin/../lib/gcc/arm-none-eabi/11.3.1/../../../../arm-none-eabi/bin/ld.exe: C:/Users/crayo/Desktop/Licence3S6/micro/Project_Morse_Code/MCU1/Debug/../Drivers/STM32F4xx_HAL_Driver/Src/stm32f4xx_hal_rcc.c:683: undefined reference to `HAL_GetTick'
C:/ST/STM32CubeIDE_1.14.1/STM32CubeIDE/plugins/com.st.stm32cube.ide.mcu.externaltools.gnu-tools-for-stm32.11.3.rel1.win32_1.1.100.202309141235/tools/bin/../lib/gcc/arm-none-eabi/11.3.1/../../../../arm-none-eabi/bin/ld.exe: C:/Users/crayo/Desktop/Licence3S6/micro/Project_Morse_Code/MCU1/Debug/../Drivers/STM32F4xx_HAL_Driver/Src/stm32f4xx_hal_rcc.c:722: undefined reference to `HAL_InitTick'
C:/ST/STM32CubeIDE_1.14.1/STM32CubeIDE/plugins/com.st.stm32cube.ide.mcu.externaltools.gnu-tools-for-stm32.11.3.rel1.win32_1.1.100.202309141235/tools/bin/../lib/gcc/arm-none-eabi/11.3.1/../../../../arm-none-eabi/bin/ld.exe: C:/Users/crayo/Desktop/Licence3S6/micro/Project_Morse_Code/MCU1/Debug/../Drivers/STM32F4xx_HAL_Driver/Src/stm32f4xx_hal_rcc.c:725: undefined reference to `uwTickPrio'
C:/ST/STM32CubeIDE_1.14.1/STM32CubeIDE/plugins/com.st.stm32cube.ide.mcu.externaltools.gnu-tools-for-stm32.11.3.rel1.win32_1.1.100.202309141235/tools/bin/../lib/gcc/arm-none-eabi/11.3.1/../../../../arm-none-eabi/bin/ld.exe: ./Drivers/STM32F4xx_HAL_Driver/Src/stm32f4xx_hal_rcc_ex.o: in function `HAL_RCC_OscConfig':
C:/Users/crayo/Desktop/Licence3S6/micro/Project_Morse_Code/MCU1/Debug/../Drivers/STM32F4xx_HAL_Driver/Src/stm32f4xx_hal_rcc_ex.c:3398: undefined reference to `HAL_GetTick'
C:/ST/STM32CubeIDE_1.14.1/STM32CubeIDE/plugins/com.st.stm32cube.ide.mcu.externaltools.gnu-tools-for-stm32.11.3.rel1.win32_1.1.100.202309141235/tools/bin/../lib/gcc/arm-none-eabi/11.3.1/../../../../arm-none-eabi/bin/ld.exe: C:/Users/crayo/Desktop/Licence3S6/micro/Project_Morse_Code/MCU1/Debug/../Drivers/STM32F4xx_HAL_Driver/Src/stm32f4xx_hal_rcc_ex.c:3403: undefined reference to `HAL_GetTick'
C:/ST/STM32CubeIDE_1.14.1/STM32CubeIDE/plugins/com.st.stm32cube.ide.mcu.externaltools.gnu-tools-for-stm32.11.3.rel1.win32_1.1.100.202309141235/tools/bin/../lib/gcc/arm-none-eabi/11.3.1/../../../../arm-none-eabi/bin/ld.exe: C:/Users/crayo/Desktop/Licence3S6/micro/Project_Morse_Code/MCU1/Debug/../Drivers/STM32F4xx_HAL_Driver/Src/stm32f4xx_hal_rcc_ex.c:3412: undefined reference to `HAL_GetTick'
C:/ST/STM32CubeIDE_1.14.1/STM32CubeIDE/plugins/com.st.stm32cube.ide.mcu.externaltools.gnu-tools-for-stm32.11.3.rel1.win32_1.1.100.202309141235/tools/bin/../lib/gcc/arm-none-eabi/11.3.1/../../../../arm-none-eabi/bin/ld.exe: C:/Users/crayo/Desktop/Licence3S6/micro/Project_Morse_Code/MCU1/Debug/../Drivers/STM32F4xx_HAL_Driver/Src/stm32f4xx_hal_rcc_ex.c:3417: undefined reference to `HAL_GetTick'
C:/ST/STM32CubeIDE_1.14.1/STM32CubeIDE/plugins/com.st.stm32cube.ide.mcu.externaltools.gnu-tools-for-stm32.11.3.rel1.win32_1.1.100.202309141235/tools/bin/../lib/gcc/arm-none-eabi/11.3.1/../../../../arm-none-eabi/bin/ld.exe: C:/Users/crayo/Desktop/Licence3S6/micro/Project_Morse_Code/MCU1/Debug/../Drivers/STM32F4xx_HAL_Driver/Src/stm32f4xx_hal_rcc_ex.c:3463: undefined reference to `HAL_GetTick'
C:/ST/STM32CubeIDE_1.14.1/STM32CubeIDE/plugins/com.st.stm32cube.ide.mcu.externaltools.gnu-tools-for-stm32.11.3.rel1.win32_1.1.100.202309141235/tools/bin/../lib/gcc/arm-none-eabi/11.3.1/../../../../arm-none-eabi/bin/ld.exe: ./Drivers/STM32F4xx_HAL_Driver/Src/stm32f4xx_hal_rcc_ex.o:C:/Users/crayo/Desktop/Licence3S6/micro/Project_Morse_Code/MCU1/Debug/../Drivers/STM32F4xx_HAL_Driver/Src/stm32f4xx_hal_rcc_ex.c:3468: more undefined references to `HAL_GetTick' follow
collect2.exe: error: ld returned 1 exit status
make: *** [makefile:64: MCU1.elf] Error 1
"make -j12 all" terminated with exit code 2. Build might be incomplete.
05:04:48 **** Incremental Build of configuration Debug for project MCU2 ****
make -j12 all 
arm-none-eabi-gcc "../Core/Src/main.c" -mcpu=cortex-m4 -std=gnu11 -g3 -DDEBUG -DUSE_HAL_DRIVER -DSTM32F446xx -c -I../Core/Inc -I../Drivers/STM32F4xx_HAL_Driver/Inc -I../Drivers/STM32F4xx_HAL_Driver/Inc/Legacy -I../Drivers/CMSIS/Device/ST/STM32F4xx/Include -I../Drivers/CMSIS/Include -O0 -ffunction-sections -fdata-sections -Wall -fstack-usage -fcyclomatic-complexity -MMD -MP -MF"Core/Src/main.d" -MT"Core/Src/main.o" --specs=nano.specs -mfpu=fpv4-sp-d16 -mfloat-abi=hard -mthumb -o "Core/Src/main.o"
arm-none-eabi-gcc -o "MCU2.elf" @"objects.list"   -mcpu=cortex-m4 -T"C:\Users\crayo\Desktop\Licence3S6\micro\Project_Morse_Code\MCU2\STM32F446RETX_FLASH.ld" --specs=nosys.specs -Wl,-Map="MCU2.map" -Wl,--gc-sections -static --specs=nano.specs -mfpu=fpv4-sp-d16 -mfloat-abi=hard -mthumb -Wl,--start-group -lc -lm -Wl,--end-group
Finished building target: MCU2.elf
 
arm-none-eabi-size  MCU2.elf 
arm-none-eabi-objdump -h -S MCU2.elf  > "MCU2.list"
   text	   data	    bss	    dec	    hex	filename
  12552	     20	   1740	  14312	   37e8	MCU2.elf
Finished building: default.size.stdout
 
Finished building: MCU2.list
 
05:15:33 **** Incremental Build of configuration Debug for project MCU2 ****
make -j12 all 
arm-none-eabi-gcc "../Core/Src/main.c" -mcpu=cortex-m4 -std=gnu11 -g3 -DDEBUG -DUSE_HAL_DRIVER -DSTM32F446xx -c -I../Core/Inc -I../Drivers/STM32F4xx_HAL_Driver/Inc -I../Drivers/STM32F4xx_HAL_Driver/Inc/Legacy -I../Drivers/CMSIS/Device/ST/STM32F4xx/Include -I../Drivers/CMSIS/Include -O0 -ffunction-sections -fdata-sections -Wall -fstack-usage -fcyclomatic-complexity -MMD -MP -MF"Core/Src/main.d" -MT"Core/Src/main.o" --specs=nano.specs -mfpu=fpv4-sp-d16 -mfloat-abi=hard -mthumb -o "Core/Src/main.o"
arm-none-eabi-gcc -o "MCU2.elf" @"objects.list"   -mcpu=cortex-m4 -T"C:\Users\crayo\Desktop\Licence3S6\micro\Project_Morse_Code\MCU2\STM32F446RETX_FLASH.ld" --specs=nosys.specs -Wl,-Map="MCU2.map" -Wl,--gc-sections -static --specs=nano.specs -mfpu=fpv4-sp-d16 -mfloat-abi=hard -mthumb -Wl,--start-group -lc -lm -Wl,--end-group
Finished building target: MCU2.elf
 
arm-none-eabi-size  MCU2.elf 
arm-none-eabi-objdump -h -S MCU2.elf  > "MCU2.list"
   text	   data	    bss	    dec	    hex	filename
  12528	     20	   1740	  14288	   37d0	MCU2.elf
Finished building: default.size.stdout
 
Finished building: MCU2.list
 
05:16:50 **** Incremental Build of configuration Debug for project MCU2 ****
make -j12 all 
arm-none-eabi-size  MCU2.elf 
   text	   data	    bss	    dec	    hex	filename
  12528	     20	   1740	  14288	   37d0	MCU2.elf
Finished building: default.size.stdout
 
05:18:54 **** Incremental Build of configuration Debug for project MCU2 ****
make -j12 all 
arm-none-eabi-size  MCU2.elf 
   text	   data	    bss	    dec	    hex	filename
  12528	     20	   1740	  14288	   37d0	MCU2.elf
Finished building: default.size.stdout
 
05:22:50 **** Incremental Build of configuration Debug for project MCU2 ****
make -j12 all 
arm-none-eabi-gcc "../Core/Src/main.c" -mcpu=cortex-m4 -std=gnu11 -g3 -DDEBUG -DUSE_HAL_DRIVER -DSTM32F446xx -c -I../Core/Inc -I../Drivers/STM32F4xx_HAL_Driver/Inc -I../Drivers/STM32F4xx_HAL_Driver/Inc/Legacy -I../Drivers/CMSIS/Device/ST/STM32F4xx/Include -I../Drivers/CMSIS/Include -O0 -ffunction-sections -fdata-sections -Wall -fstack-usage -fcyclomatic-complexity -MMD -MP -MF"Core/Src/main.d" -MT"Core/Src/main.o" --specs=nano.specs -mfpu=fpv4-sp-d16 -mfloat-abi=hard -mthumb -o "Core/Src/main.o"
arm-none-eabi-gcc -o "MCU2.elf" @"objects.list"   -mcpu=cortex-m4 -T"C:\Users\crayo\Desktop\Licence3S6\micro\Project_Morse_Code\MCU2\STM32F446RETX_FLASH.ld" --specs=nosys.specs -Wl,-Map="MCU2.map" -Wl,--gc-sections -static --specs=nano.specs -mfpu=fpv4-sp-d16 -mfloat-abi=hard -mthumb -Wl,--start-group -lc -lm -Wl,--end-group
Finished building target: MCU2.elf
 
arm-none-eabi-size  MCU2.elf 
arm-none-eabi-objdump -h -S MCU2.elf  > "MCU2.list"
   text	   data	    bss	    dec	    hex	filename
  12528	     20	   1740	  14288	   37d0	MCU2.elf
Finished building: default.size.stdout
 
Finished building: MCU2.list
 
05:24:38 **** Clean-only build of configuration Debug for project MCU2 ****
make -j12 clean 
rm -rf ./Drivers/STM32F4xx_HAL_Driver/Src/stm32f4xx_hal.cyclo ./Drivers/STM32F4xx_HAL_Driver/Src/stm32f4xx_hal.d ./Drivers/STM32F4xx_HAL_Driver/Src/stm32f4xx_hal.o ./Drivers/STM32F4xx_HAL_Driver/Src/stm32f4xx_hal.su ./Drivers/STM32F4xx_HAL_Driver/Src/stm32f4xx_hal_adc.cyclo ./Drivers/STM32F4xx_HAL_Driver/Src/stm32f4xx_hal_adc.d ./Drivers/STM32F4xx_HAL_Driver/Src/stm32f4xx_hal_adc.o ./Drivers/STM32F4xx_HAL_Driver/Src/stm32f4xx_hal_adc.su ./Drivers/STM32F4xx_HAL_Driver/Src/stm32f4xx_hal_adc_ex.cyclo ./Drivers/STM32F4xx_HAL_Driver/Src/stm32f4xx_hal_adc_ex.d ./Drivers/STM32F4xx_HAL_Driver/Src/stm32f4xx_hal_adc_ex.o ./Drivers/STM32F4xx_HAL_Driver/Src/stm32f4xx_hal_adc_ex.su ./Drivers/STM32F4xx_HAL_Driver/Src/stm32f4xx_hal_cortex.cyclo ./Drivers/STM32F4xx_HAL_Driver/Src/stm32f4xx_hal_cortex.d ./Drivers/STM32F4xx_HAL_Driver/Src/stm32f4xx_hal_cortex.o ./Drivers/STM32F4xx_HAL_Driver/Src/stm32f4xx_hal_cortex.su ./Drivers/STM32F4xx_HAL_Driver/Src/stm32f4xx_hal_dma.cyclo ./Drivers/STM32F4xx_HAL_Driver/Src/stm32f4xx_hal_dma.d ./Drivers/STM32F4xx_HAL_Driver/Src/stm32f4xx_hal_dma.o ./Drivers/STM32F4xx_HAL_Driver/Src/stm32f4xx_hal_dma.su ./Drivers/STM32F4xx_HAL_Driver/Src/stm32f4xx_hal_dma_ex.cyclo ./Drivers/STM32F4xx_HAL_Driver/Src/stm32f4xx_hal_dma_ex.d ./Drivers/STM32F4xx_HAL_Driver/Src/stm32f4xx_hal_dma_ex.o ./Drivers/STM32F4xx_HAL_Driver/Src/stm32f4xx_hal_dma_ex.su ./Drivers/STM32F4xx_HAL_Driver/Src/stm32f4xx_hal_exti.cyclo ./Drivers/STM32F4xx_HAL_Driver/Src/stm32f4xx_hal_exti.d ./Drivers/STM32F4xx_HAL_Driver/Src/stm32f4xx_hal_exti.o ./Drivers/STM32F4xx_HAL_Driver/Src/stm32f4xx_hal_exti.su ./Drivers/STM32F4xx_HAL_Driver/Src/stm32f4xx_hal_flash.cyclo ./Drivers/STM32F4xx_HAL_Driver/Src/stm32f4xx_hal_flash.d ./Drivers/STM32F4xx_HAL_Driver/Src/stm32f4xx_hal_flash.o ./Drivers/STM32F4xx_HAL_Driver/Src/stm32f4xx_hal_flash.su ./Drivers/STM32F4xx_HAL_Driver/Src/stm32f4xx_hal_flash_ex.cyclo ./Drivers/STM32F4xx_HAL_Driver/Src/stm32f4xx_hal_flash_ex.d ./Drivers/STM32F4xx_HAL_Driver/Src/stm32f4xx_hal_flash_ex.o ./Drivers/STM32F4xx_HAL_Driver/Src/stm32f4xx_hal_flash_ex.su ./Drivers/STM32F4xx_HAL_Driver/Src/stm32f4xx_hal_flash_ramfunc.cyclo ./Drivers/STM32F4xx_HAL_Driver/Src/stm32f4xx_hal_flash_ramfunc.d ./Drivers/STM32F4xx_HAL_Driver/Src/stm32f4xx_hal_flash_ramfunc.o ./Drivers/STM32F4xx_HAL_Driver/Src/stm32f4xx_hal_flash_ramfunc.su ./Drivers/STM32F4xx_HAL_Driver/Src/stm32f4xx_hal_gpio.cyclo ./Drivers/STM32F4xx_HAL_Driver/Src/stm32f4xx_hal_gpio.d ./Drivers/STM32F4xx_HAL_Driver/Src/stm32f4xx_hal_gpio.o ./Drivers/STM32F4xx_HAL_Driver/Src/stm32f4xx_hal_gpio.su ./Drivers/STM32F4xx_HAL_Driver/Src/stm32f4xx_hal_pwr.cyclo ./Drivers/STM32F4xx_HAL_Driver/Src/stm32f4xx_hal_pwr.d ./Drivers/STM32F4xx_HAL_Driver/Src/stm32f4xx_hal_pwr.o ./Drivers/STM32F4xx_HAL_Driver/Src/stm32f4xx_hal_pwr.su ./Drivers/STM32F4xx_HAL_Driver/Src/stm32f4xx_hal_pwr_ex.cyclo ./Drivers/STM32F4xx_HAL_Driver/Src/stm32f4xx_hal_pwr_ex.d ./Drivers/STM32F4xx_HAL_Driver/Src/stm32f4xx_hal_pwr_ex.o ./Drivers/STM32F4xx_HAL_Driver/Src/stm32f4xx_hal_pwr_ex.su ./Drivers/STM32F4xx_HAL_Driver/Src/stm32f4xx_hal_rcc.cyclo ./Drivers/STM32F4xx_HAL_Driver/Src/stm32f4xx_hal_rcc.d ./Drivers/STM32F4xx_HAL_Driver/Src/stm32f4xx_hal_rcc.o ./Drivers/STM32F4xx_HAL_Driver/Src/stm32f4xx_hal_rcc.su ./Drivers/STM32F4xx_HAL_Driver/Src/stm32f4xx_hal_rcc_ex.cyclo ./Drivers/STM32F4xx_HAL_Driver/Src/stm32f4xx_hal_rcc_ex.d ./Drivers/STM32F4xx_HAL_Driver/Src/stm32f4xx_hal_rcc_ex.o ./Drivers/STM32F4xx_HAL_Driver/Src/stm32f4xx_hal_rcc_ex.su ./Drivers/STM32F4xx_HAL_Driver/Src/stm32f4xx_hal_tim.cyclo ./Drivers/STM32F4xx_HAL_Driver/Src/stm32f4xx_hal_tim.d ./Drivers/STM32F4xx_HAL_Driver/Src/stm32f4xx_hal_tim.o ./Drivers/STM32F4xx_HAL_Driver/Src/stm32f4xx_hal_tim.su ./Drivers/STM32F4xx_HAL_Driver/Src/stm32f4xx_hal_tim_ex.cyclo ./Drivers/STM32F4xx_HAL_Driver/Src/stm32f4xx_hal_tim_ex.d ./Drivers/STM32F4xx_HAL_Driver/Src/stm32f4xx_hal_tim_ex.o ./Drivers/STM32F4xx_HAL_Driver/Src/stm32f4xx_hal_tim_ex.su ./Drivers/STM32F4xx_HAL_Driver/Src/stm32f4xx_hal_uart.cyclo ./Drivers/STM32F4xx_HAL_Driver/Src/stm32f4xx_hal_uart.d ./Drivers/STM32F4xx_HAL_Driver/Src/stm32f4xx_hal_uart.o ./Drivers/STM32F4xx_HAL_Driver/Src/stm32f4xx_hal_uart.su ./Drivers/STM32F4xx_HAL_Driver/Src/stm32f4xx_ll_adc.cyclo ./Drivers/STM32F4xx_HAL_Driver/Src/stm32f4xx_ll_adc.d ./Drivers/STM32F4xx_HAL_Driver/Src/stm32f4xx_ll_adc.o ./Drivers/STM32F4xx_HAL_Driver/Src/stm32f4xx_ll_adc.su
rm -rf ./Core/Startup/startup_stm32f446retx.d ./Core/Startup/startup_stm32f446retx.o
rm -rf ./Core/Src/main.cyclo ./Core/Src/main.d ./Core/Src/main.o ./Core/Src/main.su ./Core/Src/stm32f4xx_hal_msp.cyclo ./Core/Src/stm32f4xx_hal_msp.d ./Core/Src/stm32f4xx_hal_msp.o ./Core/Src/stm32f4xx_hal_msp.su ./Core/Src/stm32f4xx_it.cyclo ./Core/Src/stm32f4xx_it.d ./Core/Src/stm32f4xx_it.o ./Core/Src/stm32f4xx_it.su ./Core/Src/syscalls.cyclo ./Core/Src/syscalls.d ./Core/Src/syscalls.o ./Core/Src/syscalls.su ./Core/Src/sysmem.cyclo ./Core/Src/sysmem.d ./Core/Src/sysmem.o ./Core/Src/sysmem.su ./Core/Src/system_stm32f4xx.cyclo ./Core/Src/system_stm32f4xx.d ./Core/Src/system_stm32f4xx.o ./Core/Src/system_stm32f4xx.su
rm -rf MCU2.elf MCU2.list MCU2.map default.size.stdout
rm: can't remove 'MCU2.elf': Permission denied
make: [makefile:80: clean] Error 1 (ignored)
 
05:24:39 **** Incremental Build of configuration Debug for project MCU2 ****
make -j12 all 
arm-none-eabi-gcc "../Drivers/STM32F4xx_HAL_Driver/Src/stm32f4xx_hal.c" -mcpu=cortex-m4 -std=gnu11 -g3 -DDEBUG -DUSE_HAL_DRIVER -DSTM32F446xx -c -I../Core/Inc -I../Drivers/STM32F4xx_HAL_Driver/Inc -I../Drivers/STM32F4xx_HAL_Driver/Inc/Legacy -I../Drivers/CMSIS/Device/ST/STM32F4xx/Include -I../Drivers/CMSIS/Include -O0 -ffunction-sections -fdata-sections -Wall -fstack-usage -fcyclomatic-complexity -MMD -MP -MF"Drivers/STM32F4xx_HAL_Driver/Src/stm32f4xx_hal.d" -MT"Drivers/STM32F4xx_HAL_Driver/Src/stm32f4xx_hal.o" --specs=nano.specs -mfpu=fpv4-sp-d16 -mfloat-abi=hard -mthumb -o "Drivers/STM32F4xx_HAL_Driver/Src/stm32f4xx_hal.o"
arm-none-eabi-gcc "../Drivers/STM32F4xx_HAL_Driver/Src/stm32f4xx_hal_cortex.c" -mcpu=cortex-m4 -std=gnu11 -g3 -DDEBUG -DUSE_HAL_DRIVER -DSTM32F446xx -c -I../Core/Inc -I../Drivers/STM32F4xx_HAL_Driver/Inc -I../Drivers/STM32F4xx_HAL_Driver/Inc/Legacy -I../Drivers/CMSIS/Device/ST/STM32F4xx/Include -I../Drivers/CMSIS/Include -O0 -ffunction-sections -fdata-sections -Wall -fstack-usage -fcyclomatic-complexity -MMD -MP -MF"Drivers/STM32F4xx_HAL_Driver/Src/stm32f4xx_hal_cortex.d" -MT"Drivers/STM32F4xx_HAL_Driver/Src/stm32f4xx_hal_cortex.o" --specs=nano.specs -mfpu=fpv4-sp-d16 -mfloat-abi=hard -mthumb -o "Drivers/STM32F4xx_HAL_Driver/Src/stm32f4xx_hal_cortex.o"
arm-none-eabi-gcc "../Drivers/STM32F4xx_HAL_Driver/Src/stm32f4xx_hal_dma.c" -mcpu=cortex-m4 -std=gnu11 -g3 -DDEBUG -DUSE_HAL_DRIVER -DSTM32F446xx -c -I../Core/Inc -I../Drivers/STM32F4xx_HAL_Driver/Inc -I../Drivers/STM32F4xx_HAL_Driver/Inc/Legacy -I../Drivers/CMSIS/Device/ST/STM32F4xx/Include -I../Drivers/CMSIS/Include -O0 -ffunction-sections -fdata-sections -Wall -fstack-usage -fcyclomatic-complexity -MMD -MP -MF"Drivers/STM32F4xx_HAL_Driver/Src/stm32f4xx_hal_dma.d" -MT"Drivers/STM32F4xx_HAL_Driver/Src/stm32f4xx_hal_dma.o" --specs=nano.specs -mfpu=fpv4-sp-d16 -mfloat-abi=hard -mthumb -o "Drivers/STM32F4xx_HAL_Driver/Src/stm32f4xx_hal_dma.o"
arm-none-eabi-gcc "../Drivers/STM32F4xx_HAL_Driver/Src/stm32f4xx_hal_dma_ex.c" -mcpu=cortex-m4 -std=gnu11 -g3 -DDEBUG -DUSE_HAL_DRIVER -DSTM32F446xx -c -I../Core/Inc -I../Drivers/STM32F4xx_HAL_Driver/Inc -I../Drivers/STM32F4xx_HAL_Driver/Inc/Legacy -I../Drivers/CMSIS/Device/ST/STM32F4xx/Include -I../Drivers/CMSIS/Include -O0 -ffunction-sections -fdata-sections -Wall -fstack-usage -fcyclomatic-complexity -MMD -MP -MF"Drivers/STM32F4xx_HAL_Driver/Src/stm32f4xx_hal_dma_ex.d" -MT"Drivers/STM32F4xx_HAL_Driver/Src/stm32f4xx_hal_dma_ex.o" --specs=nano.specs -mfpu=fpv4-sp-d16 -mfloat-abi=hard -mthumb -o "Drivers/STM32F4xx_HAL_Driver/Src/stm32f4xx_hal_dma_ex.o"
arm-none-eabi-gcc "../Drivers/STM32F4xx_HAL_Driver/Src/stm32f4xx_hal_exti.c" -mcpu=cortex-m4 -std=gnu11 -g3 -DDEBUG -DUSE_HAL_DRIVER -DSTM32F446xx -c -I../Core/Inc -I../Drivers/STM32F4xx_HAL_Driver/Inc -I../Drivers/STM32F4xx_HAL_Driver/Inc/Legacy -I../Drivers/CMSIS/Device/ST/STM32F4xx/Include -I../Drivers/CMSIS/Include -O0 -ffunction-sections -fdata-sections -Wall -fstack-usage -fcyclomatic-complexity -MMD -MP -MF"Drivers/STM32F4xx_HAL_Driver/Src/stm32f4xx_hal_exti.d" -MT"Drivers/STM32F4xx_HAL_Driver/Src/stm32f4xx_hal_exti.o" --specs=nano.specs -mfpu=fpv4-sp-d16 -mfloat-abi=hard -mthumb -o "Drivers/STM32F4xx_HAL_Driver/Src/stm32f4xx_hal_exti.o"
arm-none-eabi-gcc "../Drivers/STM32F4xx_HAL_Driver/Src/stm32f4xx_hal_flash.c" -mcpu=cortex-m4 -std=gnu11 -g3 -DDEBUG -DUSE_HAL_DRIVER -DSTM32F446xx -c -I../Core/Inc -I../Drivers/STM32F4xx_HAL_Driver/Inc -I../Drivers/STM32F4xx_HAL_Driver/Inc/Legacy -I../Drivers/CMSIS/Device/ST/STM32F4xx/Include -I../Drivers/CMSIS/Include -O0 -ffunction-sections -fdata-sections -Wall -fstack-usage -fcyclomatic-complexity -MMD -MP -MF"Drivers/STM32F4xx_HAL_Driver/Src/stm32f4xx_hal_flash.d" -MT"Drivers/STM32F4xx_HAL_Driver/Src/stm32f4xx_hal_flash.o" --specs=nano.specs -mfpu=fpv4-sp-d16 -mfloat-abi=hard -mthumb -o "Drivers/STM32F4xx_HAL_Driver/Src/stm32f4xx_hal_flash.o"
arm-none-eabi-gcc "../Drivers/STM32F4xx_HAL_Driver/Src/stm32f4xx_hal_flash_ex.c" -mcpu=cortex-m4 -std=gnu11 -g3 -DDEBUG -DUSE_HAL_DRIVER -DSTM32F446xx -c -I../Core/Inc -I../Drivers/STM32F4xx_HAL_Driver/Inc -I../Drivers/STM32F4xx_HAL_Driver/Inc/Legacy -I../Drivers/CMSIS/Device/ST/STM32F4xx/Include -I../Drivers/CMSIS/Include -O0 -ffunction-sections -fdata-sections -Wall -fstack-usage -fcyclomatic-complexity -MMD -MP -MF"Drivers/STM32F4xx_HAL_Driver/Src/stm32f4xx_hal_flash_ex.d" -MT"Drivers/STM32F4xx_HAL_Driver/Src/stm32f4xx_hal_flash_ex.o" --specs=nano.specs -mfpu=fpv4-sp-d16 -mfloat-abi=hard -mthumb -o "Drivers/STM32F4xx_HAL_Driver/Src/stm32f4xx_hal_flash_ex.o"
arm-none-eabi-gcc "../Drivers/STM32F4xx_HAL_Driver/Src/stm32f4xx_hal_flash_ramfunc.c" -mcpu=cortex-m4 -std=gnu11 -g3 -DDEBUG -DUSE_HAL_DRIVER -DSTM32F446xx -c -I../Core/Inc -I../Drivers/STM32F4xx_HAL_Driver/Inc -I../Drivers/STM32F4xx_HAL_Driver/Inc/Legacy -I../Drivers/CMSIS/Device/ST/STM32F4xx/Include -I../Drivers/CMSIS/Include -O0 -ffunction-sections -fdata-sections -Wall -fstack-usage -fcyclomatic-complexity -MMD -MP -MF"Drivers/STM32F4xx_HAL_Driver/Src/stm32f4xx_hal_flash_ramfunc.d" -MT"Drivers/STM32F4xx_HAL_Driver/Src/stm32f4xx_hal_flash_ramfunc.o" --specs=nano.specs -mfpu=fpv4-sp-d16 -mfloat-abi=hard -mthumb -o "Drivers/STM32F4xx_HAL_Driver/Src/stm32f4xx_hal_flash_ramfunc.o"
arm-none-eabi-gcc "../Drivers/STM32F4xx_HAL_Driver/Src/stm32f4xx_hal_gpio.c" -mcpu=cortex-m4 -std=gnu11 -g3 -DDEBUG -DUSE_HAL_DRIVER -DSTM32F446xx -c -I../Core/Inc -I../Drivers/STM32F4xx_HAL_Driver/Inc -I../Drivers/STM32F4xx_HAL_Driver/Inc/Legacy -I../Drivers/CMSIS/Device/ST/STM32F4xx/Include -I../Drivers/CMSIS/Include -O0 -ffunction-sections -fdata-sections -Wall -fstack-usage -fcyclomatic-complexity -MMD -MP -MF"Drivers/STM32F4xx_HAL_Driver/Src/stm32f4xx_hal_gpio.d" -MT"Drivers/STM32F4xx_HAL_Driver/Src/stm32f4xx_hal_gpio.o" --specs=nano.specs -mfpu=fpv4-sp-d16 -mfloat-abi=hard -mthumb -o "Drivers/STM32F4xx_HAL_Driver/Src/stm32f4xx_hal_gpio.o"
arm-none-eabi-gcc "../Drivers/STM32F4xx_HAL_Driver/Src/stm32f4xx_hal_pwr.c" -mcpu=cortex-m4 -std=gnu11 -g3 -DDEBUG -DUSE_HAL_DRIVER -DSTM32F446xx -c -I../Core/Inc -I../Drivers/STM32F4xx_HAL_Driver/Inc -I../Drivers/STM32F4xx_HAL_Driver/Inc/Legacy -I../Drivers/CMSIS/Device/ST/STM32F4xx/Include -I../Drivers/CMSIS/Include -O0 -ffunction-sections -fdata-sections -Wall -fstack-usage -fcyclomatic-complexity -MMD -MP -MF"Drivers/STM32F4xx_HAL_Driver/Src/stm32f4xx_hal_pwr.d" -MT"Drivers/STM32F4xx_HAL_Driver/Src/stm32f4xx_hal_pwr.o" --specs=nano.specs -mfpu=fpv4-sp-d16 -mfloat-abi=hard -mthumb -o "Drivers/STM32F4xx_HAL_Driver/Src/stm32f4xx_hal_pwr.o"
arm-none-eabi-gcc "../Drivers/STM32F4xx_HAL_Driver/Src/stm32f4xx_hal_pwr_ex.c" -mcpu=cortex-m4 -std=gnu11 -g3 -DDEBUG -DUSE_HAL_DRIVER -DSTM32F446xx -c -I../Core/Inc -I../Drivers/STM32F4xx_HAL_Driver/Inc -I../Drivers/STM32F4xx_HAL_Driver/Inc/Legacy -I../Drivers/CMSIS/Device/ST/STM32F4xx/Include -I../Drivers/CMSIS/Include -O0 -ffunction-sections -fdata-sections -Wall -fstack-usage -fcyclomatic-complexity -MMD -MP -MF"Drivers/STM32F4xx_HAL_Driver/Src/stm32f4xx_hal_pwr_ex.d" -MT"Drivers/STM32F4xx_HAL_Driver/Src/stm32f4xx_hal_pwr_ex.o" --specs=nano.specs -mfpu=fpv4-sp-d16 -mfloat-abi=hard -mthumb -o "Drivers/STM32F4xx_HAL_Driver/Src/stm32f4xx_hal_pwr_ex.o"
arm-none-eabi-gcc "../Drivers/STM32F4xx_HAL_Driver/Src/stm32f4xx_hal_rcc.c" -mcpu=cortex-m4 -std=gnu11 -g3 -DDEBUG -DUSE_HAL_DRIVER -DSTM32F446xx -c -I../Core/Inc -I../Drivers/STM32F4xx_HAL_Driver/Inc -I../Drivers/STM32F4xx_HAL_Driver/Inc/Legacy -I../Drivers/CMSIS/Device/ST/STM32F4xx/Include -I../Drivers/CMSIS/Include -O0 -ffunction-sections -fdata-sections -Wall -fstack-usage -fcyclomatic-complexity -MMD -MP -MF"Drivers/STM32F4xx_HAL_Driver/Src/stm32f4xx_hal_rcc.d" -MT"Drivers/STM32F4xx_HAL_Driver/Src/stm32f4xx_hal_rcc.o" --specs=nano.specs -mfpu=fpv4-sp-d16 -mfloat-abi=hard -mthumb -o "Drivers/STM32F4xx_HAL_Driver/Src/stm32f4xx_hal_rcc.o"
arm-none-eabi-gcc "../Drivers/STM32F4xx_HAL_Driver/Src/stm32f4xx_hal_rcc_ex.c" -mcpu=cortex-m4 -std=gnu11 -g3 -DDEBUG -DUSE_HAL_DRIVER -DSTM32F446xx -c -I../Core/Inc -I../Drivers/STM32F4xx_HAL_Driver/Inc -I../Drivers/STM32F4xx_HAL_Driver/Inc/Legacy -I../Drivers/CMSIS/Device/ST/STM32F4xx/Include -I../Drivers/CMSIS/Include -O0 -ffunction-sections -fdata-sections -Wall -fstack-usage -fcyclomatic-complexity -MMD -MP -MF"Drivers/STM32F4xx_HAL_Driver/Src/stm32f4xx_hal_rcc_ex.d" -MT"Drivers/STM32F4xx_HAL_Driver/Src/stm32f4xx_hal_rcc_ex.o" --specs=nano.specs -mfpu=fpv4-sp-d16 -mfloat-abi=hard -mthumb -o "Drivers/STM32F4xx_HAL_Driver/Src/stm32f4xx_hal_rcc_ex.o"
arm-none-eabi-gcc "../Drivers/STM32F4xx_HAL_Driver/Src/stm32f4xx_hal_tim.c" -mcpu=cortex-m4 -std=gnu11 -g3 -DDEBUG -DUSE_HAL_DRIVER -DSTM32F446xx -c -I../Core/Inc -I../Drivers/STM32F4xx_HAL_Driver/Inc -I../Drivers/STM32F4xx_HAL_Driver/Inc/Legacy -I../Drivers/CMSIS/Device/ST/STM32F4xx/Include -I../Drivers/CMSIS/Include -O0 -ffunction-sections -fdata-sections -Wall -fstack-usage -fcyclomatic-complexity -MMD -MP -MF"Drivers/STM32F4xx_HAL_Driver/Src/stm32f4xx_hal_tim.d" -MT"Drivers/STM32F4xx_HAL_Driver/Src/stm32f4xx_hal_tim.o" --specs=nano.specs -mfpu=fpv4-sp-d16 -mfloat-abi=hard -mthumb -o "Drivers/STM32F4xx_HAL_Driver/Src/stm32f4xx_hal_tim.o"
arm-none-eabi-gcc "../Drivers/STM32F4xx_HAL_Driver/Src/stm32f4xx_hal_tim_ex.c" -mcpu=cortex-m4 -std=gnu11 -g3 -DDEBUG -DUSE_HAL_DRIVER -DSTM32F446xx -c -I../Core/Inc -I../Drivers/STM32F4xx_HAL_Driver/Inc -I../Drivers/STM32F4xx_HAL_Driver/Inc/Legacy -I../Drivers/CMSIS/Device/ST/STM32F4xx/Include -I../Drivers/CMSIS/Include -O0 -ffunction-sections -fdata-sections -Wall -fstack-usage -fcyclomatic-complexity -MMD -MP -MF"Drivers/STM32F4xx_HAL_Driver/Src/stm32f4xx_hal_tim_ex.d" -MT"Drivers/STM32F4xx_HAL_Driver/Src/stm32f4xx_hal_tim_ex.o" --specs=nano.specs -mfpu=fpv4-sp-d16 -mfloat-abi=hard -mthumb -o "Drivers/STM32F4xx_HAL_Driver/Src/stm32f4xx_hal_tim_ex.o"
arm-none-eabi-gcc "../Drivers/STM32F4xx_HAL_Driver/Src/stm32f4xx_hal_uart.c" -mcpu=cortex-m4 -std=gnu11 -g3 -DDEBUG -DUSE_HAL_DRIVER -DSTM32F446xx -c -I../Core/Inc -I../Drivers/STM32F4xx_HAL_Driver/Inc -I../Drivers/STM32F4xx_HAL_Driver/Inc/Legacy -I../Drivers/CMSIS/Device/ST/STM32F4xx/Include -I../Drivers/CMSIS/Include -O0 -ffunction-sections -fdata-sections -Wall -fstack-usage -fcyclomatic-complexity -MMD -MP -MF"Drivers/STM32F4xx_HAL_Driver/Src/stm32f4xx_hal_uart.d" -MT"Drivers/STM32F4xx_HAL_Driver/Src/stm32f4xx_hal_uart.o" --specs=nano.specs -mfpu=fpv4-sp-d16 -mfloat-abi=hard -mthumb -o "Drivers/STM32F4xx_HAL_Driver/Src/stm32f4xx_hal_uart.o"
arm-none-eabi-gcc -mcpu=cortex-m4 -g3 -DDEBUG -c -x assembler-with-cpp -MMD -MP -MF"Core/Startup/startup_stm32f446retx.d" -MT"Core/Startup/startup_stm32f446retx.o" --specs=nano.specs -mfpu=fpv4-sp-d16 -mfloat-abi=hard -mthumb -o "Core/Startup/startup_stm32f446retx.o" "../Core/Startup/startup_stm32f446retx.s"
arm-none-eabi-gcc "../Core/Src/main.c" -mcpu=cortex-m4 -std=gnu11 -g3 -DDEBUG -DUSE_HAL_DRIVER -DSTM32F446xx -c -I../Core/Inc -I../Drivers/STM32F4xx_HAL_Driver/Inc -I../Drivers/STM32F4xx_HAL_Driver/Inc/Legacy -I../Drivers/CMSIS/Device/ST/STM32F4xx/Include -I../Drivers/CMSIS/Include -O0 -ffunction-sections -fdata-sections -Wall -fstack-usage -fcyclomatic-complexity -MMD -MP -MF"Core/Src/main.d" -MT"Core/Src/main.o" --specs=nano.specs -mfpu=fpv4-sp-d16 -mfloat-abi=hard -mthumb -o "Core/Src/main.o"
arm-none-eabi-gcc "../Core/Src/stm32f4xx_hal_msp.c" -mcpu=cortex-m4 -std=gnu11 -g3 -DDEBUG -DUSE_HAL_DRIVER -DSTM32F446xx -c -I../Core/Inc -I../Drivers/STM32F4xx_HAL_Driver/Inc -I../Drivers/STM32F4xx_HAL_Driver/Inc/Legacy -I../Drivers/CMSIS/Device/ST/STM32F4xx/Include -I../Drivers/CMSIS/Include -O0 -ffunction-sections -fdata-sections -Wall -fstack-usage -fcyclomatic-complexity -MMD -MP -MF"Core/Src/stm32f4xx_hal_msp.d" -MT"Core/Src/stm32f4xx_hal_msp.o" --specs=nano.specs -mfpu=fpv4-sp-d16 -mfloat-abi=hard -mthumb -o "Core/Src/stm32f4xx_hal_msp.o"
arm-none-eabi-gcc "../Core/Src/stm32f4xx_it.c" -mcpu=cortex-m4 -std=gnu11 -g3 -DDEBUG -DUSE_HAL_DRIVER -DSTM32F446xx -c -I../Core/Inc -I../Drivers/STM32F4xx_HAL_Driver/Inc -I../Drivers/STM32F4xx_HAL_Driver/Inc/Legacy -I../Drivers/CMSIS/Device/ST/STM32F4xx/Include -I../Drivers/CMSIS/Include -O0 -ffunction-sections -fdata-sections -Wall -fstack-usage -fcyclomatic-complexity -MMD -MP -MF"Core/Src/stm32f4xx_it.d" -MT"Core/Src/stm32f4xx_it.o" --specs=nano.specs -mfpu=fpv4-sp-d16 -mfloat-abi=hard -mthumb -o "Core/Src/stm32f4xx_it.o"
arm-none-eabi-gcc "../Core/Src/syscalls.c" -mcpu=cortex-m4 -std=gnu11 -g3 -DDEBUG -DUSE_HAL_DRIVER -DSTM32F446xx -c -I../Core/Inc -I../Drivers/STM32F4xx_HAL_Driver/Inc -I../Drivers/STM32F4xx_HAL_Driver/Inc/Legacy -I../Drivers/CMSIS/Device/ST/STM32F4xx/Include -I../Drivers/CMSIS/Include -O0 -ffunction-sections -fdata-sections -Wall -fstack-usage -fcyclomatic-complexity -MMD -MP -MF"Core/Src/syscalls.d" -MT"Core/Src/syscalls.o" --specs=nano.specs -mfpu=fpv4-sp-d16 -mfloat-abi=hard -mthumb -o "Core/Src/syscalls.o"
arm-none-eabi-gcc "../Core/Src/sysmem.c" -mcpu=cortex-m4 -std=gnu11 -g3 -DDEBUG -DUSE_HAL_DRIVER -DSTM32F446xx -c -I../Core/Inc -I../Drivers/STM32F4xx_HAL_Driver/Inc -I../Drivers/STM32F4xx_HAL_Driver/Inc/Legacy -I../Drivers/CMSIS/Device/ST/STM32F4xx/Include -I../Drivers/CMSIS/Include -O0 -ffunction-sections -fdata-sections -Wall -fstack-usage -fcyclomatic-complexity -MMD -MP -MF"Core/Src/sysmem.d" -MT"Core/Src/sysmem.o" --specs=nano.specs -mfpu=fpv4-sp-d16 -mfloat-abi=hard -mthumb -o "Core/Src/sysmem.o"
arm-none-eabi-gcc "../Core/Src/system_stm32f4xx.c" -mcpu=cortex-m4 -std=gnu11 -g3 -DDEBUG -DUSE_HAL_DRIVER -DSTM32F446xx -c -I../Core/Inc -I../Drivers/STM32F4xx_HAL_Driver/Inc -I../Drivers/STM32F4xx_HAL_Driver/Inc/Legacy -I../Drivers/CMSIS/Device/ST/STM32F4xx/Include -I../Drivers/CMSIS/Include -O0 -ffunction-sections -fdata-sections -Wall -fstack-usage -fcyclomatic-complexity -MMD -MP -MF"Core/Src/system_stm32f4xx.d" -MT"Core/Src/system_stm32f4xx.o" --specs=nano.specs -mfpu=fpv4-sp-d16 -mfloat-abi=hard -mthumb -o "Core/Src/system_stm32f4xx.o"
../Core/Src/main.c:18:1: error: unknown type name 'ADC_HandleTypeDef'; did you mean 'UART_HandleTypeDef'?
   18 | ADC_HandleTypeDef hadc1;
      | ^~~~~~~~~~~~~~~~~
      | UART_HandleTypeDef
../Core/Src/main.c: In function 'Read_ADC':
../Core/Src/main.c:52:5: warning: implicit declaration of function 'HAL_ADC_Start'; did you mean 'HAL_DMA_Start'? [-Wimplicit-function-declaration]
   52 |     HAL_ADC_Start(&hadc1);
      |     ^~~~~~~~~~~~~
      |     HAL_DMA_Start
../Core/Src/main.c:53:9: warning: implicit declaration of function 'HAL_ADC_PollForConversion' [-Wimplicit-function-declaration]
   53 |     if (HAL_ADC_PollForConversion(&hadc1, HAL_MAX_DELAY) == HAL_OK) {
      |         ^~~~~~~~~~~~~~~~~~~~~~~~~
../Core/Src/main.c:54:31: warning: implicit declaration of function 'HAL_ADC_GetValue' [-Wimplicit-function-declaration]
   54 |         adc_value_for_debug = HAL_ADC_GetValue(&hadc1);
      |                               ^~~~~~~~~~~~~~~~
../Core/Src/main.c: In function 'MX_ADC1_Init':
../Core/Src/main.c:258:3: error: unknown type name 'ADC_ChannelConfTypeDef'; did you mean 'ADC_Common_TypeDef'?
  258 |   ADC_ChannelConfTypeDef sConfig = {0};
      |   ^~~~~~~~~~~~~~~~~~~~~~
      |   ADC_Common_TypeDef
../Core/Src/main.c:260:8: error: request for member 'Instance' in something not a structure or union
  260 |   hadc1.Instance = ADC1;
      |        ^
../Core/Src/main.c:261:8: error: request for member 'Init' in something not a structure or union
  261 |   hadc1.Init.ClockPrescaler = ADC_CLOCK_SYNC_PCLK_DIV4;
      |        ^
../Core/Src/main.c:261:31: error: 'ADC_CLOCK_SYNC_PCLK_DIV4' undeclared (first use in this function); did you mean 'ADC_CLOCKPRESCALER_PCLK_DIV4'?
  261 |   hadc1.Init.ClockPrescaler = ADC_CLOCK_SYNC_PCLK_DIV4;
      |                               ^~~~~~~~~~~~~~~~~~~~~~~~
      |                               ADC_CLOCKPRESCALER_PCLK_DIV4
../Core/Src/main.c:261:31: note: each undeclared identifier is reported only once for each function it appears in
../Core/Src/main.c:262:8: error: request for member 'Init' in something not a structure or union
  262 |   hadc1.Init.Resolution = ADC_RESOLUTION_12B;
      |        ^
../Core/Src/main.c:262:27: error: 'ADC_RESOLUTION_12B' undeclared (first use in this function); did you mean 'ADC_RESOLUTION12b'?
  262 |   hadc1.Init.Resolution = ADC_RESOLUTION_12B;
      |                           ^~~~~~~~~~~~~~~~~~
      |                           ADC_RESOLUTION12b
../Core/Src/main.c:263:8: error: request for member 'Init' in something not a structure or union
  263 |   hadc1.Init.ScanConvMode = DISABLE;
      |        ^
../Core/Src/main.c:264:8: error: request for member 'Init' in something not a structure or union
  264 |   hadc1.Init.ContinuousConvMode = DISABLE;
      |        ^
../Core/Src/main.c:265:8: error: request for member 'Init' in something not a structure or union
  265 |   hadc1.Init.DiscontinuousConvMode = DISABLE;
      |        ^
../Core/Src/main.c:266:8: error: request for member 'Init' in something not a structure or union
  266 |   hadc1.Init.ExternalTrigConvEdge = ADC_EXTERNALTRIGCONVEDGE_NONE;
      |        ^
../Core/Src/main.c:266:37: error: 'ADC_EXTERNALTRIGCONVEDGE_NONE' undeclared (first use in this function); did you mean 'ADC_EXTERNALTRIG_EDGE_NONE'?
  266 |   hadc1.Init.ExternalTrigConvEdge = ADC_EXTERNALTRIGCONVEDGE_NONE;
      |                                     ^~~~~~~~~~~~~~~~~~~~~~~~~~~~~
      |                                     ADC_EXTERNALTRIG_EDGE_NONE
../Core/Src/main.c:267:8: error: request for member 'Init' in something not a structure or union
  267 |   hadc1.Init.ExternalTrigConv = ADC_SOFTWARE_START;
      |        ^
../Core/Src/main.c:267:33: error: 'ADC_SOFTWARE_START' undeclared (first use in this function)
  267 |   hadc1.Init.ExternalTrigConv = ADC_SOFTWARE_START;
      |                                 ^~~~~~~~~~~~~~~~~~
../Core/Src/main.c:268:8: error: request for member 'Init' in something not a structure or union
  268 |   hadc1.Init.DataAlign = ADC_DATAALIGN_RIGHT;
      |        ^
../Core/Src/main.c:268:26: error: 'ADC_DATAALIGN_RIGHT' undeclared (first use in this function)
  268 |   hadc1.Init.DataAlign = ADC_DATAALIGN_RIGHT;
      |                          ^~~~~~~~~~~~~~~~~~~
../Core/Src/main.c:269:8: error: request for member 'Init' in something not a structure or union
  269 |   hadc1.Init.NbrOfConversion = 1;
      |        ^
../Core/Src/main.c:270:8: error: request for member 'Init' in something not a structure or union
  270 |   hadc1.Init.DMAContinuousRequests = DISABLE;
      |        ^
../Core/Src/main.c:271:8: error: request for member 'Init' in something not a structure or union
  271 |   hadc1.Init.EOCSelection = ADC_EOC_SINGLE_CONV;
      |        ^
../Core/Src/main.c:271:29: error: 'ADC_EOC_SINGLE_CONV' undeclared (first use in this function); did you mean 'EOC_SINGLE_CONV'?
  271 |   hadc1.Init.EOCSelection = ADC_EOC_SINGLE_CONV;
      |                             ^~~~~~~~~~~~~~~~~~~
      |                             EOC_SINGLE_CONV
../Core/Src/main.c:272:7: warning: implicit declaration of function 'HAL_ADC_Init'; did you mean 'HAL_DeInit'? [-Wimplicit-function-declaration]
  272 |   if (HAL_ADC_Init(&hadc1) != HAL_OK)
      |       ^~~~~~~~~~~~
      |       HAL_DeInit
../Core/Src/main.c:279:10: error: request for member 'Channel' in something not a structure or union
  279 |   sConfig.Channel = ADC_CHANNEL_1;
      |          ^
../Core/Src/main.c:279:21: error: 'ADC_CHANNEL_1' undeclared (first use in this function); did you mean 'DAC2_CHANNEL_1'?
  279 |   sConfig.Channel = ADC_CHANNEL_1;
      |                     ^~~~~~~~~~~~~
      |                     DAC2_CHANNEL_1
../Core/Src/main.c:280:10: error: request for member 'Rank' in something not a structure or union
  280 |   sConfig.Rank = 1;
      |          ^
../Core/Src/main.c:281:10: error: request for member 'SamplingTime' in something not a structure or union
  281 |   sConfig.SamplingTime = ADC_SAMPLETIME_3CYCLES;
      |          ^
../Core/Src/main.c:281:26: error: 'ADC_SAMPLETIME_3CYCLES' undeclared (first use in this function); did you mean 'ADC_SAMPLETIME_2CYCLE_5'?
  281 |   sConfig.SamplingTime = ADC_SAMPLETIME_3CYCLES;
      |                          ^~~~~~~~~~~~~~~~~~~~~~
      |                          ADC_SAMPLETIME_2CYCLE_5
../Core/Src/main.c:282:7: warning: implicit declaration of function 'HAL_ADC_ConfigChannel' [-Wimplicit-function-declaration]
  282 |   if (HAL_ADC_ConfigChannel(&hadc1, &sConfig) != HAL_OK)
      |       ^~~~~~~~~~~~~~~~~~~~~
../Core/Src/main.c: At top level:
../Core/Src/main.c:329:6: error: redefinition of 'SystemClock_Config'
  329 | void SystemClock_Config(void)
      |      ^~~~~~~~~~~~~~~~~~
../Core/Src/main.c:209:6: note: previous definition of 'SystemClock_Config' with type 'void(void)'
  209 | void SystemClock_Config(void)
      |      ^~~~~~~~~~~~~~~~~~
../Core/Src/main.c:377:13: error: redefinition of 'MX_USART2_UART_Init'
  377 | static void MX_USART2_UART_Init(void)
      |             ^~~~~~~~~~~~~~~~~~~
../Core/Src/main.c:297:13: note: previous definition of 'MX_USART2_UART_Init' with type 'void(void)'
  297 | static void MX_USART2_UART_Init(void)
      |             ^~~~~~~~~~~~~~~~~~~
../Core/Src/main.c:377:13: warning: 'MX_USART2_UART_Init' defined but not used [-Wunused-function]
  377 | static void MX_USART2_UART_Init(void)
      |             ^~~~~~~~~~~~~~~~~~~
make: *** [Core/Src/subdir.mk:34: Core/Src/main.o] Error 1
make: *** Waiting for unfinished jobs....
"make -j12 all" terminated with exit code 2. Build might be incomplete.
05:24:52 **** Incremental Build of configuration Debug for project MCU2 ****
make -j12 all 
arm-none-eabi-gcc "../Core/Src/main.c" -mcpu=cortex-m4 -std=gnu11 -g3 -DDEBUG -DUSE_HAL_DRIVER -DSTM32F446xx -c -I../Core/Inc -I../Drivers/STM32F4xx_HAL_Driver/Inc -I../Drivers/STM32F4xx_HAL_Driver/Inc/Legacy -I../Drivers/CMSIS/Device/ST/STM32F4xx/Include -I../Drivers/CMSIS/Include -O0 -ffunction-sections -fdata-sections -Wall -fstack-usage -fcyclomatic-complexity -MMD -MP -MF"Core/Src/main.d" -MT"Core/Src/main.o" --specs=nano.specs -mfpu=fpv4-sp-d16 -mfloat-abi=hard -mthumb -o "Core/Src/main.o"
../Core/Src/main.c:18:1: error: unknown type name 'ADC_HandleTypeDef'; did you mean 'UART_HandleTypeDef'?
   18 | ADC_HandleTypeDef hadc1;
      | ^~~~~~~~~~~~~~~~~
      | UART_HandleTypeDef
../Core/Src/main.c: In function 'Read_ADC':
../Core/Src/main.c:52:5: warning: implicit declaration of function 'HAL_ADC_Start'; did you mean 'HAL_DMA_Start'? [-Wimplicit-function-declaration]
   52 |     HAL_ADC_Start(&hadc1);
      |     ^~~~~~~~~~~~~
      |     HAL_DMA_Start
../Core/Src/main.c:53:9: warning: implicit declaration of function 'HAL_ADC_PollForConversion' [-Wimplicit-function-declaration]
   53 |     if (HAL_ADC_PollForConversion(&hadc1, HAL_MAX_DELAY) == HAL_OK) {
      |         ^~~~~~~~~~~~~~~~~~~~~~~~~
../Core/Src/main.c:54:31: warning: implicit declaration of function 'HAL_ADC_GetValue' [-Wimplicit-function-declaration]
   54 |         adc_value_for_debug = HAL_ADC_GetValue(&hadc1);
      |                               ^~~~~~~~~~~~~~~~
../Core/Src/main.c: In function 'MX_ADC1_Init':
../Core/Src/main.c:258:3: error: unknown type name 'ADC_ChannelConfTypeDef'; did you mean 'ADC_Common_TypeDef'?
  258 |   ADC_ChannelConfTypeDef sConfig = {0};
      |   ^~~~~~~~~~~~~~~~~~~~~~
      |   ADC_Common_TypeDef
../Core/Src/main.c:260:8: error: request for member 'Instance' in something not a structure or union
  260 |   hadc1.Instance = ADC1;
      |        ^
../Core/Src/main.c:261:8: error: request for member 'Init' in something not a structure or union
  261 |   hadc1.Init.ClockPrescaler = ADC_CLOCK_SYNC_PCLK_DIV4;
      |        ^
../Core/Src/main.c:261:31: error: 'ADC_CLOCK_SYNC_PCLK_DIV4' undeclared (first use in this function); did you mean 'ADC_CLOCKPRESCALER_PCLK_DIV4'?
  261 |   hadc1.Init.ClockPrescaler = ADC_CLOCK_SYNC_PCLK_DIV4;
      |                               ^~~~~~~~~~~~~~~~~~~~~~~~
      |                               ADC_CLOCKPRESCALER_PCLK_DIV4
../Core/Src/main.c:261:31: note: each undeclared identifier is reported only once for each function it appears in
../Core/Src/main.c:262:8: error: request for member 'Init' in something not a structure or union
  262 |   hadc1.Init.Resolution = ADC_RESOLUTION_12B;
      |        ^
../Core/Src/main.c:262:27: error: 'ADC_RESOLUTION_12B' undeclared (first use in this function); did you mean 'ADC_RESOLUTION12b'?
  262 |   hadc1.Init.Resolution = ADC_RESOLUTION_12B;
      |                           ^~~~~~~~~~~~~~~~~~
      |                           ADC_RESOLUTION12b
../Core/Src/main.c:263:8: error: request for member 'Init' in something not a structure or union
  263 |   hadc1.Init.ScanConvMode = DISABLE;
      |        ^
../Core/Src/main.c:264:8: error: request for member 'Init' in something not a structure or union
  264 |   hadc1.Init.ContinuousConvMode = DISABLE;
      |        ^
../Core/Src/main.c:265:8: error: request for member 'Init' in something not a structure or union
  265 |   hadc1.Init.DiscontinuousConvMode = DISABLE;
      |        ^
../Core/Src/main.c:266:8: error: request for member 'Init' in something not a structure or union
  266 |   hadc1.Init.ExternalTrigConvEdge = ADC_EXTERNALTRIGCONVEDGE_NONE;
      |        ^
../Core/Src/main.c:266:37: error: 'ADC_EXTERNALTRIGCONVEDGE_NONE' undeclared (first use in this function); did you mean 'ADC_EXTERNALTRIG_EDGE_NONE'?
  266 |   hadc1.Init.ExternalTrigConvEdge = ADC_EXTERNALTRIGCONVEDGE_NONE;
      |                                     ^~~~~~~~~~~~~~~~~~~~~~~~~~~~~
      |                                     ADC_EXTERNALTRIG_EDGE_NONE
../Core/Src/main.c:267:8: error: request for member 'Init' in something not a structure or union
  267 |   hadc1.Init.ExternalTrigConv = ADC_SOFTWARE_START;
      |        ^
../Core/Src/main.c:267:33: error: 'ADC_SOFTWARE_START' undeclared (first use in this function)
  267 |   hadc1.Init.ExternalTrigConv = ADC_SOFTWARE_START;
      |                                 ^~~~~~~~~~~~~~~~~~
../Core/Src/main.c:268:8: error: request for member 'Init' in something not a structure or union
  268 |   hadc1.Init.DataAlign = ADC_DATAALIGN_RIGHT;
      |        ^
../Core/Src/main.c:268:26: error: 'ADC_DATAALIGN_RIGHT' undeclared (first use in this function)
  268 |   hadc1.Init.DataAlign = ADC_DATAALIGN_RIGHT;
      |                          ^~~~~~~~~~~~~~~~~~~
../Core/Src/main.c:269:8: error: request for member 'Init' in something not a structure or union
  269 |   hadc1.Init.NbrOfConversion = 1;
      |        ^
../Core/Src/main.c:270:8: error: request for member 'Init' in something not a structure or union
  270 |   hadc1.Init.DMAContinuousRequests = DISABLE;
      |        ^
../Core/Src/main.c:271:8: error: request for member 'Init' in something not a structure or union
  271 |   hadc1.Init.EOCSelection = ADC_EOC_SINGLE_CONV;
      |        ^
../Core/Src/main.c:271:29: error: 'ADC_EOC_SINGLE_CONV' undeclared (first use in this function); did you mean 'EOC_SINGLE_CONV'?
  271 |   hadc1.Init.EOCSelection = ADC_EOC_SINGLE_CONV;
      |                             ^~~~~~~~~~~~~~~~~~~
      |                             EOC_SINGLE_CONV
../Core/Src/main.c:272:7: warning: implicit declaration of function 'HAL_ADC_Init'; did you mean 'HAL_DeInit'? [-Wimplicit-function-declaration]
  272 |   if (HAL_ADC_Init(&hadc1) != HAL_OK)
      |       ^~~~~~~~~~~~
      |       HAL_DeInit
../Core/Src/main.c:279:10: error: request for member 'Channel' in something not a structure or union
  279 |   sConfig.Channel = ADC_CHANNEL_1;
      |          ^
../Core/Src/main.c:279:21: error: 'ADC_CHANNEL_1' undeclared (first use in this function); did you mean 'DAC2_CHANNEL_1'?
  279 |   sConfig.Channel = ADC_CHANNEL_1;
      |                     ^~~~~~~~~~~~~
      |                     DAC2_CHANNEL_1
../Core/Src/main.c:280:10: error: request for member 'Rank' in something not a structure or union
  280 |   sConfig.Rank = 1;
      |          ^
../Core/Src/main.c:281:10: error: request for member 'SamplingTime' in something not a structure or union
  281 |   sConfig.SamplingTime = ADC_SAMPLETIME_3CYCLES;
      |          ^
../Core/Src/main.c:281:26: error: 'ADC_SAMPLETIME_3CYCLES' undeclared (first use in this function); did you mean 'ADC_SAMPLETIME_2CYCLE_5'?
  281 |   sConfig.SamplingTime = ADC_SAMPLETIME_3CYCLES;
      |                          ^~~~~~~~~~~~~~~~~~~~~~
      |                          ADC_SAMPLETIME_2CYCLE_5
../Core/Src/main.c:282:7: warning: implicit declaration of function 'HAL_ADC_ConfigChannel' [-Wimplicit-function-declaration]
  282 |   if (HAL_ADC_ConfigChannel(&hadc1, &sConfig) != HAL_OK)
      |       ^~~~~~~~~~~~~~~~~~~~~
make: *** [Core/Src/subdir.mk:34: Core/Src/main.o] Error 1
"make -j12 all" terminated with exit code 2. Build might be incomplete.
05:25:06 **** Incremental Build of configuration Debug for project MCU2 ****
make -j12 all 
arm-none-eabi-gcc "../Core/Src/main.c" -mcpu=cortex-m4 -std=gnu11 -g3 -DDEBUG -DUSE_HAL_DRIVER -DSTM32F446xx -c -I../Core/Inc -I../Drivers/STM32F4xx_HAL_Driver/Inc -I../Drivers/STM32F4xx_HAL_Driver/Inc/Legacy -I../Drivers/CMSIS/Device/ST/STM32F4xx/Include -I../Drivers/CMSIS/Include -O0 -ffunction-sections -fdata-sections -Wall -fstack-usage -fcyclomatic-complexity -MMD -MP -MF"Core/Src/main.d" -MT"Core/Src/main.o" --specs=nano.specs -mfpu=fpv4-sp-d16 -mfloat-abi=hard -mthumb -o "Core/Src/main.o"
../Core/Src/main.c:18:1: error: unknown type name 'ADC_HandleTypeDef'; did you mean 'UART_HandleTypeDef'?
   18 | ADC_HandleTypeDef hadc1;
      | ^~~~~~~~~~~~~~~~~
      | UART_HandleTypeDef
../Core/Src/main.c: In function 'Read_ADC':
../Core/Src/main.c:52:5: warning: implicit declaration of function 'HAL_ADC_Start'; did you mean 'HAL_DMA_Start'? [-Wimplicit-function-declaration]
   52 |     HAL_ADC_Start(&hadc1);
      |     ^~~~~~~~~~~~~
      |     HAL_DMA_Start
../Core/Src/main.c:53:9: warning: implicit declaration of function 'HAL_ADC_PollForConversion' [-Wimplicit-function-declaration]
   53 |     if (HAL_ADC_PollForConversion(&hadc1, HAL_MAX_DELAY) == HAL_OK) {
      |         ^~~~~~~~~~~~~~~~~~~~~~~~~
../Core/Src/main.c:54:31: warning: implicit declaration of function 'HAL_ADC_GetValue' [-Wimplicit-function-declaration]
   54 |         adc_value_for_debug = HAL_ADC_GetValue(&hadc1);
      |                               ^~~~~~~~~~~~~~~~
../Core/Src/main.c: In function 'MX_ADC1_Init':
../Core/Src/main.c:258:3: error: unknown type name 'ADC_ChannelConfTypeDef'; did you mean 'ADC_Common_TypeDef'?
  258 |   ADC_ChannelConfTypeDef sConfig = {0};
      |   ^~~~~~~~~~~~~~~~~~~~~~
      |   ADC_Common_TypeDef
../Core/Src/main.c:260:8: error: request for member 'Instance' in something not a structure or union
  260 |   hadc1.Instance = ADC1;
      |        ^
../Core/Src/main.c:261:8: error: request for member 'Init' in something not a structure or union
  261 |   hadc1.Init.ClockPrescaler = ADC_CLOCK_SYNC_PCLK_DIV4;
      |        ^
../Core/Src/main.c:261:31: error: 'ADC_CLOCK_SYNC_PCLK_DIV4' undeclared (first use in this function); did you mean 'ADC_CLOCKPRESCALER_PCLK_DIV4'?
  261 |   hadc1.Init.ClockPrescaler = ADC_CLOCK_SYNC_PCLK_DIV4;
      |                               ^~~~~~~~~~~~~~~~~~~~~~~~
      |                               ADC_CLOCKPRESCALER_PCLK_DIV4
../Core/Src/main.c:261:31: note: each undeclared identifier is reported only once for each function it appears in
../Core/Src/main.c:262:8: error: request for member 'Init' in something not a structure or union
  262 |   hadc1.Init.Resolution = ADC_RESOLUTION_12B;
      |        ^
../Core/Src/main.c:262:27: error: 'ADC_RESOLUTION_12B' undeclared (first use in this function); did you mean 'ADC_RESOLUTION12b'?
  262 |   hadc1.Init.Resolution = ADC_RESOLUTION_12B;
      |                           ^~~~~~~~~~~~~~~~~~
      |                           ADC_RESOLUTION12b
../Core/Src/main.c:263:8: error: request for member 'Init' in something not a structure or union
  263 |   hadc1.Init.ScanConvMode = DISABLE;
      |        ^
../Core/Src/main.c:264:8: error: request for member 'Init' in something not a structure or union
  264 |   hadc1.Init.ContinuousConvMode = DISABLE;
      |        ^
../Core/Src/main.c:265:8: error: request for member 'Init' in something not a structure or union
  265 |   hadc1.Init.DiscontinuousConvMode = DISABLE;
      |        ^
../Core/Src/main.c:266:8: error: request for member 'Init' in something not a structure or union
  266 |   hadc1.Init.ExternalTrigConvEdge = ADC_EXTERNALTRIGCONVEDGE_NONE;
      |        ^
../Core/Src/main.c:266:37: error: 'ADC_EXTERNALTRIGCONVEDGE_NONE' undeclared (first use in this function); did you mean 'ADC_EXTERNALTRIG_EDGE_NONE'?
  266 |   hadc1.Init.ExternalTrigConvEdge = ADC_EXTERNALTRIGCONVEDGE_NONE;
      |                                     ^~~~~~~~~~~~~~~~~~~~~~~~~~~~~
      |                                     ADC_EXTERNALTRIG_EDGE_NONE
../Core/Src/main.c:267:8: error: request for member 'Init' in something not a structure or union
  267 |   hadc1.Init.ExternalTrigConv = ADC_SOFTWARE_START;
      |        ^
../Core/Src/main.c:267:33: error: 'ADC_SOFTWARE_START' undeclared (first use in this function)
  267 |   hadc1.Init.ExternalTrigConv = ADC_SOFTWARE_START;
      |                                 ^~~~~~~~~~~~~~~~~~
../Core/Src/main.c:268:8: error: request for member 'Init' in something not a structure or union
  268 |   hadc1.Init.DataAlign = ADC_DATAALIGN_RIGHT;
      |        ^
../Core/Src/main.c:268:26: error: 'ADC_DATAALIGN_RIGHT' undeclared (first use in this function)
  268 |   hadc1.Init.DataAlign = ADC_DATAALIGN_RIGHT;
      |                          ^~~~~~~~~~~~~~~~~~~
../Core/Src/main.c:269:8: error: request for member 'Init' in something not a structure or union
  269 |   hadc1.Init.NbrOfConversion = 1;
      |        ^
../Core/Src/main.c:270:8: error: request for member 'Init' in something not a structure or union
  270 |   hadc1.Init.DMAContinuousRequests = DISABLE;
      |        ^
../Core/Src/main.c:271:8: error: request for member 'Init' in something not a structure or union
  271 |   hadc1.Init.EOCSelection = ADC_EOC_SINGLE_CONV;
      |        ^
../Core/Src/main.c:271:29: error: 'ADC_EOC_SINGLE_CONV' undeclared (first use in this function); did you mean 'EOC_SINGLE_CONV'?
  271 |   hadc1.Init.EOCSelection = ADC_EOC_SINGLE_CONV;
      |                             ^~~~~~~~~~~~~~~~~~~
      |                             EOC_SINGLE_CONV
../Core/Src/main.c:272:7: warning: implicit declaration of function 'HAL_ADC_Init'; did you mean 'HAL_DeInit'? [-Wimplicit-function-declaration]
  272 |   if (HAL_ADC_Init(&hadc1) != HAL_OK)
      |       ^~~~~~~~~~~~
      |       HAL_DeInit
../Core/Src/main.c:279:10: error: request for member 'Channel' in something not a structure or union
  279 |   sConfig.Channel = ADC_CHANNEL_1;
      |          ^
../Core/Src/main.c:279:21: error: 'ADC_CHANNEL_1' undeclared (first use in this function); did you mean 'DAC2_CHANNEL_1'?
  279 |   sConfig.Channel = ADC_CHANNEL_1;
      |                     ^~~~~~~~~~~~~
      |                     DAC2_CHANNEL_1
../Core/Src/main.c:280:10: error: request for member 'Rank' in something not a structure or union
  280 |   sConfig.Rank = 1;
      |          ^
../Core/Src/main.c:281:10: error: request for member 'SamplingTime' in something not a structure or union
  281 |   sConfig.SamplingTime = ADC_SAMPLETIME_3CYCLES;
      |          ^
../Core/Src/main.c:281:26: error: 'ADC_SAMPLETIME_3CYCLES' undeclared (first use in this function); did you mean 'ADC_SAMPLETIME_2CYCLE_5'?
  281 |   sConfig.SamplingTime = ADC_SAMPLETIME_3CYCLES;
      |                          ^~~~~~~~~~~~~~~~~~~~~~
      |                          ADC_SAMPLETIME_2CYCLE_5
../Core/Src/main.c:282:7: warning: implicit declaration of function 'HAL_ADC_ConfigChannel' [-Wimplicit-function-declaration]
  282 |   if (HAL_ADC_ConfigChannel(&hadc1, &sConfig) != HAL_OK)
      |       ^~~~~~~~~~~~~~~~~~~~~
make: *** [Core/Src/subdir.mk:34: Core/Src/main.o] Error 1
"make -j12 all" terminated with exit code 2. Build might be incomplete.
09:33:21 **** Incremental Build of configuration Debug for project MCU2 ****
make -j12 all 
arm-none-eabi-gcc "../Core/Src/main.c" -mcpu=cortex-m4 -std=gnu11 -g3 -DDEBUG -DUSE_HAL_DRIVER -DSTM32F446xx -c -I../Core/Inc -I../Drivers/STM32F4xx_HAL_Driver/Inc -I../Drivers/STM32F4xx_HAL_Driver/Inc/Legacy -I../Drivers/CMSIS/Device/ST/STM32F4xx/Include -I../Drivers/CMSIS/Include -O0 -ffunction-sections -fdata-sections -Wall -fstack-usage -fcyclomatic-complexity -MMD -MP -MF"Core/Src/main.d" -MT"Core/Src/main.o" --specs=nano.specs -mfpu=fpv4-sp-d16 -mfloat-abi=hard -mthumb -o "Core/Src/main.o"
../Core/Src/main.c:18:1: error: unknown type name 'ADC_HandleTypeDef'; did you mean 'UART_HandleTypeDef'?
   18 | ADC_HandleTypeDef hadc1;
      | ^~~~~~~~~~~~~~~~~
      | UART_HandleTypeDef
../Core/Src/main.c: In function 'Read_ADC':
../Core/Src/main.c:52:5: warning: implicit declaration of function 'HAL_ADC_Start'; did you mean 'HAL_DMA_Start'? [-Wimplicit-function-declaration]
   52 |     HAL_ADC_Start(&hadc1);
      |     ^~~~~~~~~~~~~
      |     HAL_DMA_Start
../Core/Src/main.c:53:9: warning: implicit declaration of function 'HAL_ADC_PollForConversion' [-Wimplicit-function-declaration]
   53 |     if (HAL_ADC_PollForConversion(&hadc1, HAL_MAX_DELAY) == HAL_OK) {
      |         ^~~~~~~~~~~~~~~~~~~~~~~~~
../Core/Src/main.c:54:31: warning: implicit declaration of function 'HAL_ADC_GetValue' [-Wimplicit-function-declaration]
   54 |         adc_value_for_debug = HAL_ADC_GetValue(&hadc1);
      |                               ^~~~~~~~~~~~~~~~
../Core/Src/main.c: In function 'MX_ADC1_Init':
../Core/Src/main.c:258:3: error: unknown type name 'ADC_ChannelConfTypeDef'; did you mean 'ADC_Common_TypeDef'?
  258 |   ADC_ChannelConfTypeDef sConfig = {0};
      |   ^~~~~~~~~~~~~~~~~~~~~~
      |   ADC_Common_TypeDef
../Core/Src/main.c:260:8: error: request for member 'Instance' in something not a structure or union
  260 |   hadc1.Instance = ADC1;
      |        ^
../Core/Src/main.c:261:8: error: request for member 'Init' in something not a structure or union
  261 |   hadc1.Init.ClockPrescaler = ADC_CLOCK_SYNC_PCLK_DIV4;
      |        ^
../Core/Src/main.c:261:31: error: 'ADC_CLOCK_SYNC_PCLK_DIV4' undeclared (first use in this function); did you mean 'ADC_CLOCKPRESCALER_PCLK_DIV4'?
  261 |   hadc1.Init.ClockPrescaler = ADC_CLOCK_SYNC_PCLK_DIV4;
      |                               ^~~~~~~~~~~~~~~~~~~~~~~~
      |                               ADC_CLOCKPRESCALER_PCLK_DIV4
../Core/Src/main.c:261:31: note: each undeclared identifier is reported only once for each function it appears in
../Core/Src/main.c:262:8: error: request for member 'Init' in something not a structure or union
  262 |   hadc1.Init.Resolution = ADC_RESOLUTION_12B;
      |        ^
../Core/Src/main.c:262:27: error: 'ADC_RESOLUTION_12B' undeclared (first use in this function); did you mean 'ADC_RESOLUTION12b'?
  262 |   hadc1.Init.Resolution = ADC_RESOLUTION_12B;
      |                           ^~~~~~~~~~~~~~~~~~
      |                           ADC_RESOLUTION12b
../Core/Src/main.c:263:8: error: request for member 'Init' in something not a structure or union
  263 |   hadc1.Init.ScanConvMode = DISABLE;
      |        ^
../Core/Src/main.c:264:8: error: request for member 'Init' in something not a structure or union
  264 |   hadc1.Init.ContinuousConvMode = DISABLE;
      |        ^
../Core/Src/main.c:265:8: error: request for member 'Init' in something not a structure or union
  265 |   hadc1.Init.DiscontinuousConvMode = DISABLE;
      |        ^
../Core/Src/main.c:266:8: error: request for member 'Init' in something not a structure or union
  266 |   hadc1.Init.ExternalTrigConvEdge = ADC_EXTERNALTRIGCONVEDGE_NONE;
      |        ^
../Core/Src/main.c:266:37: error: 'ADC_EXTERNALTRIGCONVEDGE_NONE' undeclared (first use in this function); did you mean 'ADC_EXTERNALTRIG_EDGE_NONE'?
  266 |   hadc1.Init.ExternalTrigConvEdge = ADC_EXTERNALTRIGCONVEDGE_NONE;
      |                                     ^~~~~~~~~~~~~~~~~~~~~~~~~~~~~
      |                                     ADC_EXTERNALTRIG_EDGE_NONE
../Core/Src/main.c:267:8: error: request for member 'Init' in something not a structure or union
  267 |   hadc1.Init.ExternalTrigConv = ADC_SOFTWARE_START;
      |        ^
../Core/Src/main.c:267:33: error: 'ADC_SOFTWARE_START' undeclared (first use in this function)
  267 |   hadc1.Init.ExternalTrigConv = ADC_SOFTWARE_START;
      |                                 ^~~~~~~~~~~~~~~~~~
../Core/Src/main.c:268:8: error: request for member 'Init' in something not a structure or union
  268 |   hadc1.Init.DataAlign = ADC_DATAALIGN_RIGHT;
      |        ^
../Core/Src/main.c:268:26: error: 'ADC_DATAALIGN_RIGHT' undeclared (first use in this function)
  268 |   hadc1.Init.DataAlign = ADC_DATAALIGN_RIGHT;
      |                          ^~~~~~~~~~~~~~~~~~~
../Core/Src/main.c:269:8: error: request for member 'Init' in something not a structure or union
  269 |   hadc1.Init.NbrOfConversion = 1;
      |        ^
../Core/Src/main.c:270:8: error: request for member 'Init' in something not a structure or union
  270 |   hadc1.Init.DMAContinuousRequests = DISABLE;
      |        ^
../Core/Src/main.c:271:8: error: request for member 'Init' in something not a structure or union
  271 |   hadc1.Init.EOCSelection = ADC_EOC_SINGLE_CONV;
      |        ^
../Core/Src/main.c:271:29: error: 'ADC_EOC_SINGLE_CONV' undeclared (first use in this function); did you mean 'EOC_SINGLE_CONV'?
  271 |   hadc1.Init.EOCSelection = ADC_EOC_SINGLE_CONV;
      |                             ^~~~~~~~~~~~~~~~~~~
      |                             EOC_SINGLE_CONV
../Core/Src/main.c:272:7: warning: implicit declaration of function 'HAL_ADC_Init'; did you mean 'HAL_DeInit'? [-Wimplicit-function-declaration]
  272 |   if (HAL_ADC_Init(&hadc1) != HAL_OK)
      |       ^~~~~~~~~~~~
      |       HAL_DeInit
../Core/Src/main.c:279:10: error: request for member 'Channel' in something not a structure or union
  279 |   sConfig.Channel = ADC_CHANNEL_1;
      |          ^
../Core/Src/main.c:279:21: error: 'ADC_CHANNEL_1' undeclared (first use in this function); did you mean 'DAC2_CHANNEL_1'?
  279 |   sConfig.Channel = ADC_CHANNEL_1;
      |                     ^~~~~~~~~~~~~
      |                     DAC2_CHANNEL_1
../Core/Src/main.c:280:10: error: request for member 'Rank' in something not a structure or union
  280 |   sConfig.Rank = 1;
      |          ^
../Core/Src/main.c:281:10: error: request for member 'SamplingTime' in something not a structure or union
  281 |   sConfig.SamplingTime = ADC_SAMPLETIME_3CYCLES;
      |          ^
../Core/Src/main.c:281:26: error: 'ADC_SAMPLETIME_3CYCLES' undeclared (first use in this function); did you mean 'ADC_SAMPLETIME_2CYCLE_5'?
  281 |   sConfig.SamplingTime = ADC_SAMPLETIME_3CYCLES;
      |                          ^~~~~~~~~~~~~~~~~~~~~~
      |                          ADC_SAMPLETIME_2CYCLE_5
../Core/Src/main.c:282:7: warning: implicit declaration of function 'HAL_ADC_ConfigChannel' [-Wimplicit-function-declaration]
  282 |   if (HAL_ADC_ConfigChannel(&hadc1, &sConfig) != HAL_OK)
      |       ^~~~~~~~~~~~~~~~~~~~~
make: *** [Core/Src/subdir.mk:34: Core/Src/main.o] Error 1
"make -j12 all" terminated with exit code 2. Build might be incomplete.
